[2023.10.23 10:13:31 - info ] [parser1] Parser module E:/wondertrader/src/WtRunner/parsers/ParserUDP.dll loaded
[2023.10.23 10:14:10 - info ] [parser1] Parser initialzied, check_time: false
[2023.10.23 10:22:46 - info ] [parser1] Parser module E:/wondertrader/src/WtRunner/parsers/ParserUDP.dll loaded
[2023.10.23 10:22:48 - info ] [parser1] Parser initialzied, check_time: false
[2023.10.23 10:58:03 - info ] [parser1] Parser module E:/wondertrader/src/WtRunner/parsers/ParserUDP.dll loaded
[2023.10.23 10:58:05 - info ] [parser1] Parser initialzied, check_time: false
[2023.10.23 10:59:19 - info ] [parser1] Parser module E:/wondertrader/src/WtRunner/parsers/ParserUDP.dll loaded
[2023.10.23 10:59:20 - info ] [parser1] Parser initialzied, check_time: false
[2023.10.23 11:01:16 - info ] [ParserUDP] Ticks subscribing sent
[2023.10.23 11:01:17 - error] [ParserUDP] Error occured while receiving: 由于目标计算机积极拒绝，无法连接。(10061)
[2023.10.23 11:01:22 - info ] [parser1] Parser module E:/wondertrader/src/WtRunner/parsers/ParserUDP.dll loaded
[2023.10.23 11:01:24 - info ] [parser1] Parser initialzied, check_time: false
[2023.10.23 11:01:32 - info ] [ParserUDP] Ticks subscribing sent
[2023.10.23 11:01:32 - error] [ParserUDP] Error occured while receiving: 由于目标计算机积极拒绝，无法连接。(10061)
[2023.10.23 11:46:57 - info ] [ParserUDP] Ticks subscribing sent
[2023.10.23 11:47:18 - error] [ParserUDP] Error occured while receiving: 由于线程退出或应用程序请求，已中止 I/O 操作。(995)
[2023.10.23 11:47:28 - info ] [parser1] Parser module E:/wondertrader/src/WtRunner/parsers/ParserUDP.dll loaded
[2023.10.23 11:47:32 - info ] [parser1] Parser initialzied, check_time: false
[2023.10.23 11:48:05 - info ] [parser1] Parser module E:/wondertrader/src/WtRunner/parsers/ParserUDP.dll loaded
[2023.10.23 11:48:11 - info ] [parser1] Parser initialzied, check_time: false
[2023.10.23 11:48:30 - info ] [parser1] Parser module E:/wondertrader/src/WtRunner/parsers/ParserUDP.dll loaded
[2023.10.23 11:48:30 - info ] [parser1] Parser initialzied, check_time: false
[2023.10.23 11:48:37 - info ] [ParserUDP] Ticks subscribing sent
[2023.10.23 11:48:49 - info ] [parser1] Parser module E:/wondertrader/src/WtRunner/parsers/ParserUDP.dll loaded
[2023.10.23 11:48:49 - info ] [parser1] Parser initialzied, check_time: false
[2023.10.23 11:49:13 - info ] [ParserUDP] Ticks subscribing sent
[2023.10.23 11:49:16 - error] [ParserUDP] Error occured while receiving: 由于目标计算机积极拒绝，无法连接。(10061)
