[2023.10.27 11:22:50 - info ] [tts24] Parser module E:/wondertrader/src/WtRunner/parsers/ParserCTP.dll loaded
[2023.10.27 11:22:50 - info ] [tts24] Parser initialzied, check_time: false
[2023.10.27 11:23:00 - warning] [tts24] Risk control rule of trading channel not activated
[2023.10.27 11:23:01 - info ] [tts24] Trader module E:/wondertrader/src/WtRunner/traders/TraderCTP.dll loaded
[2023.10.27 11:30:08 - info ] [tts24] Parser module E:/wondertrader/src/WtRunner/parsers/ParserCTP.dll loaded
[2023.10.27 11:30:08 - info ] [tts24] Parser initialzied, check_time: false
[2023.10.27 11:30:09 - warning] [tts24] Risk control rule of trading channel not activated
[2023.10.27 11:30:10 - info ] [tts24] Trader module E:/wondertrader/src/WtRunner/traders/TraderCTP.dll loaded
[2023.10.27 11:31:14 - info ] registerFront: tcp://122.51.136.165:20002
[2023.10.27 11:35:54 - info ] [tts24] Parser module E:/wondertrader/src/WtRunner/parsers/ParserCTP.dll loaded
[2023.10.27 11:35:54 - info ] [tts24] Parser initialzied, check_time: false
[2023.10.27 11:35:55 - warning] [tts24] Risk control rule of trading channel not activated
[2023.10.27 11:35:56 - info ] [tts24] Trader module E:/wondertrader/src/WtRunner/traders/TraderCTP.dll loaded
[2023.10.27 11:36:26 - info ] registerFront: tcp://122.51.136.165:20002
[2023.10.27 13:02:35 - info ] [tts24] Parser module E:/wondertrader/src/WtRunner/parsers/ParserCTP.dll loaded
[2023.10.27 13:02:35 - info ] [tts24] Parser initialzied, check_time: false
[2023.10.27 13:02:36 - warning] [tts24] Risk control rule of trading channel not activated
[2023.10.27 13:02:36 - info ] [tts24] Trader module E:/wondertrader/src/WtRunner/traders/TraderCTP.dll loaded
[2023.10.27 13:03:06 - info ] registerFront: tcp://122.51.136.165:20002
[2023.10.27 13:09:24 - info ] [tts24] Parser module E:/wondertrader/src/WtRunner/parsers/ParserCTP.dll loaded
[2023.10.27 13:09:24 - info ] [tts24] Parser initialzied, check_time: false
[2023.10.27 13:09:28 - warning] [tts24] Risk control rule of trading channel not activated
[2023.10.27 13:09:50 - info ] [tts24] Trader module E:/wondertrader/src/WtRunner/traders/TraderCTP.dll loaded
[2023.10.27 13:27:09 - info ] [tts24] Parser module E:/wondertrader/src/WtRunner/parsers/ParserCTP.dll loaded
[2023.10.27 13:27:09 - info ] [tts24] Parser initialzied, check_time: false
[2023.10.27 13:27:09 - warning] [tts24] Risk control rule of trading channel not activated
[2023.10.27 13:27:10 - info ] [tts24] Trader module E:/wondertrader/src/WtRunner/traders/TraderCTP.dll loaded
[2023.10.27 13:27:36 - info ] registerFront: tcp://122.51.136.165:20002
[2023.10.27 13:31:04 - info ] [tts24] Parser module E:/wondertrader/src/WtRunner/parsers/ParserCTP.dll loaded
[2023.10.27 13:31:04 - info ] [tts24] Parser initialzied, check_time: false
[2023.10.27 13:31:04 - warning] [tts24] Risk control rule of trading channel not activated
[2023.10.27 13:31:05 - info ] [tts24] Trader module E:/wondertrader/src/WtRunner/traders/TraderCTP.dll loaded
[2023.10.27 13:32:04 - info ] registerFront: tcp://122.51.136.165:20002
[2023.10.27 13:42:23 - info ] [tts24] Parser module E:/wondertrader/src/WtRunner/parsers/ParserCTP.dll loaded
[2023.10.27 13:42:23 - info ] [tts24] Parser initialzied, check_time: false
[2023.10.27 13:42:23 - warning] [tts24] Risk control rule of trading channel not activated
[2023.10.27 13:42:24 - info ] [tts24] Trader module E:/wondertrader/src/WtRunner/traders/TraderCTP.dll loaded
[2023.10.27 13:42:50 - info ] registerFront: tcp://122.51.136.165:20002
[2023.10.27 13:44:43 - info ] [tts24] Parser module E:/wondertrader/src/WtRunner/parsers/ParserCTP.dll loaded
[2023.10.27 13:44:43 - info ] [tts24] Parser initialzied, check_time: false
[2023.10.27 13:44:43 - warning] [tts24] Risk control rule of trading channel not activated
[2023.10.27 13:44:44 - info ] [tts24] Trader module E:/wondertrader/src/WtRunner/traders/TraderCTP.dll loaded
[2023.10.27 13:45:29 - info ] [tts24] Parser module E:/wondertrader/src/WtRunner/parsers/ParserCTP.dll loaded
[2023.10.27 13:45:29 - info ] [tts24] Parser initialzied, check_time: false
[2023.10.27 13:45:29 - warning] [tts24] Risk control rule of trading channel not activated
[2023.10.27 13:45:29 - info ] [tts24] Trader module E:/wondertrader/src/WtRunner/traders/TraderCTP.dll loaded
[2023.10.27 13:45:54 - info ] registerFront: tcp://122.51.136.165:20002
[2023.10.27 13:46:49 - info ] [tts24] Parser module E:/wondertrader/src/WtRunner/parsers/ParserCTP.dll loaded
[2023.10.27 13:46:49 - info ] [tts24] Parser initialzied, check_time: false
[2023.10.27 13:46:49 - warning] [tts24] Risk control rule of trading channel not activated
[2023.10.27 13:46:50 - info ] [tts24] Trader module E:/wondertrader/src/WtRunner/traders/TraderCTP.dll loaded
[2023.10.27 13:47:04 - info ] registerFront: tcp://122.51.136.165:20002
[2023.10.27 14:09:11 - info ] [tts24] Parser module E:/wondertrader/src/WtRunner/parsers/ParserCTP.dll loaded
[2023.10.27 14:09:11 - info ] [tts24] Parser initialzied, check_time: false
[2023.10.27 14:09:11 - warning] [tts24] Risk control rule of trading channel not activated
[2023.10.27 14:09:12 - info ] [tts24] Trader module E:/wondertrader/src/WtRunner/traders/TraderCTP.dll loaded
[2023.10.27 14:09:53 - info ] registerFront: tcp://122.51.136.165:20002
[2023.10.27 14:13:01 - info ] [tts24] Parser module E:/wondertrader/src/WtRunner/parsers/ParserCTP.dll loaded
[2023.10.27 14:13:01 - info ] [tts24] Parser initialzied, check_time: false
[2023.10.27 14:13:01 - warning] [tts24] Risk control rule of trading channel not activated
[2023.10.27 14:13:04 - info ] [tts24] Trader module E:/wondertrader/src/WtRunner/traders/TraderCTP.dll loaded
