[2023.10.25 14:11:48 - info ] [tts24] Parser module E:/wondertrader/src/WtRunner/parsers/ParserCTP.dll loaded
[2023.10.25 14:13:40 - info ] [tts24] Parser module E:/wondertrader/src/WtRunner/parsers/ParserCTP.dll loaded
[2023.10.25 14:13:44 - info ] [tts24] Parser initialzied, check_time: false
[2023.10.25 14:23:36 - info ] [tts24] Parser module E:/wondertrader/src/WtRunner/parsers/ParserCTP.dll loaded
[2023.10.25 14:23:36 - info ] [tts24] Parser initialzied, check_time: false
[2023.10.25 14:23:36 - warning] [tts24] Risk control rule of trading channel not activated
[2023.10.25 14:23:36 - info ] [tts24] Trader module E:/wondertrader/src/WtRunner/traders/TraderCTP.dll loaded
[2023.10.25 15:19:54 - info ] [tts24] Parser module E:/wondertrader/src/WtRunner/parsers/ParserCTP.dll loaded
[2023.10.25 15:19:54 - info ] [tts24] Parser initialzied, check_time: false
[2023.10.25 15:19:54 - warning] [tts24] Risk control rule of trading channel not activated
[2023.10.25 15:19:54 - info ] [tts24] Trader module E:/wondertrader/src/WtRunner/traders/TraderCTP.dll loaded
[2023.10.25 15:44:13 - info ] [tts24] Parser module E:/wondertrader/src/WtRunner/parsers/ParserCTP.dll loaded
[2023.10.25 15:44:13 - info ] [tts24] Parser initialzied, check_time: false
[2023.10.25 15:44:13 - warning] [tts24] Risk control rule of trading channel not activated
[2023.10.25 15:44:13 - info ] [tts24] Trader module E:/wondertrader/src/WtRunner/traders/TraderCTP.dll loaded
[2023.10.25 16:15:53 - info ] [tts24] Parser module E:/wondertrader/src/WtRunner/parsers/ParserCTP.dll loaded
[2023.10.25 16:15:53 - info ] [tts24] Parser initialzied, check_time: false
[2023.10.25 16:15:53 - warning] [tts24] Risk control rule of trading channel not activated
[2023.10.25 16:15:53 - info ] [tts24] Trader module E:/wondertrader/src/WtRunner/traders/TraderCTP.dll loaded
[2023.10.25 16:20:29 - info ] [tts24] Parser module E:/wondertrader/src/WtRunner/parsers/ParserCTP.dll loaded
[2023.10.25 16:20:29 - info ] [tts24] Parser initialzied, check_time: false
[2023.10.25 16:20:29 - warning] [tts24] Risk control rule of trading channel not activated
[2023.10.25 16:20:29 - info ] [tts24] Trader module E:/wondertrader/src/WtRunner/traders/TraderCTP.dll loaded
[2023.10.25 16:22:13 - info ] [tts24] Parser module E:/wondertrader/src/WtRunner/parsers/ParserCTP.dll loaded
[2023.10.25 16:22:13 - info ] [tts24] Parser initialzied, check_time: false
[2023.10.25 16:22:13 - warning] [tts24] Risk control rule of trading channel not activated
[2023.10.25 16:22:13 - info ] [tts24] Trader module E:/wondertrader/src/WtRunner/traders/TraderCTP.dll loaded
[2023.10.25 16:26:15 - info ] [tts24] Parser module E:/wondertrader/src/WtRunner/parsers/ParserCTP.dll loaded
[2023.10.25 16:26:15 - info ] [tts24] Parser initialzied, check_time: false
[2023.10.25 16:26:15 - warning] [tts24] Risk control rule of trading channel not activated
[2023.10.25 16:26:15 - info ] [tts24] Trader module E:/wondertrader/src/WtRunner/traders/TraderCTP.dll loaded
[2023.10.25 16:33:08 - info ] [tts24] Parser module E:/wondertrader/src/WtRunner/parsers/ParserCTP.dll loaded
[2023.10.25 16:33:08 - info ] [tts24] Parser initialzied, check_time: false
[2023.10.25 16:33:08 - warning] [tts24] Risk control rule of trading channel not activated
[2023.10.25 16:33:08 - info ] [tts24] Trader module E:/wondertrader/src/WtRunner/traders/TraderCTP.dll loaded
[2023.10.25 17:05:30 - info ] [tts24] Parser module E:/wondertrader/src/WtRunner/parsers/ParserCTP.dll loaded
[2023.10.25 17:05:30 - info ] [tts24] Parser initialzied, check_time: false
[2023.10.25 17:05:30 - warning] [tts24] Risk control rule of trading channel not activated
[2023.10.25 17:05:31 - info ] [tts24] Trader module E:/wondertrader/src/WtRunner/traders/TraderCTP.dll loaded
[2023.10.25 17:07:58 - info ] [tts24] Parser module E:/wondertrader/src/WtRunner/parsers/ParserCTP.dll loaded
[2023.10.25 17:07:58 - info ] [tts24] Parser initialzied, check_time: false
[2023.10.25 17:07:58 - warning] [tts24] Risk control rule of trading channel not activated
[2023.10.25 17:07:59 - info ] [tts24] Trader module E:/wondertrader/src/WtRunner/traders/TraderCTP.dll loaded
[2023.10.25 17:08:02 - info ] registerFront: tcp://122.51.136.165:20002
[2023.10.25 17:08:33 - info ] [tts24] Parser module E:/wondertrader/src/WtRunner/parsers/ParserCTP.dll loaded
[2023.10.25 17:08:33 - info ] [tts24] Parser initialzied, check_time: false
[2023.10.25 17:08:33 - warning] [tts24] Risk control rule of trading channel not activated
[2023.10.25 17:08:33 - info ] [tts24] Trader module E:/wondertrader/src/WtRunner/traders/TraderCTP.dll loaded
[2023.10.25 17:08:40 - info ] registerFront: tcp://122.51.136.165:20002
