[2023.10.30 13:45:54 - info ] [tts24] Parser module E:/wondertrader/src/WtRunner/parsers/ParserCTP.dll loaded
[2023.10.30 13:45:55 - info ] [tts24] Parser initialzied, check_time: false
[2023.10.30 13:45:55 - warning] [tts24] Risk control rule of trading channel not activated
[2023.10.30 13:45:56 - info ] [tts24] Trader module E:/wondertrader/src/WtRunner/traders/TraderCTP.dll loaded
[2023.10.30 13:47:20 - info ] registerFront: tcp://122.51.136.165:20002
[2023.10.30 14:27:31 - info ] [tts24] Parser module E:/wondertrader/src/WtRunner/parsers/ParserCTP.dll loaded
[2023.10.30 14:27:31 - info ] [tts24] Parser initialzied, check_time: false
[2023.10.30 14:27:31 - warning] [tts24] Risk control rule of trading channel not activated
[2023.10.30 14:27:31 - info ] [tts24] Trader module E:/wondertrader/src/WtRunner/traders/TraderCTP.dll loaded
[2023.10.30 14:54:50 - info ] [tts24] Parser module E:/wondertrader/src/WtRunner/parsers/ParserCTP.dll loaded
[2023.10.30 14:54:50 - info ] [tts24] Parser initialzied, check_time: false
[2023.10.30 14:54:50 - warning] [tts24] Risk control rule of trading channel not activated
[2023.10.30 14:54:50 - info ] [tts24] Trader module E:/wondertrader/src/WtRunner/traders/TraderCTP.dll loaded
[2023.10.30 14:55:51 - info ] registerFront: tcp://180.168.146.187:10201
[2023.10.30 14:57:04 - error] [tts24] Trading channel disconnected: 0
[2023.10.30 15:40:10 - info ] [tts24] Parser module E:/wondertrader/src/WtRunner/parsers/ParserCTP.dll loaded
[2023.10.30 15:40:10 - info ] [tts24] Parser initialzied, check_time: false
[2023.10.30 15:40:10 - warning] [tts24] Risk control rule of trading channel not activated
[2023.10.30 15:40:10 - info ] [tts24] Trader module E:/wondertrader/src/WtRunner/traders/TraderCTP.dll loaded
[2023.10.30 15:40:19 - info ] registerFront: tcp://122.51.136.165:20002
[2023.10.30 15:41:08 - info ] [tts24] Parser module E:/wondertrader/src/WtRunner/parsers/ParserCTP.dll loaded
[2023.10.30 15:41:08 - info ] [tts24] Parser initialzied, check_time: false
[2023.10.30 15:41:08 - warning] [tts24] Risk control rule of trading channel not activated
[2023.10.30 15:41:09 - info ] [tts24] Trader module E:/wondertrader/src/WtRunner/traders/TraderCTP.dll loaded
[2023.10.30 15:49:43 - info ] registerFront: tcp://122.51.136.165:20002
[2023.10.30 15:57:58 - info ] [tts24] Parser module E:/wondertrader/src/WtRunner/parsers/ParserCTP.dll loaded
[2023.10.30 15:57:58 - info ] [tts24] Parser initialzied, check_time: false
[2023.10.30 15:57:58 - warning] [tts24] Risk control rule of trading channel not activated
[2023.10.30 15:57:58 - info ] [tts24] Trader module E:/wondertrader/src/WtRunner/traders/TraderCTP.dll loaded
[2023.10.30 16:00:59 - info ] registerFront: tcp://122.51.136.165:20002
[2023.10.30 16:03:48 - info ] [tts24] Parser module E:/wondertrader/src/WtRunner/parsers/ParserCTP.dll loaded
[2023.10.30 16:03:48 - info ] [tts24] Parser initialzied, check_time: false
[2023.10.30 16:03:48 - warning] [tts24] Risk control rule of trading channel not activated
[2023.10.30 16:03:48 - info ] [tts24] Trader module E:/wondertrader/src/WtRunner/traders/TraderCTP.dll loaded
[2023.10.30 16:03:54 - info ] registerFront: tcp://122.51.136.165:20002
[2023.10.30 16:09:12 - info ] [tts24] Parser module E:/wondertrader/src/WtRunner/parsers/ParserCTP.dll loaded
[2023.10.30 16:09:12 - info ] [tts24] Parser initialzied, check_time: false
[2023.10.30 16:09:12 - warning] [tts24] Risk control rule of trading channel not activated
[2023.10.30 16:09:12 - info ] [tts24] Trader module E:/wondertrader/src/WtRunner/traders/TraderCTP.dll loaded
[2023.10.30 16:09:57 - info ] [tts24] Parser module E:/wondertrader/src/WtRunner/parsers/ParserCTP.dll loaded
[2023.10.30 16:09:57 - info ] [tts24] Parser initialzied, check_time: false
[2023.10.30 16:09:57 - warning] [tts24] Risk control rule of trading channel not activated
[2023.10.30 16:09:57 - info ] [tts24] Trader module E:/wondertrader/src/WtRunner/traders/TraderCTP.dll loaded
[2023.10.30 16:12:03 - info ] registerFront: tcp://122.51.136.165:20002
[2023.10.30 16:36:38 - info ] [tts24] Parser module E:/wondertrader/src/WtRunner/parsers/ParserCTP.dll loaded
[2023.10.30 16:36:38 - info ] [tts24] Parser initialzied, check_time: false
[2023.10.30 16:36:38 - warning] [tts24] Risk control rule of trading channel not activated
[2023.10.30 16:36:38 - info ] [tts24] Trader module E:/wondertrader/src/WtRunner/traders/TraderCTP.dll loaded
[2023.10.30 16:54:53 - info ] [tts24] Parser module E:/wondertrader/src/WtRunner/parsers/ParserCTP.dll loaded
[2023.10.30 16:54:53 - info ] [tts24] Parser initialzied, check_time: false
[2023.10.30 16:54:53 - warning] [tts24] Risk control rule of trading channel not activated
[2023.10.30 16:54:53 - info ] [tts24] Trader module E:/wondertrader/src/WtRunner/traders/TraderCTP.dll loaded
[2023.10.30 17:04:51 - info ] [tts24] Parser module E:/wondertrader/src/WtRunner/parsers/ParserCTP.dll loaded
[2023.10.30 17:04:51 - info ] [tts24] Parser initialzied, check_time: false
[2023.10.30 17:04:51 - warning] [tts24] Risk control rule of trading channel not activated
[2023.10.30 17:04:51 - info ] [tts24] Trader module E:/wondertrader/src/WtRunner/traders/TraderCTP.dll loaded
[2023.10.30 17:04:57 - info ] registerFront: tcp://122.51.136.165:20002
[2023.10.30 17:48:18 - info ] [tts24] Parser module E:/wondertrader/src/WtRunner/parsers/ParserCTP.dll loaded
[2023.10.30 17:48:18 - info ] [tts24] Parser initialzied, check_time: false
[2023.10.30 17:48:18 - warning] [tts24] Risk control rule of trading channel not activated
[2023.10.30 17:48:18 - info ] [tts24] Trader module E:/wondertrader/src/WtRunner/traders/TraderCTP.dll loaded
[2023.10.30 17:48:33 - info ] registerFront: tcp://122.51.136.165:20002
[2023.10.30 17:51:53 - info ] [tts24] Parser module E:/wondertrader/src/WtRunner/parsers/ParserCTP.dll loaded
[2023.10.30 17:51:53 - info ] [tts24] Parser initialzied, check_time: false
[2023.10.30 17:51:53 - warning] [tts24] Risk control rule of trading channel not activated
[2023.10.30 17:51:53 - info ] [tts24] Trader module E:/wondertrader/src/WtRunner/traders/TraderCTP.dll loaded
[2023.10.30 17:52:01 - info ] registerFront: tcp://122.51.136.165:20002
[2023.10.30 17:55:24 - info ] [tts24] Parser module E:/wondertrader/src/WtRunner/parsers/ParserCTP.dll loaded
[2023.10.30 17:55:24 - info ] [tts24] Parser initialzied, check_time: false
[2023.10.30 17:55:24 - warning] [tts24] Risk control rule of trading channel not activated
[2023.10.30 17:55:24 - info ] [tts24] Trader module E:/wondertrader/src/WtRunner/traders/TraderCTP.dll loaded
[2023.10.30 17:55:38 - info ] registerFront: tcp://122.51.136.165:20002
