[2023.10.25 10:01:48 - warning] No session configured for INE.ec
[2023.10.25 10:01:48 - warning] No session configured for SHFE.ao
[2023.10.25 10:01:48 - info ] Commodities configuration file ./common/commodities.json loaded
[2023.10.25 10:01:48 - warning] Commodity INE.ec not found, contract ec2404 skipped
[2023.10.25 10:01:48 - warning] Commodity INE.ec not found, contract ec2408 skipped
[2023.10.25 10:01:48 - warning] Commodity INE.ec not found, contract ec2410 skipped
[2023.10.25 10:01:48 - warning] Commodity INE.ec not found, contract ec2412 skipped
[2023.10.25 10:01:48 - warning] Commodity INE.ec not found, contract ec2406 skipped
[2023.10.25 10:01:48 - warning] Commodity SHFE.ao not found, contract ao2404 skipped
[2023.10.25 10:01:48 - warning] Commodity SHFE.ao not found, contract ao2311 skipped
[2023.10.25 10:01:48 - warning] Commodity SHFE.ao not found, contract ao2402 skipped
[2023.10.25 10:01:48 - warning] Commodity SHFE.ao not found, contract ao2405 skipped
[2023.10.25 10:01:48 - warning] Commodity SHFE.ao not found, contract ao2403 skipped
[2023.10.25 10:01:48 - warning] Commodity SHFE.ao not found, contract ao2401 skipped
[2023.10.25 10:01:48 - warning] Commodity SHFE.ao not found, contract ao2408 skipped
[2023.10.25 10:01:48 - warning] Commodity SHFE.ao not found, contract ao2312 skipped
[2023.10.25 10:01:48 - warning] Commodity SHFE.ao not found, contract ao2406 skipped
[2023.10.25 10:01:48 - warning] Commodity SHFE.ao not found, contract ao2407 skipped
[2023.10.25 10:01:48 - info ] Contracts configuration file ./common/contracts.json loaded, 6 exchanges
[2023.10.25 10:01:48 - info ] Trading enviroment initialzied with engine: HFT
[2023.10.25 10:01:48 - info ] Running mode: Production
[2023.10.25 10:01:48 - info ] 44 fee templates loaded
[2023.10.25 10:01:48 - warning] RiskMon is not configured, portfilio fund will be updated every 5s
[2023.10.25 10:01:48 - info ] Resampled bars will be aligned by section:  not
[2023.10.25 10:01:48 - debug] Storage initialized @ /
[2023.10.25 10:01:48 - info ] No adjusting factor file configured, loading skipped
[2023.10.25 10:01:48 - info ] Data manager initialized
[2023.10.25 10:01:48 - info ] Reading parser config from tdparsers.yaml...
[2023.10.25 10:01:48 - info ] 0 parsers loaded
[2023.10.25 10:01:48 - info ] Reading trader config from tdtraders.yaml...
[2023.10.25 10:02:01 - info ] 0 traders loaded
[2023.10.25 10:02:05 - info ] HFT strategy factory[WtHftStraFact] loaded
[2023.10.25 10:02:05 - info ] 1 HFT strategy factories in directory[E:/wondertrader/src/WtRunner/hft/] loaded
[2023.10.25 10:02:05 - error] Trader simnow not exists, binding trader to HFT strategy failed
[2023.10.25 10:02:13 - info ] 0 parsers started
[2023.10.25 10:02:16 - info ] 0 trading channels started
[2023.10.25 10:02:16 - debug] His min1 bars of CFFEX.IF.HOT loaded, 0 from history, 0 from realtime
[2023.10.25 10:02:16 - info ] Market Data subscribed: CFFEX.IF.HOT
[2023.10.25 10:02:16 - info ] 回调策略on_init
[2023.10.25 10:02:16 - info ] Trading day 20231025 begun
[2023.10.25 10:06:32 - warning] No session configured for INE.ec
[2023.10.25 10:06:32 - warning] No session configured for SHFE.ao
[2023.10.25 10:06:32 - info ] Commodities configuration file ./common/commodities.json loaded
[2023.10.25 10:06:32 - warning] Commodity INE.ec not found, contract ec2404 skipped
[2023.10.25 10:06:32 - warning] Commodity INE.ec not found, contract ec2408 skipped
[2023.10.25 10:06:32 - warning] Commodity INE.ec not found, contract ec2410 skipped
[2023.10.25 10:06:32 - warning] Commodity INE.ec not found, contract ec2412 skipped
[2023.10.25 10:06:32 - warning] Commodity INE.ec not found, contract ec2406 skipped
[2023.10.25 10:06:32 - warning] Commodity SHFE.ao not found, contract ao2404 skipped
[2023.10.25 10:06:32 - warning] Commodity SHFE.ao not found, contract ao2311 skipped
[2023.10.25 10:06:32 - warning] Commodity SHFE.ao not found, contract ao2402 skipped
[2023.10.25 10:06:32 - warning] Commodity SHFE.ao not found, contract ao2405 skipped
[2023.10.25 10:06:32 - warning] Commodity SHFE.ao not found, contract ao2403 skipped
[2023.10.25 10:06:32 - warning] Commodity SHFE.ao not found, contract ao2401 skipped
[2023.10.25 10:06:32 - warning] Commodity SHFE.ao not found, contract ao2408 skipped
[2023.10.25 10:06:32 - warning] Commodity SHFE.ao not found, contract ao2312 skipped
[2023.10.25 10:06:32 - warning] Commodity SHFE.ao not found, contract ao2406 skipped
[2023.10.25 10:06:32 - warning] Commodity SHFE.ao not found, contract ao2407 skipped
[2023.10.25 10:06:32 - info ] Contracts configuration file ./common/contracts.json loaded, 6 exchanges
[2023.10.25 10:06:32 - info ] Trading enviroment initialzied with engine: HFT
[2023.10.25 10:06:32 - info ] Running mode: Production
[2023.10.25 10:06:32 - info ] 44 fee templates loaded
[2023.10.25 10:06:32 - warning] RiskMon is not configured, portfilio fund will be updated every 5s
[2023.10.25 10:06:32 - info ] Resampled bars will be aligned by section:  not
[2023.10.25 10:06:32 - debug] Storage initialized @ /
[2023.10.25 10:06:32 - info ] No adjusting factor file configured, loading skipped
[2023.10.25 10:06:32 - info ] Data manager initialized
[2023.10.25 10:06:32 - info ] Reading parser config from tdparsers.yaml...
[2023.10.25 10:06:40 - info ] [parser] Parser module E:/wondertrader/src/WtRunner/parsers/ParserCTP.dll loaded
[2023.10.25 14:11:47 - warning] No session configured for INE.ec
[2023.10.25 14:11:47 - warning] No session configured for SHFE.ao
[2023.10.25 14:11:47 - info ] Commodities configuration file ./common/commodities.json loaded
[2023.10.25 14:11:47 - warning] Commodity INE.ec not found, contract ec2404 skipped
[2023.10.25 14:11:47 - warning] Commodity INE.ec not found, contract ec2408 skipped
[2023.10.25 14:11:47 - warning] Commodity INE.ec not found, contract ec2410 skipped
[2023.10.25 14:11:47 - warning] Commodity INE.ec not found, contract ec2412 skipped
[2023.10.25 14:11:47 - warning] Commodity INE.ec not found, contract ec2406 skipped
[2023.10.25 14:11:47 - warning] Commodity SHFE.ao not found, contract ao2404 skipped
[2023.10.25 14:11:47 - warning] Commodity SHFE.ao not found, contract ao2311 skipped
[2023.10.25 14:11:47 - warning] Commodity SHFE.ao not found, contract ao2402 skipped
[2023.10.25 14:11:47 - warning] Commodity SHFE.ao not found, contract ao2405 skipped
[2023.10.25 14:11:47 - warning] Commodity SHFE.ao not found, contract ao2403 skipped
[2023.10.25 14:11:47 - warning] Commodity SHFE.ao not found, contract ao2401 skipped
[2023.10.25 14:11:47 - warning] Commodity SHFE.ao not found, contract ao2408 skipped
[2023.10.25 14:11:47 - warning] Commodity SHFE.ao not found, contract ao2312 skipped
[2023.10.25 14:11:47 - warning] Commodity SHFE.ao not found, contract ao2406 skipped
[2023.10.25 14:11:47 - warning] Commodity SHFE.ao not found, contract ao2407 skipped
[2023.10.25 14:11:47 - info ] Contracts configuration file ./common/contracts.json loaded, 6 exchanges
[2023.10.25 14:11:48 - info ] Trading enviroment initialzied with engine: HFT
[2023.10.25 14:11:48 - info ] Running mode: Production
[2023.10.25 14:11:48 - info ] 44 fee templates loaded
[2023.10.25 14:11:48 - warning] RiskMon is not configured, portfilio fund will be updated every 5s
[2023.10.25 14:11:48 - info ] Resampled bars will be aligned by section:  not
[2023.10.25 14:11:48 - debug] Storage initialized @ /
[2023.10.25 14:11:48 - info ] No adjusting factor file configured, loading skipped
[2023.10.25 14:11:48 - info ] Data manager initialized
[2023.10.25 14:11:48 - info ] [tts24] Parser module E:/wondertrader/src/WtRunner/parsers/ParserCTP.dll loaded
[2023.10.25 14:13:39 - warning] No session configured for INE.ec
[2023.10.25 14:13:39 - warning] No session configured for SHFE.ao
[2023.10.25 14:13:39 - info ] Commodities configuration file ./common/commodities.json loaded
[2023.10.25 14:13:39 - warning] Commodity INE.ec not found, contract ec2404 skipped
[2023.10.25 14:13:39 - warning] Commodity INE.ec not found, contract ec2408 skipped
[2023.10.25 14:13:39 - warning] Commodity INE.ec not found, contract ec2410 skipped
[2023.10.25 14:13:39 - warning] Commodity INE.ec not found, contract ec2412 skipped
[2023.10.25 14:13:39 - warning] Commodity INE.ec not found, contract ec2406 skipped
[2023.10.25 14:13:39 - warning] Commodity SHFE.ao not found, contract ao2404 skipped
[2023.10.25 14:13:39 - warning] Commodity SHFE.ao not found, contract ao2311 skipped
[2023.10.25 14:13:39 - warning] Commodity SHFE.ao not found, contract ao2402 skipped
[2023.10.25 14:13:39 - warning] Commodity SHFE.ao not found, contract ao2405 skipped
[2023.10.25 14:13:39 - warning] Commodity SHFE.ao not found, contract ao2403 skipped
[2023.10.25 14:13:39 - warning] Commodity SHFE.ao not found, contract ao2401 skipped
[2023.10.25 14:13:39 - warning] Commodity SHFE.ao not found, contract ao2408 skipped
[2023.10.25 14:13:39 - warning] Commodity SHFE.ao not found, contract ao2312 skipped
[2023.10.25 14:13:39 - warning] Commodity SHFE.ao not found, contract ao2406 skipped
[2023.10.25 14:13:39 - warning] Commodity SHFE.ao not found, contract ao2407 skipped
[2023.10.25 14:13:39 - info ] Contracts configuration file ./common/contracts.json loaded, 6 exchanges
[2023.10.25 14:13:40 - info ] Trading enviroment initialzied with engine: HFT
[2023.10.25 14:13:40 - info ] Running mode: Production
[2023.10.25 14:13:40 - info ] 44 fee templates loaded
[2023.10.25 14:13:40 - warning] RiskMon is not configured, portfilio fund will be updated every 5s
[2023.10.25 14:13:40 - info ] Resampled bars will be aligned by section:  not
[2023.10.25 14:13:40 - debug] Storage initialized @ /
[2023.10.25 14:13:40 - info ] No adjusting factor file configured, loading skipped
[2023.10.25 14:13:40 - info ] Data manager initialized
[2023.10.25 14:13:40 - info ] [tts24] Parser module E:/wondertrader/src/WtRunner/parsers/ParserCTP.dll loaded
[2023.10.25 14:13:44 - info ] [tts24] Parser initialzied, check_time: false
[2023.10.25 14:13:44 - info ] 1 parsers loaded
[2023.10.25 14:23:35 - warning] No session configured for INE.ec
[2023.10.25 14:23:35 - warning] No session configured for SHFE.ao
[2023.10.25 14:23:35 - info ] Commodities configuration file ./common/commodities.json loaded
[2023.10.25 14:23:35 - warning] Commodity INE.ec not found, contract ec2404 skipped
[2023.10.25 14:23:35 - warning] Commodity INE.ec not found, contract ec2408 skipped
[2023.10.25 14:23:35 - warning] Commodity INE.ec not found, contract ec2410 skipped
[2023.10.25 14:23:35 - warning] Commodity INE.ec not found, contract ec2412 skipped
[2023.10.25 14:23:35 - warning] Commodity INE.ec not found, contract ec2406 skipped
[2023.10.25 14:23:35 - warning] Commodity SHFE.ao not found, contract ao2404 skipped
[2023.10.25 14:23:35 - warning] Commodity SHFE.ao not found, contract ao2311 skipped
[2023.10.25 14:23:35 - warning] Commodity SHFE.ao not found, contract ao2402 skipped
[2023.10.25 14:23:35 - warning] Commodity SHFE.ao not found, contract ao2405 skipped
[2023.10.25 14:23:35 - warning] Commodity SHFE.ao not found, contract ao2403 skipped
[2023.10.25 14:23:35 - warning] Commodity SHFE.ao not found, contract ao2401 skipped
[2023.10.25 14:23:35 - warning] Commodity SHFE.ao not found, contract ao2408 skipped
[2023.10.25 14:23:35 - warning] Commodity SHFE.ao not found, contract ao2312 skipped
[2023.10.25 14:23:35 - warning] Commodity SHFE.ao not found, contract ao2406 skipped
[2023.10.25 14:23:35 - warning] Commodity SHFE.ao not found, contract ao2407 skipped
[2023.10.25 14:23:35 - info ] Contracts configuration file ./common/contracts.json loaded, 6 exchanges
[2023.10.25 14:23:36 - info ] Trading enviroment initialzied with engine: HFT
[2023.10.25 14:23:36 - info ] Running mode: Production
[2023.10.25 14:23:36 - info ] 44 fee templates loaded
[2023.10.25 14:23:36 - warning] RiskMon is not configured, portfilio fund will be updated every 5s
[2023.10.25 14:23:36 - info ] Resampled bars will be aligned by section:  not
[2023.10.25 14:23:36 - debug] Storage initialized @ /
[2023.10.25 14:23:36 - info ] No adjusting factor file configured, loading skipped
[2023.10.25 14:23:36 - info ] Data manager initialized
[2023.10.25 14:23:36 - info ] [tts24] Parser module E:/wondertrader/src/WtRunner/parsers/ParserCTP.dll loaded
[2023.10.25 14:23:36 - info ] [tts24] Parser initialzied, check_time: false
[2023.10.25 14:23:36 - info ] 1 parsers loaded
[2023.10.25 14:23:36 - warning] [tts24] Risk control rule of trading channel not activated
[2023.10.25 14:23:36 - info ] [tts24] Trader module E:/wondertrader/src/WtRunner/traders/TraderCTP.dll loaded
[2023.10.25 15:19:54 - warning] No session configured for INE.ec
[2023.10.25 15:19:54 - warning] No session configured for SHFE.ao
[2023.10.25 15:19:54 - info ] Commodities configuration file ./common/commodities.json loaded
[2023.10.25 15:19:54 - warning] Commodity INE.ec not found, contract ec2404 skipped
[2023.10.25 15:19:54 - warning] Commodity INE.ec not found, contract ec2408 skipped
[2023.10.25 15:19:54 - warning] Commodity INE.ec not found, contract ec2410 skipped
[2023.10.25 15:19:54 - warning] Commodity INE.ec not found, contract ec2412 skipped
[2023.10.25 15:19:54 - warning] Commodity INE.ec not found, contract ec2406 skipped
[2023.10.25 15:19:54 - warning] Commodity SHFE.ao not found, contract ao2404 skipped
[2023.10.25 15:19:54 - warning] Commodity SHFE.ao not found, contract ao2311 skipped
[2023.10.25 15:19:54 - warning] Commodity SHFE.ao not found, contract ao2402 skipped
[2023.10.25 15:19:54 - warning] Commodity SHFE.ao not found, contract ao2405 skipped
[2023.10.25 15:19:54 - warning] Commodity SHFE.ao not found, contract ao2403 skipped
[2023.10.25 15:19:54 - warning] Commodity SHFE.ao not found, contract ao2401 skipped
[2023.10.25 15:19:54 - warning] Commodity SHFE.ao not found, contract ao2408 skipped
[2023.10.25 15:19:54 - warning] Commodity SHFE.ao not found, contract ao2312 skipped
[2023.10.25 15:19:54 - warning] Commodity SHFE.ao not found, contract ao2406 skipped
[2023.10.25 15:19:54 - warning] Commodity SHFE.ao not found, contract ao2407 skipped
[2023.10.25 15:19:54 - info ] Contracts configuration file ./common/contracts.json loaded, 6 exchanges
[2023.10.25 15:19:54 - info ] Trading enviroment initialzied with engine: HFT
[2023.10.25 15:19:54 - info ] Running mode: Production
[2023.10.25 15:19:54 - info ] 44 fee templates loaded
[2023.10.25 15:19:54 - warning] RiskMon is not configured, portfilio fund will be updated every 5s
[2023.10.25 15:19:54 - info ] Resampled bars will be aligned by section:  not
[2023.10.25 15:19:54 - debug] Storage initialized @ /
[2023.10.25 15:19:54 - info ] No adjusting factor file configured, loading skipped
[2023.10.25 15:19:54 - info ] Data manager initialized
[2023.10.25 15:19:54 - info ] [tts24] Parser module E:/wondertrader/src/WtRunner/parsers/ParserCTP.dll loaded
[2023.10.25 15:19:54 - info ] [tts24] Parser initialzied, check_time: false
[2023.10.25 15:19:54 - info ] 1 parsers loaded
[2023.10.25 15:19:54 - warning] [tts24] Risk control rule of trading channel not activated
[2023.10.25 15:19:54 - info ] [tts24] Trader module E:/wondertrader/src/WtRunner/traders/TraderCTP.dll loaded
[2023.10.25 15:44:12 - warning] No session configured for INE.ec
[2023.10.25 15:44:12 - warning] No session configured for SHFE.ao
[2023.10.25 15:44:12 - info ] Commodities configuration file ./common/commodities.json loaded
[2023.10.25 15:44:12 - warning] Commodity INE.ec not found, contract ec2404 skipped
[2023.10.25 15:44:12 - warning] Commodity INE.ec not found, contract ec2408 skipped
[2023.10.25 15:44:12 - warning] Commodity INE.ec not found, contract ec2410 skipped
[2023.10.25 15:44:12 - warning] Commodity INE.ec not found, contract ec2412 skipped
[2023.10.25 15:44:12 - warning] Commodity INE.ec not found, contract ec2406 skipped
[2023.10.25 15:44:12 - warning] Commodity SHFE.ao not found, contract ao2404 skipped
[2023.10.25 15:44:12 - warning] Commodity SHFE.ao not found, contract ao2311 skipped
[2023.10.25 15:44:12 - warning] Commodity SHFE.ao not found, contract ao2402 skipped
[2023.10.25 15:44:12 - warning] Commodity SHFE.ao not found, contract ao2405 skipped
[2023.10.25 15:44:12 - warning] Commodity SHFE.ao not found, contract ao2403 skipped
[2023.10.25 15:44:12 - warning] Commodity SHFE.ao not found, contract ao2401 skipped
[2023.10.25 15:44:12 - warning] Commodity SHFE.ao not found, contract ao2408 skipped
[2023.10.25 15:44:12 - warning] Commodity SHFE.ao not found, contract ao2312 skipped
[2023.10.25 15:44:12 - warning] Commodity SHFE.ao not found, contract ao2406 skipped
[2023.10.25 15:44:12 - warning] Commodity SHFE.ao not found, contract ao2407 skipped
[2023.10.25 15:44:12 - info ] Contracts configuration file ./common/contracts.json loaded, 6 exchanges
[2023.10.25 15:44:13 - info ] Trading enviroment initialzied with engine: HFT
[2023.10.25 15:44:13 - info ] Running mode: Production
[2023.10.25 15:44:13 - info ] 44 fee templates loaded
[2023.10.25 15:44:13 - warning] RiskMon is not configured, portfilio fund will be updated every 5s
[2023.10.25 15:44:13 - info ] Resampled bars will be aligned by section:  not
[2023.10.25 15:44:13 - debug] Storage initialized @ /
[2023.10.25 15:44:13 - info ] No adjusting factor file configured, loading skipped
[2023.10.25 15:44:13 - info ] Data manager initialized
[2023.10.25 15:44:13 - info ] [tts24] Parser module E:/wondertrader/src/WtRunner/parsers/ParserCTP.dll loaded
[2023.10.25 15:44:13 - info ] [tts24] Parser initialzied, check_time: false
[2023.10.25 15:44:13 - info ] 1 parsers loaded
[2023.10.25 15:44:13 - warning] [tts24] Risk control rule of trading channel not activated
[2023.10.25 15:44:13 - info ] [tts24] Trader module E:/wondertrader/src/WtRunner/traders/TraderCTP.dll loaded
[2023.10.25 15:44:13 - info ] 1 traders loaded
[2023.10.25 15:44:13 - info ] HFT strategy factory[WtHftStraFact] loaded
[2023.10.25 15:44:13 - info ] 1 HFT strategy factories in directory[E:/wondertrader/src/WtRunner/hft/] loaded
[2023.10.25 16:15:53 - warning] No session configured for INE.ec
[2023.10.25 16:15:53 - warning] No session configured for SHFE.ao
[2023.10.25 16:15:53 - info ] Commodities configuration file ./common/commodities.json loaded
[2023.10.25 16:15:53 - warning] Commodity INE.ec not found, contract ec2404 skipped
[2023.10.25 16:15:53 - warning] Commodity INE.ec not found, contract ec2408 skipped
[2023.10.25 16:15:53 - warning] Commodity INE.ec not found, contract ec2410 skipped
[2023.10.25 16:15:53 - warning] Commodity INE.ec not found, contract ec2412 skipped
[2023.10.25 16:15:53 - warning] Commodity INE.ec not found, contract ec2406 skipped
[2023.10.25 16:15:53 - warning] Commodity SHFE.ao not found, contract ao2404 skipped
[2023.10.25 16:15:53 - warning] Commodity SHFE.ao not found, contract ao2311 skipped
[2023.10.25 16:15:53 - warning] Commodity SHFE.ao not found, contract ao2402 skipped
[2023.10.25 16:15:53 - warning] Commodity SHFE.ao not found, contract ao2405 skipped
[2023.10.25 16:15:53 - warning] Commodity SHFE.ao not found, contract ao2403 skipped
[2023.10.25 16:15:53 - warning] Commodity SHFE.ao not found, contract ao2401 skipped
[2023.10.25 16:15:53 - warning] Commodity SHFE.ao not found, contract ao2408 skipped
[2023.10.25 16:15:53 - warning] Commodity SHFE.ao not found, contract ao2312 skipped
[2023.10.25 16:15:53 - warning] Commodity SHFE.ao not found, contract ao2406 skipped
[2023.10.25 16:15:53 - warning] Commodity SHFE.ao not found, contract ao2407 skipped
[2023.10.25 16:15:53 - info ] Contracts configuration file ./common/contracts.json loaded, 6 exchanges
[2023.10.25 16:15:53 - info ] Trading enviroment initialzied with engine: HFT
[2023.10.25 16:15:53 - info ] Running mode: Production
[2023.10.25 16:15:53 - info ] 44 fee templates loaded
[2023.10.25 16:15:53 - warning] RiskMon is not configured, portfilio fund will be updated every 5s
[2023.10.25 16:15:53 - info ] Resampled bars will be aligned by section:  not
[2023.10.25 16:15:53 - debug] Storage initialized @ /
[2023.10.25 16:15:53 - info ] No adjusting factor file configured, loading skipped
[2023.10.25 16:15:53 - info ] Data manager initialized
[2023.10.25 16:15:53 - info ] [tts24] Parser module E:/wondertrader/src/WtRunner/parsers/ParserCTP.dll loaded
[2023.10.25 16:15:53 - info ] [tts24] Parser initialzied, check_time: false
[2023.10.25 16:15:53 - info ] 1 parsers loaded
[2023.10.25 16:15:53 - warning] [tts24] Risk control rule of trading channel not activated
[2023.10.25 16:15:53 - info ] [tts24] Trader module E:/wondertrader/src/WtRunner/traders/TraderCTP.dll loaded
[2023.10.25 16:15:53 - info ] 1 traders loaded
[2023.10.25 16:15:54 - info ] HFT strategy factory[WtHftStraFact] loaded
[2023.10.25 16:15:54 - info ] 1 HFT strategy factories in directory[E:/wondertrader/src/WtRunner/hft/] loaded
[2023.10.25 16:20:28 - warning] No session configured for INE.ec
[2023.10.25 16:20:28 - warning] No session configured for SHFE.ao
[2023.10.25 16:20:28 - info ] Commodities configuration file ./common/commodities.json loaded
[2023.10.25 16:20:28 - warning] Commodity INE.ec not found, contract ec2404 skipped
[2023.10.25 16:20:28 - warning] Commodity INE.ec not found, contract ec2408 skipped
[2023.10.25 16:20:28 - warning] Commodity INE.ec not found, contract ec2410 skipped
[2023.10.25 16:20:28 - warning] Commodity INE.ec not found, contract ec2412 skipped
[2023.10.25 16:20:28 - warning] Commodity INE.ec not found, contract ec2406 skipped
[2023.10.25 16:20:28 - warning] Commodity SHFE.ao not found, contract ao2404 skipped
[2023.10.25 16:20:28 - warning] Commodity SHFE.ao not found, contract ao2311 skipped
[2023.10.25 16:20:28 - warning] Commodity SHFE.ao not found, contract ao2402 skipped
[2023.10.25 16:20:28 - warning] Commodity SHFE.ao not found, contract ao2405 skipped
[2023.10.25 16:20:28 - warning] Commodity SHFE.ao not found, contract ao2403 skipped
[2023.10.25 16:20:28 - warning] Commodity SHFE.ao not found, contract ao2401 skipped
[2023.10.25 16:20:28 - warning] Commodity SHFE.ao not found, contract ao2408 skipped
[2023.10.25 16:20:28 - warning] Commodity SHFE.ao not found, contract ao2312 skipped
[2023.10.25 16:20:28 - warning] Commodity SHFE.ao not found, contract ao2406 skipped
[2023.10.25 16:20:28 - warning] Commodity SHFE.ao not found, contract ao2407 skipped
[2023.10.25 16:20:28 - info ] Contracts configuration file ./common/contracts.json loaded, 6 exchanges
[2023.10.25 16:20:29 - info ] Trading enviroment initialzied with engine: HFT
[2023.10.25 16:20:29 - info ] Running mode: Production
[2023.10.25 16:20:29 - info ] 44 fee templates loaded
[2023.10.25 16:20:29 - warning] RiskMon is not configured, portfilio fund will be updated every 5s
[2023.10.25 16:20:29 - info ] Resampled bars will be aligned by section:  not
[2023.10.25 16:20:29 - debug] Storage initialized @ /
[2023.10.25 16:20:29 - info ] No adjusting factor file configured, loading skipped
[2023.10.25 16:20:29 - info ] Data manager initialized
[2023.10.25 16:20:29 - info ] [tts24] Parser module E:/wondertrader/src/WtRunner/parsers/ParserCTP.dll loaded
[2023.10.25 16:20:29 - info ] [tts24] Parser initialzied, check_time: false
[2023.10.25 16:20:29 - info ] 1 parsers loaded
[2023.10.25 16:20:29 - warning] [tts24] Risk control rule of trading channel not activated
[2023.10.25 16:20:29 - info ] [tts24] Trader module E:/wondertrader/src/WtRunner/traders/TraderCTP.dll loaded
[2023.10.25 16:20:29 - info ] 1 traders loaded
[2023.10.25 16:20:50 - info ] HFT strategy factory[WtHftStraFact] loaded
[2023.10.25 16:20:50 - info ] 1 HFT strategy factories in directory[E:/wondertrader/src/WtRunner/hft/] loaded
[2023.10.25 16:22:12 - warning] No session configured for INE.ec
[2023.10.25 16:22:12 - warning] No session configured for SHFE.ao
[2023.10.25 16:22:12 - info ] Commodities configuration file ./common/commodities.json loaded
[2023.10.25 16:22:12 - warning] Commodity INE.ec not found, contract ec2404 skipped
[2023.10.25 16:22:12 - warning] Commodity INE.ec not found, contract ec2408 skipped
[2023.10.25 16:22:12 - warning] Commodity INE.ec not found, contract ec2410 skipped
[2023.10.25 16:22:13 - warning] Commodity INE.ec not found, contract ec2412 skipped
[2023.10.25 16:22:13 - warning] Commodity INE.ec not found, contract ec2406 skipped
[2023.10.25 16:22:13 - warning] Commodity SHFE.ao not found, contract ao2404 skipped
[2023.10.25 16:22:13 - warning] Commodity SHFE.ao not found, contract ao2311 skipped
[2023.10.25 16:22:13 - warning] Commodity SHFE.ao not found, contract ao2402 skipped
[2023.10.25 16:22:13 - warning] Commodity SHFE.ao not found, contract ao2405 skipped
[2023.10.25 16:22:13 - warning] Commodity SHFE.ao not found, contract ao2403 skipped
[2023.10.25 16:22:13 - warning] Commodity SHFE.ao not found, contract ao2401 skipped
[2023.10.25 16:22:13 - warning] Commodity SHFE.ao not found, contract ao2408 skipped
[2023.10.25 16:22:13 - warning] Commodity SHFE.ao not found, contract ao2312 skipped
[2023.10.25 16:22:13 - warning] Commodity SHFE.ao not found, contract ao2406 skipped
[2023.10.25 16:22:13 - warning] Commodity SHFE.ao not found, contract ao2407 skipped
[2023.10.25 16:22:13 - info ] Contracts configuration file ./common/contracts.json loaded, 6 exchanges
[2023.10.25 16:22:13 - info ] Trading enviroment initialzied with engine: HFT
[2023.10.25 16:22:13 - info ] Running mode: Production
[2023.10.25 16:22:13 - info ] 44 fee templates loaded
[2023.10.25 16:22:13 - warning] RiskMon is not configured, portfilio fund will be updated every 5s
[2023.10.25 16:22:13 - info ] Resampled bars will be aligned by section:  not
[2023.10.25 16:22:13 - debug] Storage initialized @ /
[2023.10.25 16:22:13 - info ] No adjusting factor file configured, loading skipped
[2023.10.25 16:22:13 - info ] Data manager initialized
[2023.10.25 16:22:13 - info ] [tts24] Parser module E:/wondertrader/src/WtRunner/parsers/ParserCTP.dll loaded
[2023.10.25 16:22:13 - info ] [tts24] Parser initialzied, check_time: false
[2023.10.25 16:22:13 - info ] 1 parsers loaded
[2023.10.25 16:22:13 - warning] [tts24] Risk control rule of trading channel not activated
[2023.10.25 16:22:13 - info ] [tts24] Trader module E:/wondertrader/src/WtRunner/traders/TraderCTP.dll loaded
[2023.10.25 16:22:13 - info ] 1 traders loaded
[2023.10.25 16:22:18 - info ] HFT strategy factory[WtHftStraFact] loaded
[2023.10.25 16:22:18 - info ] 1 HFT strategy factories in directory[E:/wondertrader/src/WtRunner/hft/] loaded
[2023.10.25 16:26:14 - warning] No session configured for INE.ec
[2023.10.25 16:26:14 - warning] No session configured for SHFE.ao
[2023.10.25 16:26:14 - info ] Commodities configuration file ./common/commodities.json loaded
[2023.10.25 16:26:14 - warning] Commodity INE.ec not found, contract ec2404 skipped
[2023.10.25 16:26:14 - warning] Commodity INE.ec not found, contract ec2408 skipped
[2023.10.25 16:26:14 - warning] Commodity INE.ec not found, contract ec2410 skipped
[2023.10.25 16:26:14 - warning] Commodity INE.ec not found, contract ec2412 skipped
[2023.10.25 16:26:14 - warning] Commodity INE.ec not found, contract ec2406 skipped
[2023.10.25 16:26:14 - warning] Commodity SHFE.ao not found, contract ao2404 skipped
[2023.10.25 16:26:14 - warning] Commodity SHFE.ao not found, contract ao2311 skipped
[2023.10.25 16:26:14 - warning] Commodity SHFE.ao not found, contract ao2402 skipped
[2023.10.25 16:26:14 - warning] Commodity SHFE.ao not found, contract ao2405 skipped
[2023.10.25 16:26:14 - warning] Commodity SHFE.ao not found, contract ao2403 skipped
[2023.10.25 16:26:14 - warning] Commodity SHFE.ao not found, contract ao2401 skipped
[2023.10.25 16:26:14 - warning] Commodity SHFE.ao not found, contract ao2408 skipped
[2023.10.25 16:26:14 - warning] Commodity SHFE.ao not found, contract ao2312 skipped
[2023.10.25 16:26:14 - warning] Commodity SHFE.ao not found, contract ao2406 skipped
[2023.10.25 16:26:14 - warning] Commodity SHFE.ao not found, contract ao2407 skipped
[2023.10.25 16:26:14 - info ] Contracts configuration file ./common/contracts.json loaded, 6 exchanges
[2023.10.25 16:26:15 - info ] Trading enviroment initialzied with engine: HFT
[2023.10.25 16:26:15 - info ] Running mode: Production
[2023.10.25 16:26:15 - info ] 44 fee templates loaded
[2023.10.25 16:26:15 - warning] RiskMon is not configured, portfilio fund will be updated every 5s
[2023.10.25 16:26:15 - info ] Resampled bars will be aligned by section:  not
[2023.10.25 16:26:15 - debug] Storage initialized @ /
[2023.10.25 16:26:15 - info ] No adjusting factor file configured, loading skipped
[2023.10.25 16:26:15 - info ] Data manager initialized
[2023.10.25 16:26:15 - info ] [tts24] Parser module E:/wondertrader/src/WtRunner/parsers/ParserCTP.dll loaded
[2023.10.25 16:26:15 - info ] [tts24] Parser initialzied, check_time: false
[2023.10.25 16:26:15 - info ] 1 parsers loaded
[2023.10.25 16:26:15 - warning] [tts24] Risk control rule of trading channel not activated
[2023.10.25 16:26:15 - info ] [tts24] Trader module E:/wondertrader/src/WtRunner/traders/TraderCTP.dll loaded
[2023.10.25 16:26:15 - info ] 1 traders loaded
[2023.10.25 16:26:19 - info ] HFT strategy factory[WtHftStraFact] loaded
[2023.10.25 16:26:19 - info ] 1 HFT strategy factories in directory[E:/wondertrader/src/WtRunner/hft/] loaded
[2023.10.25 16:33:08 - warning] No session configured for INE.ec
[2023.10.25 16:33:08 - warning] No session configured for SHFE.ao
[2023.10.25 16:33:08 - info ] Commodities configuration file ./common/commodities.json loaded
[2023.10.25 16:33:08 - warning] Commodity INE.ec not found, contract ec2404 skipped
[2023.10.25 16:33:08 - warning] Commodity INE.ec not found, contract ec2408 skipped
[2023.10.25 16:33:08 - warning] Commodity INE.ec not found, contract ec2410 skipped
[2023.10.25 16:33:08 - warning] Commodity INE.ec not found, contract ec2412 skipped
[2023.10.25 16:33:08 - warning] Commodity INE.ec not found, contract ec2406 skipped
[2023.10.25 16:33:08 - warning] Commodity SHFE.ao not found, contract ao2404 skipped
[2023.10.25 16:33:08 - warning] Commodity SHFE.ao not found, contract ao2311 skipped
[2023.10.25 16:33:08 - warning] Commodity SHFE.ao not found, contract ao2402 skipped
[2023.10.25 16:33:08 - warning] Commodity SHFE.ao not found, contract ao2405 skipped
[2023.10.25 16:33:08 - warning] Commodity SHFE.ao not found, contract ao2403 skipped
[2023.10.25 16:33:08 - warning] Commodity SHFE.ao not found, contract ao2401 skipped
[2023.10.25 16:33:08 - warning] Commodity SHFE.ao not found, contract ao2408 skipped
[2023.10.25 16:33:08 - warning] Commodity SHFE.ao not found, contract ao2312 skipped
[2023.10.25 16:33:08 - warning] Commodity SHFE.ao not found, contract ao2406 skipped
[2023.10.25 16:33:08 - warning] Commodity SHFE.ao not found, contract ao2407 skipped
[2023.10.25 16:33:08 - info ] Contracts configuration file ./common/contracts.json loaded, 6 exchanges
[2023.10.25 16:33:08 - info ] Trading enviroment initialzied with engine: HFT
[2023.10.25 16:33:08 - info ] Running mode: Production
[2023.10.25 16:33:08 - info ] 44 fee templates loaded
[2023.10.25 16:33:08 - warning] RiskMon is not configured, portfilio fund will be updated every 5s
[2023.10.25 16:33:08 - info ] Resampled bars will be aligned by section:  not
[2023.10.25 16:33:08 - debug] Storage initialized @ /
[2023.10.25 16:33:08 - info ] No adjusting factor file configured, loading skipped
[2023.10.25 16:33:08 - info ] Data manager initialized
[2023.10.25 16:33:08 - info ] [tts24] Parser module E:/wondertrader/src/WtRunner/parsers/ParserCTP.dll loaded
[2023.10.25 16:33:08 - info ] [tts24] Parser initialzied, check_time: false
[2023.10.25 16:33:08 - info ] 1 parsers loaded
[2023.10.25 16:33:08 - warning] [tts24] Risk control rule of trading channel not activated
[2023.10.25 16:33:08 - info ] [tts24] Trader module E:/wondertrader/src/WtRunner/traders/TraderCTP.dll loaded
[2023.10.25 16:33:08 - info ] 1 traders loaded
[2023.10.25 16:36:05 - warning] No session configured for INE.ec
[2023.10.25 16:36:05 - warning] No session configured for SHFE.ao
[2023.10.25 16:36:05 - info ] Commodities configuration file ./common/commodities.json loaded
[2023.10.25 16:36:05 - warning] Commodity INE.ec not found, contract ec2404 skipped
[2023.10.25 16:36:05 - warning] Commodity INE.ec not found, contract ec2408 skipped
[2023.10.25 16:36:05 - warning] Commodity INE.ec not found, contract ec2410 skipped
[2023.10.25 16:36:05 - warning] Commodity INE.ec not found, contract ec2412 skipped
[2023.10.25 16:36:05 - warning] Commodity INE.ec not found, contract ec2406 skipped
[2023.10.25 16:36:05 - warning] Commodity SHFE.ao not found, contract ao2404 skipped
[2023.10.25 16:36:05 - warning] Commodity SHFE.ao not found, contract ao2311 skipped
[2023.10.25 16:36:05 - warning] Commodity SHFE.ao not found, contract ao2402 skipped
[2023.10.25 16:36:05 - warning] Commodity SHFE.ao not found, contract ao2405 skipped
[2023.10.25 16:36:05 - warning] Commodity SHFE.ao not found, contract ao2403 skipped
[2023.10.25 16:36:05 - warning] Commodity SHFE.ao not found, contract ao2401 skipped
[2023.10.25 16:36:05 - warning] Commodity SHFE.ao not found, contract ao2408 skipped
[2023.10.25 16:36:05 - warning] Commodity SHFE.ao not found, contract ao2312 skipped
[2023.10.25 16:36:05 - warning] Commodity SHFE.ao not found, contract ao2406 skipped
[2023.10.25 16:36:05 - warning] Commodity SHFE.ao not found, contract ao2407 skipped
[2023.10.25 16:36:05 - info ] Contracts configuration file ./common/contracts.json loaded, 6 exchanges
[2023.10.25 16:36:05 - info ] Trading enviroment initialzied with engine: HFT
[2023.10.25 16:36:05 - info ] Running mode: Production
[2023.10.25 16:36:05 - info ] 44 fee templates loaded
[2023.10.25 16:36:05 - warning] RiskMon is not configured, portfilio fund will be updated every 5s
[2023.10.25 16:36:05 - info ] Resampled bars will be aligned by section:  not
[2023.10.25 16:36:05 - debug] Storage initialized @ /
[2023.10.25 16:36:05 - info ] No adjusting factor file configured, loading skipped
[2023.10.25 16:36:05 - info ] Data manager initialized
[2023.10.25 16:36:06 - info ] [tts24] Parser module E:/wondertrader/src/WtRunner/parsers/ParserCTP.dll loaded
[2023.10.25 16:36:06 - info ] [tts24] Parser initialzied, check_time: false
[2023.10.25 16:36:06 - info ] 1 parsers loaded
[2023.10.25 16:36:06 - warning] [tts24] Risk control rule of trading channel not activated
[2023.10.25 16:36:07 - info ] [tts24] Trader module E:/wondertrader/src/WtRunner/traders/TraderCTP.dll loaded
[2023.10.25 16:36:07 - info ] 1 traders loaded
[2023.10.25 16:36:08 - info ] HFT strategy factory[WtHftStraFact] loaded
[2023.10.25 16:36:08 - info ] 1 HFT strategy factories in directory[E:/wondertrader/src/WtRunner/hft/] loaded
[2023.10.25 17:05:30 - warning] No session configured for INE.ec
[2023.10.25 17:05:30 - warning] No session configured for SHFE.ao
[2023.10.25 17:05:30 - info ] Commodities configuration file ./common/commodities.json loaded
[2023.10.25 17:05:30 - warning] Commodity INE.ec not found, contract ec2404 skipped
[2023.10.25 17:05:30 - warning] Commodity INE.ec not found, contract ec2408 skipped
[2023.10.25 17:05:30 - warning] Commodity INE.ec not found, contract ec2410 skipped
[2023.10.25 17:05:30 - warning] Commodity INE.ec not found, contract ec2412 skipped
[2023.10.25 17:05:30 - warning] Commodity INE.ec not found, contract ec2406 skipped
[2023.10.25 17:05:30 - warning] Commodity SHFE.ao not found, contract ao2404 skipped
[2023.10.25 17:05:30 - warning] Commodity SHFE.ao not found, contract ao2311 skipped
[2023.10.25 17:05:30 - warning] Commodity SHFE.ao not found, contract ao2402 skipped
[2023.10.25 17:05:30 - warning] Commodity SHFE.ao not found, contract ao2405 skipped
[2023.10.25 17:05:30 - warning] Commodity SHFE.ao not found, contract ao2403 skipped
[2023.10.25 17:05:30 - warning] Commodity SHFE.ao not found, contract ao2401 skipped
[2023.10.25 17:05:30 - warning] Commodity SHFE.ao not found, contract ao2408 skipped
[2023.10.25 17:05:30 - warning] Commodity SHFE.ao not found, contract ao2312 skipped
[2023.10.25 17:05:30 - warning] Commodity SHFE.ao not found, contract ao2406 skipped
[2023.10.25 17:05:30 - warning] Commodity SHFE.ao not found, contract ao2407 skipped
[2023.10.25 17:05:30 - info ] Contracts configuration file ./common/contracts.json loaded, 6 exchanges
[2023.10.25 17:05:30 - info ] Trading enviroment initialzied with engine: HFT
[2023.10.25 17:05:30 - info ] Running mode: Production
[2023.10.25 17:05:30 - info ] 44 fee templates loaded
[2023.10.25 17:05:30 - warning] RiskMon is not configured, portfilio fund will be updated every 5s
[2023.10.25 17:05:30 - info ] Resampled bars will be aligned by section:  not
[2023.10.25 17:05:30 - debug] Storage initialized @ /
[2023.10.25 17:05:30 - info ] No adjusting factor file configured, loading skipped
[2023.10.25 17:05:30 - info ] Data manager initialized
[2023.10.25 17:05:30 - info ] [tts24] Parser module E:/wondertrader/src/WtRunner/parsers/ParserCTP.dll loaded
[2023.10.25 17:05:30 - info ] [tts24] Parser initialzied, check_time: false
[2023.10.25 17:05:30 - info ] 1 parsers loaded
[2023.10.25 17:05:30 - warning] [tts24] Risk control rule of trading channel not activated
[2023.10.25 17:05:31 - info ] [tts24] Trader module E:/wondertrader/src/WtRunner/traders/TraderCTP.dll loaded
[2023.10.25 17:05:31 - info ] 1 traders loaded
[2023.10.25 17:05:31 - info ] HFT strategy factory[WtHftStraFact] loaded
[2023.10.25 17:05:31 - info ] 1 HFT strategy factories in directory[E:/wondertrader/src/WtRunner/hft/] loaded
[2023.10.25 17:07:57 - warning] No session configured for INE.ec
[2023.10.25 17:07:57 - warning] No session configured for SHFE.ao
[2023.10.25 17:07:57 - info ] Commodities configuration file ./common/commodities.json loaded
[2023.10.25 17:07:57 - warning] Commodity INE.ec not found, contract ec2404 skipped
[2023.10.25 17:07:57 - warning] Commodity INE.ec not found, contract ec2408 skipped
[2023.10.25 17:07:57 - warning] Commodity INE.ec not found, contract ec2410 skipped
[2023.10.25 17:07:57 - warning] Commodity INE.ec not found, contract ec2412 skipped
[2023.10.25 17:07:57 - warning] Commodity INE.ec not found, contract ec2406 skipped
[2023.10.25 17:07:57 - warning] Commodity SHFE.ao not found, contract ao2404 skipped
[2023.10.25 17:07:57 - warning] Commodity SHFE.ao not found, contract ao2311 skipped
[2023.10.25 17:07:57 - warning] Commodity SHFE.ao not found, contract ao2402 skipped
[2023.10.25 17:07:57 - warning] Commodity SHFE.ao not found, contract ao2405 skipped
[2023.10.25 17:07:57 - warning] Commodity SHFE.ao not found, contract ao2403 skipped
[2023.10.25 17:07:57 - warning] Commodity SHFE.ao not found, contract ao2401 skipped
[2023.10.25 17:07:57 - warning] Commodity SHFE.ao not found, contract ao2408 skipped
[2023.10.25 17:07:57 - warning] Commodity SHFE.ao not found, contract ao2312 skipped
[2023.10.25 17:07:57 - warning] Commodity SHFE.ao not found, contract ao2406 skipped
[2023.10.25 17:07:57 - warning] Commodity SHFE.ao not found, contract ao2407 skipped
[2023.10.25 17:07:57 - info ] Contracts configuration file ./common/contracts.json loaded, 6 exchanges
[2023.10.25 17:07:57 - info ] Trading enviroment initialzied with engine: HFT
[2023.10.25 17:07:57 - info ] Running mode: Production
[2023.10.25 17:07:57 - info ] 44 fee templates loaded
[2023.10.25 17:07:57 - warning] RiskMon is not configured, portfilio fund will be updated every 5s
[2023.10.25 17:07:57 - info ] Resampled bars will be aligned by section:  not
[2023.10.25 17:07:57 - debug] Storage initialized @ /
[2023.10.25 17:07:57 - info ] No adjusting factor file configured, loading skipped
[2023.10.25 17:07:57 - info ] Data manager initialized
[2023.10.25 17:07:58 - info ] [tts24] Parser module E:/wondertrader/src/WtRunner/parsers/ParserCTP.dll loaded
[2023.10.25 17:07:58 - info ] [tts24] Parser initialzied, check_time: false
[2023.10.25 17:07:58 - info ] 1 parsers loaded
[2023.10.25 17:07:58 - warning] [tts24] Risk control rule of trading channel not activated
[2023.10.25 17:07:59 - info ] [tts24] Trader module E:/wondertrader/src/WtRunner/traders/TraderCTP.dll loaded
[2023.10.25 17:07:59 - info ] 1 traders loaded
[2023.10.25 17:07:59 - info ] HFT strategy factory[WtHftStraFact] loaded
[2023.10.25 17:07:59 - info ] 1 HFT strategy factories in directory[E:/wondertrader/src/WtRunner/hft/] loaded
[2023.10.25 17:08:02 - info ] 1 parsers started
[2023.10.25 17:08:02 - info ] registerFront: tcp://122.51.136.165:20002
[2023.10.25 17:08:02 - info ] 1 trading channels started
[2023.10.25 17:08:03 - debug] His min1 bars of CFFEX.IC.2311 loaded, 0 from history, 0 from realtime
[2023.10.25 17:08:03 - info ] Market Data subscribed: CFFEX.IC.2311
[2023.10.25 17:08:05 - info ] 回调策略on_init
[2023.10.25 17:08:32 - warning] No session configured for INE.ec
[2023.10.25 17:08:32 - warning] No session configured for SHFE.ao
[2023.10.25 17:08:32 - info ] Commodities configuration file ./common/commodities.json loaded
[2023.10.25 17:08:33 - warning] Commodity INE.ec not found, contract ec2404 skipped
[2023.10.25 17:08:33 - warning] Commodity INE.ec not found, contract ec2408 skipped
[2023.10.25 17:08:33 - warning] Commodity INE.ec not found, contract ec2410 skipped
[2023.10.25 17:08:33 - warning] Commodity INE.ec not found, contract ec2412 skipped
[2023.10.25 17:08:33 - warning] Commodity INE.ec not found, contract ec2406 skipped
[2023.10.25 17:08:33 - warning] Commodity SHFE.ao not found, contract ao2404 skipped
[2023.10.25 17:08:33 - warning] Commodity SHFE.ao not found, contract ao2311 skipped
[2023.10.25 17:08:33 - warning] Commodity SHFE.ao not found, contract ao2402 skipped
[2023.10.25 17:08:33 - warning] Commodity SHFE.ao not found, contract ao2405 skipped
[2023.10.25 17:08:33 - warning] Commodity SHFE.ao not found, contract ao2403 skipped
[2023.10.25 17:08:33 - warning] Commodity SHFE.ao not found, contract ao2401 skipped
[2023.10.25 17:08:33 - warning] Commodity SHFE.ao not found, contract ao2408 skipped
[2023.10.25 17:08:33 - warning] Commodity SHFE.ao not found, contract ao2312 skipped
[2023.10.25 17:08:33 - warning] Commodity SHFE.ao not found, contract ao2406 skipped
[2023.10.25 17:08:33 - warning] Commodity SHFE.ao not found, contract ao2407 skipped
[2023.10.25 17:08:33 - info ] Contracts configuration file ./common/contracts.json loaded, 6 exchanges
[2023.10.25 17:08:33 - info ] Trading enviroment initialzied with engine: HFT
[2023.10.25 17:08:33 - info ] Running mode: Production
[2023.10.25 17:08:33 - info ] 44 fee templates loaded
[2023.10.25 17:08:33 - warning] RiskMon is not configured, portfilio fund will be updated every 5s
[2023.10.25 17:08:33 - info ] Resampled bars will be aligned by section:  not
[2023.10.25 17:08:33 - debug] Storage initialized @ /
[2023.10.25 17:08:33 - info ] No adjusting factor file configured, loading skipped
[2023.10.25 17:08:33 - info ] Data manager initialized
[2023.10.25 17:08:33 - info ] [tts24] Parser module E:/wondertrader/src/WtRunner/parsers/ParserCTP.dll loaded
[2023.10.25 17:08:33 - info ] [tts24] Parser initialzied, check_time: false
[2023.10.25 17:08:33 - info ] 1 parsers loaded
[2023.10.25 17:08:33 - warning] [tts24] Risk control rule of trading channel not activated
[2023.10.25 17:08:33 - info ] [tts24] Trader module E:/wondertrader/src/WtRunner/traders/TraderCTP.dll loaded
[2023.10.25 17:08:33 - info ] 1 traders loaded
[2023.10.25 17:08:33 - info ] HFT strategy factory[WtHftStraFact] loaded
[2023.10.25 17:08:33 - info ] 1 HFT strategy factories in directory[E:/wondertrader/src/WtRunner/hft/] loaded
[2023.10.25 17:08:40 - info ] 1 parsers started
[2023.10.25 17:08:40 - info ] registerFront: tcp://122.51.136.165:20002
[2023.10.25 17:08:40 - info ] 1 trading channels started
[2023.10.25 17:08:56 - debug] His min1 bars of CFFEX.IC.2311 loaded, 0 from history, 0 from realtime
[2023.10.25 17:08:56 - info ] Market Data subscribed: CFFEX.IC.2311
[2023.10.25 17:09:02 - info ] 回调策略on_init
