[2023.10.23 10:12:20 - warning] No session configured for INE.ec
[2023.10.23 10:12:20 - warning] No session configured for SHFE.ao
[2023.10.23 10:12:20 - info ] Commodities configuration file ./common/commodities.json loaded
[2023.10.23 10:12:20 - warning] Commodity INE.ec not found, contract ec2404 skipped
[2023.10.23 10:12:20 - warning] Commodity INE.ec not found, contract ec2408 skipped
[2023.10.23 10:12:20 - warning] Commodity INE.ec not found, contract ec2410 skipped
[2023.10.23 10:12:20 - warning] Commodity INE.ec not found, contract ec2412 skipped
[2023.10.23 10:12:20 - warning] Commodity INE.ec not found, contract ec2406 skipped
[2023.10.23 10:12:20 - warning] Commodity SHFE.ao not found, contract ao2404 skipped
[2023.10.23 10:12:20 - warning] Commodity SHFE.ao not found, contract ao2311 skipped
[2023.10.23 10:12:20 - warning] Commodity SHFE.ao not found, contract ao2402 skipped
[2023.10.23 10:12:20 - warning] Commodity SHFE.ao not found, contract ao2405 skipped
[2023.10.23 10:12:20 - warning] Commodity SHFE.ao not found, contract ao2403 skipped
[2023.10.23 10:12:20 - warning] Commodity SHFE.ao not found, contract ao2401 skipped
[2023.10.23 10:12:20 - warning] Commodity SHFE.ao not found, contract ao2408 skipped
[2023.10.23 10:12:20 - warning] Commodity SHFE.ao not found, contract ao2312 skipped
[2023.10.23 10:12:20 - warning] Commodity SHFE.ao not found, contract ao2406 skipped
[2023.10.23 10:12:20 - warning] Commodity SHFE.ao not found, contract ao2407 skipped
[2023.10.23 10:12:20 - info ] Contracts configuration file ./common/contracts.json loaded, 6 exchanges
[2023.10.23 10:12:20 - info ] Trading enviroment initialzied with engine: CTA
[2023.10.23 10:12:20 - info ] Running mode: Production
[2023.10.23 10:12:21 - info ] 44 fee templates loaded
[2023.10.23 10:12:21 - info ] [RiskControl] Params inited, Checking frequency: 0 s, MaxIDD: OFF(0.00%), MaxMDD: OFF(0.00%), Capital: 0.0, Profit Boudary: 0.00%, Calc Span: 0 mins, Risk Scale: 0.00
[2023.10.23 10:12:21 - info ] Resampled bars will be aligned by section:  not
[2023.10.23 10:12:21 - debug] Storage initialized @ /
[2023.10.23 10:12:21 - info ] No adjusting factor file configured, loading skipped
[2023.10.23 10:12:21 - info ] Data manager initialized
[2023.10.23 10:12:34 - info ] Reading parser config from tdparsers.yaml...
[2023.10.23 10:13:31 - info ] [parser1] Parser module E:/wondertrader/src/WtRunner/parsers/ParserUDP.dll loaded
[2023.10.23 10:14:10 - info ] [parser1] Parser initialzied, check_time: false
[2023.10.23 10:14:20 - info ] 1 parsers loaded
[2023.10.23 10:17:34 - info ] Reading trader config from tdtraders.yaml...
[2023.10.23 10:17:37 - info ] [simnow] Risk control rule default of trading channel loaded
[2023.10.23 10:17:37 - info ] [simnow] Trader module E:/wondertrader/src/WtRunner/traders/TraderCTP.dll loaded
[2023.10.23 10:17:37 - info ] 1 traders loaded
[2023.10.23 10:17:52 - info ] Reading executer config from executers.yaml...
[2023.10.23 10:17:54 - info ] 0 executers loaded
[2023.10.23 10:20:01 - warning] No session configured for INE.ec
[2023.10.23 10:20:01 - warning] No session configured for SHFE.ao
[2023.10.23 10:20:01 - info ] Commodities configuration file ./common/commodities.json loaded
[2023.10.23 10:20:01 - warning] Commodity INE.ec not found, contract ec2404 skipped
[2023.10.23 10:20:01 - warning] Commodity INE.ec not found, contract ec2408 skipped
[2023.10.23 10:20:01 - warning] Commodity INE.ec not found, contract ec2410 skipped
[2023.10.23 10:20:01 - warning] Commodity INE.ec not found, contract ec2412 skipped
[2023.10.23 10:20:01 - warning] Commodity INE.ec not found, contract ec2406 skipped
[2023.10.23 10:20:01 - warning] Commodity SHFE.ao not found, contract ao2404 skipped
[2023.10.23 10:20:01 - warning] Commodity SHFE.ao not found, contract ao2311 skipped
[2023.10.23 10:20:01 - warning] Commodity SHFE.ao not found, contract ao2402 skipped
[2023.10.23 10:20:01 - warning] Commodity SHFE.ao not found, contract ao2405 skipped
[2023.10.23 10:20:01 - warning] Commodity SHFE.ao not found, contract ao2403 skipped
[2023.10.23 10:20:01 - warning] Commodity SHFE.ao not found, contract ao2401 skipped
[2023.10.23 10:20:01 - warning] Commodity SHFE.ao not found, contract ao2408 skipped
[2023.10.23 10:20:01 - warning] Commodity SHFE.ao not found, contract ao2312 skipped
[2023.10.23 10:20:01 - warning] Commodity SHFE.ao not found, contract ao2406 skipped
[2023.10.23 10:20:01 - warning] Commodity SHFE.ao not found, contract ao2407 skipped
[2023.10.23 10:20:01 - info ] Contracts configuration file ./common/contracts.json loaded, 6 exchanges
[2023.10.23 10:20:01 - info ] Trading enviroment initialzied with engine: CTA
[2023.10.23 10:20:01 - info ] Running mode: Production
[2023.10.23 10:20:01 - info ] 44 fee templates loaded
[2023.10.23 10:20:01 - info ] [RiskControl] Params inited, Checking frequency: 0 s, MaxIDD: OFF(0.00%), MaxMDD: OFF(0.00%), Capital: 0.0, Profit Boudary: 0.00%, Calc Span: 0 mins, Risk Scale: 0.00
[2023.10.23 10:20:01 - info ] Resampled bars will be aligned by section:  not
[2023.10.23 10:20:01 - debug] Storage initialized @ /
[2023.10.23 10:20:01 - info ] No adjusting factor file configured, loading skipped
[2023.10.23 10:20:01 - info ] Data manager initialized
[2023.10.23 10:22:42 - info ] Reading parser config from tdparsers.yaml...
[2023.10.23 10:22:46 - info ] [parser1] Parser module E:/wondertrader/src/WtRunner/parsers/ParserUDP.dll loaded
[2023.10.23 10:22:48 - info ] [parser1] Parser initialzied, check_time: false
[2023.10.23 10:22:48 - info ] 1 parsers loaded
[2023.10.23 10:22:48 - info ] Reading trader config from tdtraders.yaml...
[2023.10.23 10:22:48 - info ] [simnow] Risk control rule default of trading channel loaded
[2023.10.23 10:22:48 - info ] [simnow] Trader module E:/wondertrader/src/WtRunner/traders/TraderCTP.dll loaded
[2023.10.23 10:22:48 - info ] 1 traders loaded
[2023.10.23 10:22:48 - info ] Reading executer config from executers.yaml...
[2023.10.23 10:22:48 - info ] 0 executers loaded
[2023.10.23 10:23:04 - error] Directory E:/wondertrader/src/WtRunner/cta/ of CTA strategy factory not exists
[2023.10.23 10:23:46 - warning] No session configured for INE.ec
[2023.10.23 10:23:46 - warning] No session configured for SHFE.ao
[2023.10.23 10:23:46 - info ] Commodities configuration file ./common/commodities.json loaded
[2023.10.23 10:23:46 - warning] Commodity INE.ec not found, contract ec2404 skipped
[2023.10.23 10:23:46 - warning] Commodity INE.ec not found, contract ec2408 skipped
[2023.10.23 10:23:46 - warning] Commodity INE.ec not found, contract ec2410 skipped
[2023.10.23 10:23:46 - warning] Commodity INE.ec not found, contract ec2412 skipped
[2023.10.23 10:23:46 - warning] Commodity INE.ec not found, contract ec2406 skipped
[2023.10.23 10:23:46 - warning] Commodity SHFE.ao not found, contract ao2404 skipped
[2023.10.23 10:23:46 - warning] Commodity SHFE.ao not found, contract ao2311 skipped
[2023.10.23 10:23:46 - warning] Commodity SHFE.ao not found, contract ao2402 skipped
[2023.10.23 10:23:46 - warning] Commodity SHFE.ao not found, contract ao2405 skipped
[2023.10.23 10:23:46 - warning] Commodity SHFE.ao not found, contract ao2403 skipped
[2023.10.23 10:23:46 - warning] Commodity SHFE.ao not found, contract ao2401 skipped
[2023.10.23 10:23:46 - warning] Commodity SHFE.ao not found, contract ao2408 skipped
[2023.10.23 10:23:46 - warning] Commodity SHFE.ao not found, contract ao2312 skipped
[2023.10.23 10:23:46 - warning] Commodity SHFE.ao not found, contract ao2406 skipped
[2023.10.23 10:23:46 - warning] Commodity SHFE.ao not found, contract ao2407 skipped
[2023.10.23 10:23:46 - info ] Contracts configuration file ./common/contracts.json loaded, 6 exchanges
[2023.10.23 10:23:46 - info ] Trading enviroment initialzied with engine: CTA
[2023.10.23 10:23:46 - info ] Running mode: Production
[2023.10.23 10:23:46 - info ] 44 fee templates loaded
[2023.10.23 10:23:46 - info ] [RiskControl] Params inited, Checking frequency: 0 s, MaxIDD: OFF(0.00%), MaxMDD: OFF(0.00%), Capital: 0.0, Profit Boudary: 0.00%, Calc Span: 0 mins, Risk Scale: 0.00
[2023.10.23 10:23:46 - info ] Resampled bars will be aligned by section:  not
[2023.10.23 10:23:46 - debug] Storage initialized @ /
[2023.10.23 10:23:46 - info ] No adjusting factor file configured, loading skipped
[2023.10.23 10:23:46 - info ] Data manager initialized
[2023.10.23 10:44:18 - info ] Reading parser config from tdparsers.yaml...
[2023.10.23 10:57:55 - warning] No session configured for INE.ec
[2023.10.23 10:57:55 - warning] No session configured for SHFE.ao
[2023.10.23 10:57:55 - info ] Commodities configuration file ./common/commodities.json loaded
[2023.10.23 10:57:56 - warning] Commodity INE.ec not found, contract ec2404 skipped
[2023.10.23 10:57:56 - warning] Commodity INE.ec not found, contract ec2408 skipped
[2023.10.23 10:57:56 - warning] Commodity INE.ec not found, contract ec2410 skipped
[2023.10.23 10:57:56 - warning] Commodity INE.ec not found, contract ec2412 skipped
[2023.10.23 10:57:56 - warning] Commodity INE.ec not found, contract ec2406 skipped
[2023.10.23 10:57:56 - warning] Commodity SHFE.ao not found, contract ao2404 skipped
[2023.10.23 10:57:56 - warning] Commodity SHFE.ao not found, contract ao2311 skipped
[2023.10.23 10:57:56 - warning] Commodity SHFE.ao not found, contract ao2402 skipped
[2023.10.23 10:57:56 - warning] Commodity SHFE.ao not found, contract ao2405 skipped
[2023.10.23 10:57:56 - warning] Commodity SHFE.ao not found, contract ao2403 skipped
[2023.10.23 10:57:56 - warning] Commodity SHFE.ao not found, contract ao2401 skipped
[2023.10.23 10:57:56 - warning] Commodity SHFE.ao not found, contract ao2408 skipped
[2023.10.23 10:57:56 - warning] Commodity SHFE.ao not found, contract ao2312 skipped
[2023.10.23 10:57:56 - warning] Commodity SHFE.ao not found, contract ao2406 skipped
[2023.10.23 10:57:56 - warning] Commodity SHFE.ao not found, contract ao2407 skipped
[2023.10.23 10:57:56 - info ] Contracts configuration file ./common/contracts.json loaded, 6 exchanges
[2023.10.23 10:57:56 - info ] Trading enviroment initialzied with engine: CTA
[2023.10.23 10:57:56 - info ] Running mode: Production
[2023.10.23 10:57:56 - info ] 44 fee templates loaded
[2023.10.23 10:57:56 - info ] [RiskControl] Params inited, Checking frequency: 0 s, MaxIDD: OFF(0.00%), MaxMDD: OFF(0.00%), Capital: 0.0, Profit Boudary: 0.00%, Calc Span: 0 mins, Risk Scale: 0.00
[2023.10.23 10:57:56 - info ] Resampled bars will be aligned by section:  not
[2023.10.23 10:57:56 - debug] Storage initialized @ /
[2023.10.23 10:57:56 - info ] No adjusting factor file configured, loading skipped
[2023.10.23 10:57:56 - info ] Data manager initialized
[2023.10.23 10:57:59 - info ] Reading parser config from tdparsers.yaml...
[2023.10.23 10:58:03 - info ] [parser1] Parser module E:/wondertrader/src/WtRunner/parsers/ParserUDP.dll loaded
[2023.10.23 10:58:05 - info ] [parser1] Parser initialzied, check_time: false
[2023.10.23 10:58:05 - info ] 1 parsers loaded
[2023.10.23 10:58:05 - info ] Reading trader config from tdtraders.yaml...
[2023.10.23 10:58:05 - info ] [simnow] Risk control rule default of trading channel loaded
[2023.10.23 10:58:05 - info ] [simnow] Trader module E:/wondertrader/src/WtRunner/traders/TraderCTP.dll loaded
[2023.10.23 10:58:05 - info ] 1 traders loaded
[2023.10.23 10:58:05 - info ] Reading executer config from executers.yaml...
[2023.10.23 10:58:05 - info ] Executer factory WtExeFact loaded
[2023.10.23 10:58:05 - info ] 0 executers loaded
[2023.10.23 10:58:16 - info ] CTA strategy factory[WtCtaStraFact] loaded
[2023.10.23 10:58:16 - info ] 1 CTA strategy factories in directory[E:/wondertrader/src/WtRunner/cta/] loaded
[2023.10.23 10:59:05 - warning] No session configured for INE.ec
[2023.10.23 10:59:05 - warning] No session configured for SHFE.ao
[2023.10.23 10:59:05 - info ] Commodities configuration file ./common/commodities.json loaded
[2023.10.23 10:59:05 - warning] Commodity INE.ec not found, contract ec2404 skipped
[2023.10.23 10:59:05 - warning] Commodity INE.ec not found, contract ec2408 skipped
[2023.10.23 10:59:05 - warning] Commodity INE.ec not found, contract ec2410 skipped
[2023.10.23 10:59:05 - warning] Commodity INE.ec not found, contract ec2412 skipped
[2023.10.23 10:59:05 - warning] Commodity INE.ec not found, contract ec2406 skipped
[2023.10.23 10:59:05 - warning] Commodity SHFE.ao not found, contract ao2404 skipped
[2023.10.23 10:59:05 - warning] Commodity SHFE.ao not found, contract ao2311 skipped
[2023.10.23 10:59:05 - warning] Commodity SHFE.ao not found, contract ao2402 skipped
[2023.10.23 10:59:05 - warning] Commodity SHFE.ao not found, contract ao2405 skipped
[2023.10.23 10:59:05 - warning] Commodity SHFE.ao not found, contract ao2403 skipped
[2023.10.23 10:59:05 - warning] Commodity SHFE.ao not found, contract ao2401 skipped
[2023.10.23 10:59:05 - warning] Commodity SHFE.ao not found, contract ao2408 skipped
[2023.10.23 10:59:05 - warning] Commodity SHFE.ao not found, contract ao2312 skipped
[2023.10.23 10:59:05 - warning] Commodity SHFE.ao not found, contract ao2406 skipped
[2023.10.23 10:59:05 - warning] Commodity SHFE.ao not found, contract ao2407 skipped
[2023.10.23 10:59:05 - info ] Contracts configuration file ./common/contracts.json loaded, 6 exchanges
[2023.10.23 10:59:06 - info ] Trading enviroment initialzied with engine: CTA
[2023.10.23 10:59:06 - info ] Running mode: Production
[2023.10.23 10:59:06 - info ] 44 fee templates loaded
[2023.10.23 10:59:06 - info ] [RiskControl] Params inited, Checking frequency: 0 s, MaxIDD: OFF(0.00%), MaxMDD: OFF(0.00%), Capital: 0.0, Profit Boudary: 0.00%, Calc Span: 0 mins, Risk Scale: 0.00
[2023.10.23 10:59:06 - info ] Resampled bars will be aligned by section:  not
[2023.10.23 10:59:06 - debug] Storage initialized @ /
[2023.10.23 10:59:06 - info ] No adjusting factor file configured, loading skipped
[2023.10.23 10:59:06 - info ] Data manager initialized
[2023.10.23 10:59:06 - info ] Reading parser config from tdparsers.yaml...
[2023.10.23 10:59:19 - warning] No session configured for INE.ec
[2023.10.23 10:59:19 - warning] No session configured for SHFE.ao
[2023.10.23 10:59:19 - info ] Commodities configuration file ./common/commodities.json loaded
[2023.10.23 10:59:19 - warning] Commodity INE.ec not found, contract ec2404 skipped
[2023.10.23 10:59:19 - warning] Commodity INE.ec not found, contract ec2408 skipped
[2023.10.23 10:59:19 - warning] Commodity INE.ec not found, contract ec2410 skipped
[2023.10.23 10:59:19 - warning] Commodity INE.ec not found, contract ec2412 skipped
[2023.10.23 10:59:19 - warning] Commodity INE.ec not found, contract ec2406 skipped
[2023.10.23 10:59:19 - warning] Commodity SHFE.ao not found, contract ao2404 skipped
[2023.10.23 10:59:19 - warning] Commodity SHFE.ao not found, contract ao2311 skipped
[2023.10.23 10:59:19 - warning] Commodity SHFE.ao not found, contract ao2402 skipped
[2023.10.23 10:59:19 - warning] Commodity SHFE.ao not found, contract ao2405 skipped
[2023.10.23 10:59:19 - warning] Commodity SHFE.ao not found, contract ao2403 skipped
[2023.10.23 10:59:19 - warning] Commodity SHFE.ao not found, contract ao2401 skipped
[2023.10.23 10:59:19 - warning] Commodity SHFE.ao not found, contract ao2408 skipped
[2023.10.23 10:59:19 - warning] Commodity SHFE.ao not found, contract ao2312 skipped
[2023.10.23 10:59:19 - warning] Commodity SHFE.ao not found, contract ao2406 skipped
[2023.10.23 10:59:19 - warning] Commodity SHFE.ao not found, contract ao2407 skipped
[2023.10.23 10:59:19 - info ] Contracts configuration file ./common/contracts.json loaded, 6 exchanges
[2023.10.23 10:59:19 - info ] Trading enviroment initialzied with engine: CTA
[2023.10.23 10:59:19 - info ] Running mode: Production
[2023.10.23 10:59:19 - info ] 44 fee templates loaded
[2023.10.23 10:59:19 - info ] [RiskControl] Params inited, Checking frequency: 0 s, MaxIDD: OFF(0.00%), MaxMDD: OFF(0.00%), Capital: 0.0, Profit Boudary: 0.00%, Calc Span: 0 mins, Risk Scale: 0.00
[2023.10.23 10:59:19 - info ] Resampled bars will be aligned by section:  not
[2023.10.23 10:59:19 - debug] Storage initialized @ /
[2023.10.23 10:59:19 - info ] No adjusting factor file configured, loading skipped
[2023.10.23 10:59:19 - info ] Data manager initialized
[2023.10.23 10:59:19 - info ] Reading parser config from tdparsers.yaml...
[2023.10.23 10:59:19 - info ] [parser1] Parser module E:/wondertrader/src/WtRunner/parsers/ParserUDP.dll loaded
[2023.10.23 10:59:20 - info ] [parser1] Parser initialzied, check_time: false
[2023.10.23 10:59:20 - info ] 1 parsers loaded
[2023.10.23 10:59:20 - info ] Reading trader config from tdtraders.yaml...
[2023.10.23 10:59:20 - info ] [simnow] Risk control rule default of trading channel loaded
[2023.10.23 10:59:20 - info ] [simnow] Trader module E:/wondertrader/src/WtRunner/traders/TraderCTP.dll loaded
[2023.10.23 10:59:20 - info ] 1 traders loaded
[2023.10.23 10:59:20 - info ] Reading executer config from executers.yaml...
[2023.10.23 10:59:20 - info ] Executer factory WtExeFact loaded
[2023.10.23 10:59:20 - info ] 0 executers loaded
[2023.10.23 10:59:21 - info ] CTA strategy factory[WtCtaStraFact] loaded
[2023.10.23 10:59:21 - info ] 1 CTA strategy factories in directory[E:/wondertrader/src/WtRunner/cta/] loaded
[2023.10.23 11:01:16 - info ] [ParserUDP] Ticks subscribing sent
[2023.10.23 11:01:16 - info ] 1 parsers started
[2023.10.23 11:01:17 - error] [ParserUDP] Error occured while receiving: 由于目标计算机积极拒绝，无法连接。(10061)
[2023.10.23 11:01:17 - info ] registerFront: tcp://180.168.146.187:10201
[2023.10.23 11:01:17 - info ] 1 trading channels started
[2023.10.23 11:01:22 - warning] No session configured for INE.ec
[2023.10.23 11:01:22 - warning] No session configured for SHFE.ao
[2023.10.23 11:01:22 - info ] Commodities configuration file ./common/commodities.json loaded
[2023.10.23 11:01:22 - warning] Commodity INE.ec not found, contract ec2404 skipped
[2023.10.23 11:01:22 - warning] Commodity INE.ec not found, contract ec2408 skipped
[2023.10.23 11:01:22 - warning] Commodity INE.ec not found, contract ec2410 skipped
[2023.10.23 11:01:22 - warning] Commodity INE.ec not found, contract ec2412 skipped
[2023.10.23 11:01:22 - warning] Commodity INE.ec not found, contract ec2406 skipped
[2023.10.23 11:01:22 - warning] Commodity SHFE.ao not found, contract ao2404 skipped
[2023.10.23 11:01:22 - warning] Commodity SHFE.ao not found, contract ao2311 skipped
[2023.10.23 11:01:22 - warning] Commodity SHFE.ao not found, contract ao2402 skipped
[2023.10.23 11:01:22 - warning] Commodity SHFE.ao not found, contract ao2405 skipped
[2023.10.23 11:01:22 - warning] Commodity SHFE.ao not found, contract ao2403 skipped
[2023.10.23 11:01:22 - warning] Commodity SHFE.ao not found, contract ao2401 skipped
[2023.10.23 11:01:22 - warning] Commodity SHFE.ao not found, contract ao2408 skipped
[2023.10.23 11:01:22 - warning] Commodity SHFE.ao not found, contract ao2312 skipped
[2023.10.23 11:01:22 - warning] Commodity SHFE.ao not found, contract ao2406 skipped
[2023.10.23 11:01:22 - warning] Commodity SHFE.ao not found, contract ao2407 skipped
[2023.10.23 11:01:22 - info ] Contracts configuration file ./common/contracts.json loaded, 6 exchanges
[2023.10.23 11:01:22 - info ] Trading enviroment initialzied with engine: CTA
[2023.10.23 11:01:22 - info ] Running mode: Production
[2023.10.23 11:01:22 - info ] 44 fee templates loaded
[2023.10.23 11:01:22 - info ] [RiskControl] Params inited, Checking frequency: 0 s, MaxIDD: OFF(0.00%), MaxMDD: OFF(0.00%), Capital: 0.0, Profit Boudary: 0.00%, Calc Span: 0 mins, Risk Scale: 0.00
[2023.10.23 11:01:22 - info ] Resampled bars will be aligned by section:  not
[2023.10.23 11:01:22 - debug] Storage initialized @ /
[2023.10.23 11:01:22 - info ] No adjusting factor file configured, loading skipped
[2023.10.23 11:01:22 - info ] Data manager initialized
[2023.10.23 11:01:22 - info ] Reading parser config from tdparsers.yaml...
[2023.10.23 11:01:22 - info ] [parser1] Parser module E:/wondertrader/src/WtRunner/parsers/ParserUDP.dll loaded
[2023.10.23 11:01:24 - info ] [parser1] Parser initialzied, check_time: false
[2023.10.23 11:01:24 - info ] 1 parsers loaded
[2023.10.23 11:01:24 - info ] Reading trader config from tdtraders.yaml...
[2023.10.23 11:01:24 - info ] [simnow] Risk control rule default of trading channel loaded
[2023.10.23 11:01:24 - info ] [simnow] Trader module E:/wondertrader/src/WtRunner/traders/TraderCTP.dll loaded
[2023.10.23 11:01:24 - info ] 1 traders loaded
[2023.10.23 11:01:24 - info ] Reading executer config from executers.yaml...
[2023.10.23 11:01:24 - info ] Executer factory WtExeFact loaded
[2023.10.23 11:01:24 - info ] 0 executers loaded
[2023.10.23 11:01:25 - info ] CTA strategy factory[WtCtaStraFact] loaded
[2023.10.23 11:01:25 - info ] 1 CTA strategy factories in directory[E:/wondertrader/src/WtRunner/cta/] loaded
[2023.10.23 11:01:32 - info ] [ParserUDP] Ticks subscribing sent
[2023.10.23 11:01:32 - info ] 1 parsers started
[2023.10.23 11:01:32 - error] [ParserUDP] Error occured while receiving: 由于目标计算机积极拒绝，无法连接。(10061)
[2023.10.23 11:01:32 - info ] registerFront: tcp://180.168.146.187:10201
[2023.10.23 11:01:32 - info ] 1 trading channels started
[2023.10.23 11:46:57 - info ] CtaTicker will drive engine with session TRADING
[2023.10.23 11:46:57 - info ] [ParserUDP] Ticks subscribing sent
[2023.10.23 11:47:18 - error] [ParserUDP] Error occured while receiving: 由于线程退出或应用程序请求，已中止 I/O 操作。(995)
[2023.10.23 11:47:28 - warning] No session configured for INE.ec
[2023.10.23 11:47:28 - warning] No session configured for SHFE.ao
[2023.10.23 11:47:28 - info ] Commodities configuration file ./common/commodities.json loaded
[2023.10.23 11:47:28 - warning] Commodity INE.ec not found, contract ec2404 skipped
[2023.10.23 11:47:28 - warning] Commodity INE.ec not found, contract ec2408 skipped
[2023.10.23 11:47:28 - warning] Commodity INE.ec not found, contract ec2410 skipped
[2023.10.23 11:47:28 - warning] Commodity INE.ec not found, contract ec2412 skipped
[2023.10.23 11:47:28 - warning] Commodity INE.ec not found, contract ec2406 skipped
[2023.10.23 11:47:28 - warning] Commodity SHFE.ao not found, contract ao2404 skipped
[2023.10.23 11:47:28 - warning] Commodity SHFE.ao not found, contract ao2311 skipped
[2023.10.23 11:47:28 - warning] Commodity SHFE.ao not found, contract ao2402 skipped
[2023.10.23 11:47:28 - warning] Commodity SHFE.ao not found, contract ao2405 skipped
[2023.10.23 11:47:28 - warning] Commodity SHFE.ao not found, contract ao2403 skipped
[2023.10.23 11:47:28 - warning] Commodity SHFE.ao not found, contract ao2401 skipped
[2023.10.23 11:47:28 - warning] Commodity SHFE.ao not found, contract ao2408 skipped
[2023.10.23 11:47:28 - warning] Commodity SHFE.ao not found, contract ao2312 skipped
[2023.10.23 11:47:28 - warning] Commodity SHFE.ao not found, contract ao2406 skipped
[2023.10.23 11:47:28 - warning] Commodity SHFE.ao not found, contract ao2407 skipped
[2023.10.23 11:47:28 - info ] Contracts configuration file ./common/contracts.json loaded, 6 exchanges
[2023.10.23 11:47:28 - info ] Trading enviroment initialzied with engine: CTA
[2023.10.23 11:47:28 - info ] Running mode: Production
[2023.10.23 11:47:28 - info ] 44 fee templates loaded
[2023.10.23 11:47:28 - info ] [RiskControl] Params inited, Checking frequency: 0 s, MaxIDD: OFF(0.00%), MaxMDD: OFF(0.00%), Capital: 0.0, Profit Boudary: 0.00%, Calc Span: 0 mins, Risk Scale: 0.00
[2023.10.23 11:47:28 - info ] Resampled bars will be aligned by section:  not
[2023.10.23 11:47:28 - debug] Storage initialized @ /
[2023.10.23 11:47:28 - info ] No adjusting factor file configured, loading skipped
[2023.10.23 11:47:28 - info ] Data manager initialized
[2023.10.23 11:47:28 - info ] Reading parser config from tdparsers.yaml...
[2023.10.23 11:47:28 - info ] [parser1] Parser module E:/wondertrader/src/WtRunner/parsers/ParserUDP.dll loaded
[2023.10.23 11:47:32 - info ] [parser1] Parser initialzied, check_time: false
[2023.10.23 11:47:34 - info ] 1 parsers loaded
[2023.10.23 11:48:04 - warning] No session configured for INE.ec
[2023.10.23 11:48:04 - warning] No session configured for SHFE.ao
[2023.10.23 11:48:04 - info ] Commodities configuration file ./common/commodities.json loaded
[2023.10.23 11:48:04 - warning] Commodity INE.ec not found, contract ec2404 skipped
[2023.10.23 11:48:04 - warning] Commodity INE.ec not found, contract ec2408 skipped
[2023.10.23 11:48:04 - warning] Commodity INE.ec not found, contract ec2410 skipped
[2023.10.23 11:48:04 - warning] Commodity INE.ec not found, contract ec2412 skipped
[2023.10.23 11:48:04 - warning] Commodity INE.ec not found, contract ec2406 skipped
[2023.10.23 11:48:04 - warning] Commodity SHFE.ao not found, contract ao2404 skipped
[2023.10.23 11:48:04 - warning] Commodity SHFE.ao not found, contract ao2311 skipped
[2023.10.23 11:48:04 - warning] Commodity SHFE.ao not found, contract ao2402 skipped
[2023.10.23 11:48:04 - warning] Commodity SHFE.ao not found, contract ao2405 skipped
[2023.10.23 11:48:04 - warning] Commodity SHFE.ao not found, contract ao2403 skipped
[2023.10.23 11:48:04 - warning] Commodity SHFE.ao not found, contract ao2401 skipped
[2023.10.23 11:48:04 - warning] Commodity SHFE.ao not found, contract ao2408 skipped
[2023.10.23 11:48:04 - warning] Commodity SHFE.ao not found, contract ao2312 skipped
[2023.10.23 11:48:04 - warning] Commodity SHFE.ao not found, contract ao2406 skipped
[2023.10.23 11:48:04 - warning] Commodity SHFE.ao not found, contract ao2407 skipped
[2023.10.23 11:48:04 - info ] Contracts configuration file ./common/contracts.json loaded, 6 exchanges
[2023.10.23 11:48:05 - info ] Trading enviroment initialzied with engine: CTA
[2023.10.23 11:48:05 - info ] Running mode: Production
[2023.10.23 11:48:05 - info ] 44 fee templates loaded
[2023.10.23 11:48:05 - info ] [RiskControl] Params inited, Checking frequency: 0 s, MaxIDD: OFF(0.00%), MaxMDD: OFF(0.00%), Capital: 0.0, Profit Boudary: 0.00%, Calc Span: 0 mins, Risk Scale: 0.00
[2023.10.23 11:48:05 - info ] Resampled bars will be aligned by section:  not
[2023.10.23 11:48:05 - debug] Storage initialized @ /
[2023.10.23 11:48:05 - info ] No adjusting factor file configured, loading skipped
[2023.10.23 11:48:05 - info ] Data manager initialized
[2023.10.23 11:48:05 - info ] Reading parser config from tdparsers.yaml...
[2023.10.23 11:48:05 - info ] [parser1] Parser module E:/wondertrader/src/WtRunner/parsers/ParserUDP.dll loaded
[2023.10.23 11:48:11 - info ] [parser1] Parser initialzied, check_time: false
[2023.10.23 11:48:11 - info ] 1 parsers loaded
[2023.10.23 11:48:11 - info ] Reading trader config from tdtraders.yaml...
[2023.10.23 11:48:11 - info ] [simnow] Risk control rule default of trading channel loaded
[2023.10.23 11:48:11 - info ] [simnow] Trader module E:/wondertrader/src/WtRunner/traders/TraderCTP.dll loaded
[2023.10.23 11:48:11 - info ] 1 traders loaded
[2023.10.23 11:48:11 - info ] Reading executer config from executers.yaml...
[2023.10.23 11:48:11 - info ] Executer factory WtExeFact loaded
[2023.10.23 11:48:11 - info ] 0 executers loaded
[2023.10.23 11:48:20 - info ] CTA strategy factory[WtCtaStraFact] loaded
[2023.10.23 11:48:20 - info ] 1 CTA strategy factories in directory[E:/wondertrader/src/WtRunner/cta/] loaded
[2023.10.23 11:48:30 - warning] No session configured for INE.ec
[2023.10.23 11:48:30 - warning] No session configured for SHFE.ao
[2023.10.23 11:48:30 - info ] Commodities configuration file ./common/commodities.json loaded
[2023.10.23 11:48:30 - warning] Commodity INE.ec not found, contract ec2404 skipped
[2023.10.23 11:48:30 - warning] Commodity INE.ec not found, contract ec2408 skipped
[2023.10.23 11:48:30 - warning] Commodity INE.ec not found, contract ec2410 skipped
[2023.10.23 11:48:30 - warning] Commodity INE.ec not found, contract ec2412 skipped
[2023.10.23 11:48:30 - warning] Commodity INE.ec not found, contract ec2406 skipped
[2023.10.23 11:48:30 - warning] Commodity SHFE.ao not found, contract ao2404 skipped
[2023.10.23 11:48:30 - warning] Commodity SHFE.ao not found, contract ao2311 skipped
[2023.10.23 11:48:30 - warning] Commodity SHFE.ao not found, contract ao2402 skipped
[2023.10.23 11:48:30 - warning] Commodity SHFE.ao not found, contract ao2405 skipped
[2023.10.23 11:48:30 - warning] Commodity SHFE.ao not found, contract ao2403 skipped
[2023.10.23 11:48:30 - warning] Commodity SHFE.ao not found, contract ao2401 skipped
[2023.10.23 11:48:30 - warning] Commodity SHFE.ao not found, contract ao2408 skipped
[2023.10.23 11:48:30 - warning] Commodity SHFE.ao not found, contract ao2312 skipped
[2023.10.23 11:48:30 - warning] Commodity SHFE.ao not found, contract ao2406 skipped
[2023.10.23 11:48:30 - warning] Commodity SHFE.ao not found, contract ao2407 skipped
[2023.10.23 11:48:30 - info ] Contracts configuration file ./common/contracts.json loaded, 6 exchanges
[2023.10.23 11:48:30 - info ] Trading enviroment initialzied with engine: CTA
[2023.10.23 11:48:30 - info ] Running mode: Production
[2023.10.23 11:48:30 - info ] 44 fee templates loaded
[2023.10.23 11:48:30 - info ] [RiskControl] Params inited, Checking frequency: 0 s, MaxIDD: OFF(0.00%), MaxMDD: OFF(0.00%), Capital: 0.0, Profit Boudary: 0.00%, Calc Span: 0 mins, Risk Scale: 0.00
[2023.10.23 11:48:30 - info ] Resampled bars will be aligned by section:  not
[2023.10.23 11:48:30 - debug] Storage initialized @ /
[2023.10.23 11:48:30 - info ] No adjusting factor file configured, loading skipped
[2023.10.23 11:48:30 - info ] Data manager initialized
[2023.10.23 11:48:30 - info ] Reading parser config from tdparsers.yaml...
[2023.10.23 11:48:30 - info ] [parser1] Parser module E:/wondertrader/src/WtRunner/parsers/ParserUDP.dll loaded
[2023.10.23 11:48:30 - info ] [parser1] Parser initialzied, check_time: false
[2023.10.23 11:48:30 - info ] 1 parsers loaded
[2023.10.23 11:48:30 - info ] Reading trader config from tdtraders.yaml...
[2023.10.23 11:48:30 - info ] [simnow] Risk control rule default of trading channel loaded
[2023.10.23 11:48:30 - info ] [simnow] Trader module E:/wondertrader/src/WtRunner/traders/TraderCTP.dll loaded
[2023.10.23 11:48:30 - info ] 1 traders loaded
[2023.10.23 11:48:30 - info ] Reading executer config from executers.yaml...
[2023.10.23 11:48:30 - info ] Executer factory WtExeFact loaded
[2023.10.23 11:48:30 - info ] 0 executers loaded
[2023.10.23 11:48:32 - info ] CTA strategy factory[WtCtaStraFact] loaded
[2023.10.23 11:48:32 - info ] 1 CTA strategy factories in directory[E:/wondertrader/src/WtRunner/cta/] loaded
[2023.10.23 11:48:37 - info ] [ParserUDP] Ticks subscribing sent
[2023.10.23 11:48:37 - info ] 1 parsers started
[2023.10.23 11:48:49 - warning] No session configured for INE.ec
[2023.10.23 11:48:49 - warning] No session configured for SHFE.ao
[2023.10.23 11:48:49 - info ] Commodities configuration file ./common/commodities.json loaded
[2023.10.23 11:48:49 - warning] Commodity INE.ec not found, contract ec2404 skipped
[2023.10.23 11:48:49 - warning] Commodity INE.ec not found, contract ec2408 skipped
[2023.10.23 11:48:49 - warning] Commodity INE.ec not found, contract ec2410 skipped
[2023.10.23 11:48:49 - warning] Commodity INE.ec not found, contract ec2412 skipped
[2023.10.23 11:48:49 - warning] Commodity INE.ec not found, contract ec2406 skipped
[2023.10.23 11:48:49 - warning] Commodity SHFE.ao not found, contract ao2404 skipped
[2023.10.23 11:48:49 - warning] Commodity SHFE.ao not found, contract ao2311 skipped
[2023.10.23 11:48:49 - warning] Commodity SHFE.ao not found, contract ao2402 skipped
[2023.10.23 11:48:49 - warning] Commodity SHFE.ao not found, contract ao2405 skipped
[2023.10.23 11:48:49 - warning] Commodity SHFE.ao not found, contract ao2403 skipped
[2023.10.23 11:48:49 - warning] Commodity SHFE.ao not found, contract ao2401 skipped
[2023.10.23 11:48:49 - warning] Commodity SHFE.ao not found, contract ao2408 skipped
[2023.10.23 11:48:49 - warning] Commodity SHFE.ao not found, contract ao2312 skipped
[2023.10.23 11:48:49 - warning] Commodity SHFE.ao not found, contract ao2406 skipped
[2023.10.23 11:48:49 - warning] Commodity SHFE.ao not found, contract ao2407 skipped
[2023.10.23 11:48:49 - info ] Contracts configuration file ./common/contracts.json loaded, 6 exchanges
[2023.10.23 11:48:49 - info ] Trading enviroment initialzied with engine: CTA
[2023.10.23 11:48:49 - info ] Running mode: Production
[2023.10.23 11:48:49 - info ] 44 fee templates loaded
[2023.10.23 11:48:49 - info ] [RiskControl] Params inited, Checking frequency: 0 s, MaxIDD: OFF(0.00%), MaxMDD: OFF(0.00%), Capital: 0.0, Profit Boudary: 0.00%, Calc Span: 0 mins, Risk Scale: 0.00
[2023.10.23 11:48:49 - info ] Resampled bars will be aligned by section:  not
[2023.10.23 11:48:49 - debug] Storage initialized @ /
[2023.10.23 11:48:49 - info ] No adjusting factor file configured, loading skipped
[2023.10.23 11:48:49 - info ] Data manager initialized
[2023.10.23 11:48:49 - info ] Reading parser config from tdparsers.yaml...
[2023.10.23 11:48:49 - info ] [parser1] Parser module E:/wondertrader/src/WtRunner/parsers/ParserUDP.dll loaded
[2023.10.23 11:48:49 - info ] [parser1] Parser initialzied, check_time: false
[2023.10.23 11:48:49 - info ] 1 parsers loaded
[2023.10.23 11:48:49 - info ] Reading trader config from tdtraders.yaml...
[2023.10.23 11:48:49 - info ] [simnow] Risk control rule default of trading channel loaded
[2023.10.23 11:48:49 - info ] [simnow] Trader module E:/wondertrader/src/WtRunner/traders/TraderCTP.dll loaded
[2023.10.23 11:48:49 - info ] 1 traders loaded
[2023.10.23 11:48:49 - info ] Reading executer config from executers.yaml...
[2023.10.23 11:48:49 - info ] Executer factory WtExeFact loaded
[2023.10.23 11:48:49 - info ] 0 executers loaded
[2023.10.23 11:48:52 - info ] CTA strategy factory[WtCtaStraFact] loaded
[2023.10.23 11:48:52 - info ] 1 CTA strategy factories in directory[E:/wondertrader/src/WtRunner/cta/] loaded
[2023.10.23 11:49:13 - info ] [ParserUDP] Ticks subscribing sent
[2023.10.23 11:49:13 - info ] 1 parsers started
[2023.10.23 11:49:16 - error] [ParserUDP] Error occured while receiving: 由于目标计算机积极拒绝，无法连接。(10061)
[2023.10.23 11:49:16 - info ] registerFront: tcp://180.168.146.187:10201
[2023.10.23 11:49:19 - info ] 1 trading channels started
[2023.10.23 13:55:41 - warning] No session configured for INE.ec
[2023.10.23 13:55:41 - warning] No session configured for SHFE.ao
[2023.10.23 13:55:41 - info ] Commodities configuration file ./common/commodities.json loaded
[2023.10.23 13:55:41 - warning] Commodity INE.ec not found, contract ec2404 skipped
[2023.10.23 13:55:41 - warning] Commodity INE.ec not found, contract ec2408 skipped
[2023.10.23 13:55:41 - warning] Commodity INE.ec not found, contract ec2410 skipped
[2023.10.23 13:55:41 - warning] Commodity INE.ec not found, contract ec2412 skipped
[2023.10.23 13:55:41 - warning] Commodity INE.ec not found, contract ec2406 skipped
[2023.10.23 13:55:41 - warning] Commodity SHFE.ao not found, contract ao2404 skipped
[2023.10.23 13:55:41 - warning] Commodity SHFE.ao not found, contract ao2311 skipped
[2023.10.23 13:55:41 - warning] Commodity SHFE.ao not found, contract ao2402 skipped
[2023.10.23 13:55:41 - warning] Commodity SHFE.ao not found, contract ao2405 skipped
[2023.10.23 13:55:41 - warning] Commodity SHFE.ao not found, contract ao2403 skipped
[2023.10.23 13:55:41 - warning] Commodity SHFE.ao not found, contract ao2401 skipped
[2023.10.23 13:55:41 - warning] Commodity SHFE.ao not found, contract ao2408 skipped
[2023.10.23 13:55:41 - warning] Commodity SHFE.ao not found, contract ao2312 skipped
[2023.10.23 13:55:41 - warning] Commodity SHFE.ao not found, contract ao2406 skipped
[2023.10.23 13:55:41 - warning] Commodity SHFE.ao not found, contract ao2407 skipped
[2023.10.23 13:55:41 - info ] Contracts configuration file ./common/contracts.json loaded, 6 exchanges
[2023.10.23 13:55:41 - info ] Trading enviroment initialzied with engine: CTA
[2023.10.23 13:55:41 - info ] Running mode: Production
[2023.10.23 13:55:41 - info ] 44 fee templates loaded
[2023.10.23 13:55:41 - info ] [RiskControl] Params inited, Checking frequency: 0 s, MaxIDD: OFF(0.00%), MaxMDD: OFF(0.00%), Capital: 0.0, Profit Boudary: 0.00%, Calc Span: 0 mins, Risk Scale: 0.00
[2023.10.23 13:55:41 - info ] Resampled bars will be aligned by section:  not
[2023.10.23 13:55:41 - debug] Storage initialized @ /
[2023.10.23 13:55:41 - info ] No adjusting factor file configured, loading skipped
[2023.10.23 13:55:41 - info ] Data manager initialized
[2023.10.23 13:55:41 - info ] Reading parser config from tdparsers.yaml...
[2023.10.23 13:55:41 - info ] [parserCTPtest] Parser module E:/wondertrader/src/WtRunner/parsers/ParserUDP.dll loaded
[2023.10.23 13:55:41 - info ] [parserCTPtest] Parser initialzied, check_time: false
[2023.10.23 13:55:41 - info ] 1 parsers loaded
[2023.10.23 13:55:41 - info ] Reading trader config from tdtraders.yaml...
[2023.10.23 13:55:41 - info ] [simnow] Risk control rule default of trading channel loaded
[2023.10.23 13:55:41 - info ] [simnow] Trader module E:/wondertrader/src/WtRunner/traders/TraderCTP.dll loaded
[2023.10.23 13:55:41 - info ] 1 traders loaded
[2023.10.23 13:55:41 - info ] Reading executer config from executers.yaml...
[2023.10.23 13:55:41 - info ] Executer factory WtExeFact loaded
[2023.10.23 13:55:41 - info ] 0 executers loaded
[2023.10.23 13:58:35 - info ] CTA strategy factory[WtCtaStraFact] loaded
[2023.10.23 13:58:35 - info ] 1 CTA strategy factories in directory[E:/wondertrader/src/WtRunner/cta/] loaded
[2023.10.23 13:58:37 - info ] [ParserUDP] Ticks subscribing sent
[2023.10.23 13:58:37 - info ] 1 parsers started
[2023.10.23 13:58:39 - error] [ParserUDP] Error occured while receiving: 由于目标计算机积极拒绝，无法连接。(10061)
[2023.10.23 13:58:39 - info ] registerFront: tcp://180.168.146.187:10201
[2023.10.23 13:58:39 - info ] 1 trading channels started
[2023.10.23 15:08:43 - warning] No session configured for INE.ec
[2023.10.23 15:08:43 - warning] No session configured for SHFE.ao
[2023.10.23 15:08:43 - info ] Commodities configuration file ./common/commodities.json loaded
[2023.10.23 15:08:43 - warning] Commodity INE.ec not found, contract ec2404 skipped
[2023.10.23 15:08:43 - warning] Commodity INE.ec not found, contract ec2408 skipped
[2023.10.23 15:08:43 - warning] Commodity INE.ec not found, contract ec2410 skipped
[2023.10.23 15:08:43 - warning] Commodity INE.ec not found, contract ec2412 skipped
[2023.10.23 15:08:43 - warning] Commodity INE.ec not found, contract ec2406 skipped
[2023.10.23 15:08:43 - warning] Commodity SHFE.ao not found, contract ao2404 skipped
[2023.10.23 15:08:43 - warning] Commodity SHFE.ao not found, contract ao2311 skipped
[2023.10.23 15:08:43 - warning] Commodity SHFE.ao not found, contract ao2402 skipped
[2023.10.23 15:08:43 - warning] Commodity SHFE.ao not found, contract ao2405 skipped
[2023.10.23 15:08:43 - warning] Commodity SHFE.ao not found, contract ao2403 skipped
[2023.10.23 15:08:43 - warning] Commodity SHFE.ao not found, contract ao2401 skipped
[2023.10.23 15:08:43 - warning] Commodity SHFE.ao not found, contract ao2408 skipped
[2023.10.23 15:08:43 - warning] Commodity SHFE.ao not found, contract ao2312 skipped
[2023.10.23 15:08:43 - warning] Commodity SHFE.ao not found, contract ao2406 skipped
[2023.10.23 15:08:43 - warning] Commodity SHFE.ao not found, contract ao2407 skipped
[2023.10.23 15:08:43 - info ] Contracts configuration file ./common/contracts.json loaded, 6 exchanges
[2023.10.23 15:08:43 - info ] Trading enviroment initialzied with engine: CTA
[2023.10.23 15:08:43 - info ] Running mode: Production
[2023.10.23 15:08:43 - info ] 44 fee templates loaded
[2023.10.23 15:08:43 - info ] [RiskControl] Params inited, Checking frequency: 0 s, MaxIDD: OFF(0.00%), MaxMDD: OFF(0.00%), Capital: 0.0, Profit Boudary: 0.00%, Calc Span: 0 mins, Risk Scale: 0.00
[2023.10.23 15:08:43 - info ] Resampled bars will be aligned by section:  not
[2023.10.23 15:08:43 - debug] Storage initialized @ /
[2023.10.23 15:08:43 - info ] No adjusting factor file configured, loading skipped
[2023.10.23 15:08:43 - info ] Data manager initialized
[2023.10.23 15:08:43 - info ] Reading parser config from tdparsers.yaml...
[2023.10.23 15:08:43 - info ] [parserCTPtest] Parser module E:/wondertrader/src/WtRunner/parsers/ParserUDP.dll loaded
[2023.10.23 15:08:44 - info ] [parserCTPtest] Parser initialzied, check_time: false
[2023.10.23 15:08:44 - info ] 1 parsers loaded
[2023.10.23 15:08:44 - info ] Reading trader config from tdtraders.yaml...
[2023.10.23 15:08:44 - info ] [simnow] Risk control rule default of trading channel loaded
[2023.10.23 15:08:44 - info ] [simnow] Trader module E:/wondertrader/src/WtRunner/traders/TraderCTP.dll loaded
[2023.10.23 15:08:44 - info ] 1 traders loaded
[2023.10.23 15:08:46 - info ] Reading executer config from executers.yaml...
[2023.10.23 15:08:46 - info ] Executer factory WtExeFact loaded
[2023.10.23 15:08:46 - info ] 0 executers loaded
[2023.10.23 15:08:48 - info ] CTA strategy factory[WtCtaStraFact] loaded
[2023.10.23 15:08:48 - info ] 1 CTA strategy factories in directory[E:/wondertrader/src/WtRunner/cta/] loaded
[2023.10.23 15:08:50 - info ] [ParserUDP] Ticks subscribing sent
[2023.10.23 15:08:50 - info ] 1 parsers started
[2023.10.23 15:08:53 - error] [ParserUDP] Error occured while receiving: 由于目标计算机积极拒绝，无法连接。(10061)
[2023.10.23 15:08:53 - info ] registerFront: tcp://180.168.146.187:10201
[2023.10.23 15:08:53 - info ] 1 trading channels started
[2023.10.23 15:08:57 - info ] CtaTicker will drive engine with session TRADING
[2023.10.23 15:13:52 - warning] No session configured for INE.ec
[2023.10.23 15:13:52 - warning] No session configured for SHFE.ao
[2023.10.23 15:13:52 - info ] Commodities configuration file ./common/commodities.json loaded
[2023.10.23 15:13:52 - warning] Commodity INE.ec not found, contract ec2404 skipped
[2023.10.23 15:13:52 - warning] Commodity INE.ec not found, contract ec2408 skipped
[2023.10.23 15:13:52 - warning] Commodity INE.ec not found, contract ec2410 skipped
[2023.10.23 15:13:52 - warning] Commodity INE.ec not found, contract ec2412 skipped
[2023.10.23 15:13:52 - warning] Commodity INE.ec not found, contract ec2406 skipped
[2023.10.23 15:13:52 - warning] Commodity SHFE.ao not found, contract ao2404 skipped
[2023.10.23 15:13:52 - warning] Commodity SHFE.ao not found, contract ao2311 skipped
[2023.10.23 15:13:52 - warning] Commodity SHFE.ao not found, contract ao2402 skipped
[2023.10.23 15:13:52 - warning] Commodity SHFE.ao not found, contract ao2405 skipped
[2023.10.23 15:13:52 - warning] Commodity SHFE.ao not found, contract ao2403 skipped
[2023.10.23 15:13:52 - warning] Commodity SHFE.ao not found, contract ao2401 skipped
[2023.10.23 15:13:52 - warning] Commodity SHFE.ao not found, contract ao2408 skipped
[2023.10.23 15:13:52 - warning] Commodity SHFE.ao not found, contract ao2312 skipped
[2023.10.23 15:13:52 - warning] Commodity SHFE.ao not found, contract ao2406 skipped
[2023.10.23 15:13:52 - warning] Commodity SHFE.ao not found, contract ao2407 skipped
[2023.10.23 15:13:52 - info ] Contracts configuration file ./common/contracts.json loaded, 6 exchanges
[2023.10.23 15:13:52 - info ] Trading enviroment initialzied with engine: CTA
[2023.10.23 15:13:52 - info ] Running mode: Production
[2023.10.23 15:13:52 - info ] 44 fee templates loaded
[2023.10.23 15:13:52 - info ] [RiskControl] Params inited, Checking frequency: 0 s, MaxIDD: OFF(0.00%), MaxMDD: OFF(0.00%), Capital: 0.0, Profit Boudary: 0.00%, Calc Span: 0 mins, Risk Scale: 0.00
[2023.10.23 15:13:52 - info ] Resampled bars will be aligned by section:  not
[2023.10.23 15:13:52 - debug] Storage initialized @ /
[2023.10.23 15:13:52 - info ] No adjusting factor file configured, loading skipped
[2023.10.23 15:13:52 - info ] Data manager initialized
[2023.10.23 15:13:52 - info ] Reading parser config from tdparsers.yaml...
[2023.10.23 15:13:52 - info ] [parserCTPtest] Parser module E:/wondertrader/src/WtRunner/parsers/ParserUDP.dll loaded
[2023.10.23 15:13:52 - info ] [parserCTPtest] Parser initialzied, check_time: false
[2023.10.23 15:13:52 - info ] 1 parsers loaded
[2023.10.23 15:13:52 - info ] Reading trader config from tdtraders.yaml...
[2023.10.23 15:13:52 - info ] [simnow] Risk control rule default of trading channel loaded
[2023.10.23 15:13:52 - info ] [simnow] Trader module E:/wondertrader/src/WtRunner/traders/TraderCTP.dll loaded
[2023.10.23 15:13:52 - info ] 1 traders loaded
[2023.10.23 15:13:52 - info ] Reading executer config from executers.yaml...
[2023.10.23 15:13:52 - info ] Executer factory WtExeFact loaded
[2023.10.23 15:13:52 - info ] 0 executers loaded
[2023.10.23 15:13:56 - info ] CTA strategy factory[WtCtaStraFact] loaded
[2023.10.23 15:13:56 - info ] 1 CTA strategy factories in directory[E:/wondertrader/src/WtRunner/cta/] loaded
[2023.10.23 15:13:58 - info ] [ParserUDP] Ticks subscribing sent
[2023.10.23 15:13:58 - info ] 1 parsers started
[2023.10.23 15:13:59 - error] [ParserUDP] Error occured while receiving: 由于目标计算机积极拒绝，无法连接。(10061)
[2023.10.23 15:13:59 - info ] registerFront: tcp://180.168.146.187:10201
[2023.10.23 15:13:59 - info ] 1 trading channels started
[2023.10.23 15:14:01 - info ] CtaTicker will drive engine with session TRADING
[2023.10.23 15:14:01 - info ] Trading date confirmed: 20231023
[2023.10.23 15:14:01 - info ] [ParserUDP] Ticks subscribing sent
[2023.10.23 15:14:01 - error] [ParserUDP] Error occured while receiving: 由于线程退出或应用程序请求，已中止 I/O 操作。(995)
[2023.10.23 15:30:37 - warning] No session configured for INE.ec
[2023.10.23 15:30:37 - warning] No session configured for SHFE.ao
[2023.10.23 15:30:37 - info ] Commodities configuration file ./common/commodities.json loaded
[2023.10.23 15:30:37 - warning] Commodity INE.ec not found, contract ec2404 skipped
[2023.10.23 15:30:37 - warning] Commodity INE.ec not found, contract ec2408 skipped
[2023.10.23 15:30:37 - warning] Commodity INE.ec not found, contract ec2410 skipped
[2023.10.23 15:30:37 - warning] Commodity INE.ec not found, contract ec2412 skipped
[2023.10.23 15:30:37 - warning] Commodity INE.ec not found, contract ec2406 skipped
[2023.10.23 15:30:37 - warning] Commodity SHFE.ao not found, contract ao2404 skipped
[2023.10.23 15:30:37 - warning] Commodity SHFE.ao not found, contract ao2311 skipped
[2023.10.23 15:30:37 - warning] Commodity SHFE.ao not found, contract ao2402 skipped
[2023.10.23 15:30:37 - warning] Commodity SHFE.ao not found, contract ao2405 skipped
[2023.10.23 15:30:37 - warning] Commodity SHFE.ao not found, contract ao2403 skipped
[2023.10.23 15:30:37 - warning] Commodity SHFE.ao not found, contract ao2401 skipped
[2023.10.23 15:30:37 - warning] Commodity SHFE.ao not found, contract ao2408 skipped
[2023.10.23 15:30:37 - warning] Commodity SHFE.ao not found, contract ao2312 skipped
[2023.10.23 15:30:37 - warning] Commodity SHFE.ao not found, contract ao2406 skipped
[2023.10.23 15:30:37 - warning] Commodity SHFE.ao not found, contract ao2407 skipped
[2023.10.23 15:30:37 - info ] Contracts configuration file ./common/contracts.json loaded, 6 exchanges
[2023.10.23 15:30:37 - info ] Trading enviroment initialzied with engine: CTA
[2023.10.23 15:30:37 - info ] Running mode: Production
[2023.10.23 15:30:37 - info ] 44 fee templates loaded
[2023.10.23 15:30:37 - info ] [RiskControl] Params inited, Checking frequency: 0 s, MaxIDD: OFF(0.00%), MaxMDD: OFF(0.00%), Capital: 0.0, Profit Boudary: 0.00%, Calc Span: 0 mins, Risk Scale: 0.00
[2023.10.23 15:30:37 - info ] Resampled bars will be aligned by section:  not
[2023.10.23 15:30:37 - debug] Storage initialized @ /
[2023.10.23 15:30:37 - info ] No adjusting factor file configured, loading skipped
[2023.10.23 15:30:37 - info ] Data manager initialized
[2023.10.23 15:30:37 - info ] Reading parser config from tdparsers.yaml...
[2023.10.23 15:30:37 - info ] [parserCTPtest] Parser module E:/wondertrader/src/WtRunner/parsers/ParserUDP.dll loaded
[2023.10.23 15:30:37 - info ] [parserCTPtest] Parser initialzied, check_time: false
[2023.10.23 15:30:37 - info ] 1 parsers loaded
[2023.10.23 15:30:37 - info ] Reading trader config from tdtraders.yaml...
[2023.10.23 15:30:37 - info ] [simnow] Risk control rule default of trading channel loaded
[2023.10.23 15:30:37 - info ] [simnow] Trader module E:/wondertrader/src/WtRunner/traders/TraderCTP.dll loaded
[2023.10.23 15:30:37 - info ] 1 traders loaded
[2023.10.23 15:30:37 - info ] Reading executer config from executers.yaml...
[2023.10.23 15:30:37 - info ] 0 executers loaded
[2023.10.23 15:30:41 - info ] CTA strategy factory[WtCtaStraFact] loaded
[2023.10.23 15:30:41 - info ] 1 CTA strategy factories in directory[E:/wondertrader/src/WtRunner/cta/] loaded
[2023.10.23 15:33:29 - info ] [ParserUDP] Ticks subscribing sent
[2023.10.23 15:33:29 - info ] 1 parsers started
[2023.10.23 15:33:30 - error] [ParserUDP] Error occured while receiving: 由于目标计算机积极拒绝，无法连接。(10061)
[2023.10.23 15:33:30 - info ] registerFront: tcp://180.168.146.187:10201
[2023.10.23 15:33:30 - info ] 1 trading channels started
[2023.10.23 15:33:33 - info ] CtaTicker will drive engine with session TRADING
[2023.10.23 15:33:33 - info ] Trading date confirmed: 20231023
[2023.10.23 15:33:59 - info ] [ParserUDP] Ticks subscribing sent
[2023.10.23 15:33:59 - error] [ParserUDP] Error occured while receiving: 由于线程退出或应用程序请求，已中止 I/O 操作。(995)
