[2023.10.24 10:09:30 - warning] No session configured for INE.ec
[2023.10.24 10:09:30 - warning] No session configured for SHFE.ao
[2023.10.24 10:09:30 - info ] Commodities configuration file ./common/commodities.json loaded
[2023.10.24 10:09:30 - warning] Commodity INE.ec not found, contract ec2404 skipped
[2023.10.24 10:09:30 - warning] Commodity INE.ec not found, contract ec2408 skipped
[2023.10.24 10:09:30 - warning] Commodity INE.ec not found, contract ec2410 skipped
[2023.10.24 10:09:30 - warning] Commodity INE.ec not found, contract ec2412 skipped
[2023.10.24 10:09:30 - warning] Commodity INE.ec not found, contract ec2406 skipped
[2023.10.24 10:09:30 - warning] Commodity SHFE.ao not found, contract ao2404 skipped
[2023.10.24 10:09:30 - warning] Commodity SHFE.ao not found, contract ao2311 skipped
[2023.10.24 10:09:30 - warning] Commodity SHFE.ao not found, contract ao2402 skipped
[2023.10.24 10:09:30 - warning] Commodity SHFE.ao not found, contract ao2405 skipped
[2023.10.24 10:09:30 - warning] Commodity SHFE.ao not found, contract ao2403 skipped
[2023.10.24 10:09:30 - warning] Commodity SHFE.ao not found, contract ao2401 skipped
[2023.10.24 10:09:30 - warning] Commodity SHFE.ao not found, contract ao2408 skipped
[2023.10.24 10:09:30 - warning] Commodity SHFE.ao not found, contract ao2312 skipped
[2023.10.24 10:09:30 - warning] Commodity SHFE.ao not found, contract ao2406 skipped
[2023.10.24 10:09:30 - warning] Commodity SHFE.ao not found, contract ao2407 skipped
[2023.10.24 10:09:30 - info ] Contracts configuration file ./common/contracts.json loaded, 6 exchanges
[2023.10.24 10:09:30 - info ] Trading enviroment initialzied with engine: CTA
[2023.10.24 10:09:30 - info ] Running mode: Production
[2023.10.24 10:09:30 - info ] 44 fee templates loaded
[2023.10.24 10:09:30 - info ] [RiskControl] Params inited, Checking frequency: 0 s, MaxIDD: OFF(0.00%), MaxMDD: OFF(0.00%), Capital: 0.0, Profit Boudary: 0.00%, Calc Span: 0 mins, Risk Scale: 0.00
[2023.10.24 10:09:30 - info ] Resampled bars will be aligned by section:  not
[2023.10.24 10:09:30 - debug] Storage initialized @ /
[2023.10.24 10:09:30 - info ] No adjusting factor file configured, loading skipped
[2023.10.24 10:09:30 - info ] Data manager initialized
[2023.10.24 10:09:30 - info ] Reading parser config from tdparsers.yaml...
[2023.10.24 10:09:31 - info ] [parserCTPtest] Parser module E:/wondertrader/src/WtRunner/parsers/ParserUDP.dll loaded
[2023.10.24 10:09:31 - info ] [parserCTPtest] Parser initialzied, check_time: false
[2023.10.24 10:09:31 - info ] 1 parsers loaded
[2023.10.24 10:09:31 - info ] Reading trader config from tdtraders.yaml...
[2023.10.24 10:09:31 - info ] [simnow] Risk control rule default of trading channel loaded
[2023.10.24 10:09:31 - info ] [simnow] Trader module E:/wondertrader/src/WtRunner/traders/TraderCTP.dll loaded
[2023.10.24 10:09:31 - info ] 1 traders loaded
[2023.10.24 10:09:31 - info ] Reading executer config from executers.yaml...
[2023.10.24 10:09:31 - info ] 0 executers loaded
[2023.10.24 10:09:38 - info ] CTA strategy factory[WtCtaStraFact] loaded
[2023.10.24 10:09:38 - info ] 1 CTA strategy factories in directory[E:/wondertrader/src/WtRunner/cta/] loaded
[2023.10.24 10:09:43 - info ] [ParserUDP] Ticks subscribing sent
[2023.10.24 10:09:43 - info ] 1 parsers started
[2023.10.24 10:09:45 - error] [ParserUDP] Error occured while receiving: 由于目标计算机积极拒绝，无法连接。(10061)
[2023.10.24 10:09:45 - info ] registerFront: tcp://180.168.146.187:10201
[2023.10.24 10:09:45 - info ] 1 trading channels started
[2023.10.24 10:12:40 - info ] CtaTicker will drive engine with session TRADING
[2023.10.24 10:12:40 - info ] [ParserUDP] Ticks subscribing sent
[2023.10.24 10:12:47 - error] [ParserUDP] Error occured while receiving: 由于线程退出或应用程序请求，已中止 I/O 操作。(995)
[2023.10.24 10:12:47 - info ] Trading date confirmed: 20231024
[2023.10.24 10:58:30 - warning] No session configured for INE.ec
[2023.10.24 10:58:30 - warning] No session configured for SHFE.ao
[2023.10.24 10:58:30 - info ] Commodities configuration file ./common/commodities.json loaded
[2023.10.24 10:58:30 - warning] Commodity INE.ec not found, contract ec2404 skipped
[2023.10.24 10:58:30 - warning] Commodity INE.ec not found, contract ec2408 skipped
[2023.10.24 10:58:30 - warning] Commodity INE.ec not found, contract ec2410 skipped
[2023.10.24 10:58:30 - warning] Commodity INE.ec not found, contract ec2412 skipped
[2023.10.24 10:58:30 - warning] Commodity INE.ec not found, contract ec2406 skipped
[2023.10.24 10:58:30 - warning] Commodity SHFE.ao not found, contract ao2404 skipped
[2023.10.24 10:58:30 - warning] Commodity SHFE.ao not found, contract ao2311 skipped
[2023.10.24 10:58:30 - warning] Commodity SHFE.ao not found, contract ao2402 skipped
[2023.10.24 10:58:30 - warning] Commodity SHFE.ao not found, contract ao2405 skipped
[2023.10.24 10:58:30 - warning] Commodity SHFE.ao not found, contract ao2403 skipped
[2023.10.24 10:58:30 - warning] Commodity SHFE.ao not found, contract ao2401 skipped
[2023.10.24 10:58:30 - warning] Commodity SHFE.ao not found, contract ao2408 skipped
[2023.10.24 10:58:30 - warning] Commodity SHFE.ao not found, contract ao2312 skipped
[2023.10.24 10:58:30 - warning] Commodity SHFE.ao not found, contract ao2406 skipped
[2023.10.24 10:58:30 - warning] Commodity SHFE.ao not found, contract ao2407 skipped
[2023.10.24 10:58:30 - info ] Contracts configuration file ./common/contracts.json loaded, 6 exchanges
[2023.10.24 10:58:31 - info ] Trading enviroment initialzied with engine: CTA
[2023.10.24 10:58:31 - info ] Running mode: Production
[2023.10.24 10:58:31 - info ] 44 fee templates loaded
[2023.10.24 10:58:31 - info ] [RiskControl] Params inited, Checking frequency: 0 s, MaxIDD: OFF(0.00%), MaxMDD: OFF(0.00%), Capital: 0.0, Profit Boudary: 0.00%, Calc Span: 0 mins, Risk Scale: 0.00
[2023.10.24 10:58:31 - info ] Resampled bars will be aligned by section:  not
[2023.10.24 10:58:31 - debug] Storage initialized @ /
[2023.10.24 10:58:31 - info ] No adjusting factor file configured, loading skipped
[2023.10.24 10:58:31 - info ] Data manager initialized
[2023.10.24 10:58:31 - info ] Reading parser config from tdparsers.yaml...
[2023.10.24 10:58:31 - info ] [parserCTPtest] Parser module E:/wondertrader/src/WtRunner/parsers/ParserUDP.dll loaded
[2023.10.24 10:58:31 - info ] [parserCTPtest] Parser initialzied, check_time: false
[2023.10.24 10:58:31 - info ] 1 parsers loaded
[2023.10.24 10:58:31 - info ] Reading trader config from tdtraders.yaml...
[2023.10.24 10:58:31 - info ] [simnow] Risk control rule default of trading channel loaded
[2023.10.24 10:58:31 - info ] [simnow] Trader module E:/wondertrader/src/WtRunner/traders/TraderCTP.dll loaded
[2023.10.24 10:58:31 - info ] 1 traders loaded
[2023.10.24 10:58:31 - info ] Reading executer config from executers.yaml...
[2023.10.24 10:58:31 - info ] 0 executers loaded
[2023.10.24 10:58:31 - info ] CTA strategy factory[WtCtaStraFact] loaded
[2023.10.24 10:58:31 - info ] 1 CTA strategy factories in directory[E:/wondertrader/src/WtRunner/cta/] loaded
[2023.10.24 10:58:34 - info ] [ParserUDP] Ticks subscribing sent
[2023.10.24 10:58:34 - info ] 1 parsers started
[2023.10.24 10:58:34 - error] [ParserUDP] Error occured while receiving: 由于目标计算机积极拒绝，无法连接。(10061)
[2023.10.24 14:00:31 - warning] No session configured for INE.ec
[2023.10.24 14:00:31 - warning] No session configured for SHFE.ao
[2023.10.24 14:00:31 - info ] Commodities configuration file ./common/commodities.json loaded
[2023.10.24 14:00:31 - warning] Commodity INE.ec not found, contract ec2404 skipped
[2023.10.24 14:00:31 - warning] Commodity INE.ec not found, contract ec2408 skipped
[2023.10.24 14:00:31 - warning] Commodity INE.ec not found, contract ec2410 skipped
[2023.10.24 14:00:31 - warning] Commodity INE.ec not found, contract ec2412 skipped
[2023.10.24 14:00:31 - warning] Commodity INE.ec not found, contract ec2406 skipped
[2023.10.24 14:00:31 - warning] Commodity SHFE.ao not found, contract ao2404 skipped
[2023.10.24 14:00:31 - warning] Commodity SHFE.ao not found, contract ao2311 skipped
[2023.10.24 14:00:31 - warning] Commodity SHFE.ao not found, contract ao2402 skipped
[2023.10.24 14:00:31 - warning] Commodity SHFE.ao not found, contract ao2405 skipped
[2023.10.24 14:00:31 - warning] Commodity SHFE.ao not found, contract ao2403 skipped
[2023.10.24 14:00:31 - warning] Commodity SHFE.ao not found, contract ao2401 skipped
[2023.10.24 14:00:31 - warning] Commodity SHFE.ao not found, contract ao2408 skipped
[2023.10.24 14:00:31 - warning] Commodity SHFE.ao not found, contract ao2312 skipped
[2023.10.24 14:00:31 - warning] Commodity SHFE.ao not found, contract ao2406 skipped
[2023.10.24 14:00:31 - warning] Commodity SHFE.ao not found, contract ao2407 skipped
[2023.10.24 14:00:31 - info ] Contracts configuration file ./common/contracts.json loaded, 6 exchanges
[2023.10.24 14:00:31 - info ] Trading enviroment initialzied with engine: CTA
[2023.10.24 14:00:31 - info ] Running mode: Production
[2023.10.24 14:00:31 - info ] 44 fee templates loaded
[2023.10.24 14:00:31 - info ] [RiskControl] Params inited, Checking frequency: 0 s, MaxIDD: OFF(0.00%), MaxMDD: OFF(0.00%), Capital: 0.0, Profit Boudary: 0.00%, Calc Span: 0 mins, Risk Scale: 0.00
[2023.10.24 14:00:31 - info ] Resampled bars will be aligned by section:  not
[2023.10.24 14:00:31 - debug] Storage initialized @ /
[2023.10.24 14:00:31 - info ] No adjusting factor file configured, loading skipped
[2023.10.24 14:00:31 - info ] Data manager initialized
[2023.10.24 14:00:31 - info ] Reading parser config from tdparsers.yaml...
[2023.10.24 14:00:31 - info ] [parserCTPtest] Parser module E:/wondertrader/src/WtRunner/parsers/ParserUDP.dll loaded
[2023.10.24 14:00:31 - info ] [parserCTPtest] Parser initialzied, check_time: false
[2023.10.24 14:00:31 - info ] 1 parsers loaded
[2023.10.24 14:00:31 - info ] Reading trader config from tdtraders.yaml...
[2023.10.24 14:00:31 - info ] [simnow] Risk control rule default of trading channel loaded
[2023.10.24 14:00:31 - info ] [simnow] Trader module E:/wondertrader/src/WtRunner/traders/TraderCTP.dll loaded
[2023.10.24 14:00:31 - info ] 1 traders loaded
[2023.10.24 14:00:31 - info ] Reading executer config from executers.yaml...
[2023.10.24 14:00:31 - info ] 0 executers loaded
[2023.10.24 14:00:31 - info ] CTA strategy factory[WtCtaStraFact] loaded
[2023.10.24 14:00:31 - info ] 1 CTA strategy factories in directory[E:/wondertrader/src/WtRunner/cta/] loaded
[2023.10.24 14:00:38 - info ] [ParserUDP] Ticks subscribing sent
[2023.10.24 14:00:40 - info ] 1 parsers started
[2023.10.24 14:05:17 - warning] No session configured for INE.ec
[2023.10.24 14:05:17 - warning] No session configured for SHFE.ao
[2023.10.24 14:05:17 - info ] Commodities configuration file ./common/commodities.json loaded
[2023.10.24 14:05:17 - warning] Commodity INE.ec not found, contract ec2404 skipped
[2023.10.24 14:05:17 - warning] Commodity INE.ec not found, contract ec2408 skipped
[2023.10.24 14:05:17 - warning] Commodity INE.ec not found, contract ec2410 skipped
[2023.10.24 14:05:17 - warning] Commodity INE.ec not found, contract ec2412 skipped
[2023.10.24 14:05:17 - warning] Commodity INE.ec not found, contract ec2406 skipped
[2023.10.24 14:05:17 - warning] Commodity SHFE.ao not found, contract ao2404 skipped
[2023.10.24 14:05:17 - warning] Commodity SHFE.ao not found, contract ao2311 skipped
[2023.10.24 14:05:17 - warning] Commodity SHFE.ao not found, contract ao2402 skipped
[2023.10.24 14:05:17 - warning] Commodity SHFE.ao not found, contract ao2405 skipped
[2023.10.24 14:05:17 - warning] Commodity SHFE.ao not found, contract ao2403 skipped
[2023.10.24 14:05:17 - warning] Commodity SHFE.ao not found, contract ao2401 skipped
[2023.10.24 14:05:17 - warning] Commodity SHFE.ao not found, contract ao2408 skipped
[2023.10.24 14:05:17 - warning] Commodity SHFE.ao not found, contract ao2312 skipped
[2023.10.24 14:05:17 - warning] Commodity SHFE.ao not found, contract ao2406 skipped
[2023.10.24 14:05:17 - warning] Commodity SHFE.ao not found, contract ao2407 skipped
[2023.10.24 14:05:17 - info ] Contracts configuration file ./common/contracts.json loaded, 6 exchanges
[2023.10.24 14:05:17 - info ] Trading enviroment initialzied with engine: CTA
[2023.10.24 14:05:17 - info ] Running mode: Production
[2023.10.24 14:05:17 - info ] 44 fee templates loaded
[2023.10.24 14:05:17 - info ] [RiskControl] Params inited, Checking frequency: 0 s, MaxIDD: OFF(0.00%), MaxMDD: OFF(0.00%), Capital: 0.0, Profit Boudary: 0.00%, Calc Span: 0 mins, Risk Scale: 0.00
[2023.10.24 14:05:17 - info ] Resampled bars will be aligned by section:  not
[2023.10.24 14:05:17 - debug] Storage initialized @ /
[2023.10.24 14:05:17 - info ] No adjusting factor file configured, loading skipped
[2023.10.24 14:05:17 - info ] Data manager initialized
[2023.10.24 14:05:17 - info ] Reading parser config from tdparsers.yaml...
[2023.10.24 14:05:17 - info ] [parserCTPtest] Parser module E:/wondertrader/src/WtRunner/parsers/ParserUDP.dll loaded
[2023.10.24 14:05:17 - info ] [parserCTPtest] Parser initialzied, check_time: false
[2023.10.24 14:05:17 - info ] 1 parsers loaded
[2023.10.24 14:05:17 - info ] Reading trader config from tdtraders.yaml...
[2023.10.24 14:05:17 - info ] [simnow] Risk control rule default of trading channel loaded
[2023.10.24 14:05:17 - info ] [simnow] Trader module E:/wondertrader/src/WtRunner/traders/TraderCTP.dll loaded
[2023.10.24 14:05:17 - info ] 1 traders loaded
[2023.10.24 14:05:17 - info ] Reading executer config from executers.yaml...
[2023.10.24 14:05:17 - info ] 0 executers loaded
[2023.10.24 14:05:17 - info ] CTA strategy factory[WtCtaStraFact] loaded
[2023.10.24 14:05:17 - info ] 1 CTA strategy factories in directory[E:/wondertrader/src/WtRunner/cta/] loaded
[2023.10.24 14:05:23 - info ] [ParserUDP] Ticks subscribing sent
[2023.10.24 14:05:24 - info ] 1 parsers started
[2023.10.24 14:05:43 - error] [ParserUDP] Error occured while receiving: 由于目标计算机积极拒绝，无法连接。(10061)
[2023.10.24 14:05:43 - info ] registerFront: tcp://180.168.146.187:10201
[2023.10.24 14:05:46 - info ] 1 trading channels started
[2023.10.24 14:06:36 - info ] CtaTicker will drive engine with session TRADING
[2023.10.24 14:06:56 - info ] [ParserUDP] Ticks subscribing sent
[2023.10.24 14:06:56 - info ] Trading date confirmed: 20231024
[2023.10.24 14:06:56 - error] [ParserUDP] Error occured while receiving: 由于线程退出或应用程序请求，已中止 I/O 操作。(995)
[2023.10.24 16:41:45 - warning] No session configured for INE.ec
[2023.10.24 16:41:45 - warning] No session configured for SHFE.ao
[2023.10.24 16:41:45 - info ] Commodities configuration file ./common/commodities.json loaded
[2023.10.24 16:41:45 - warning] Commodity INE.ec not found, contract ec2404 skipped
[2023.10.24 16:41:45 - warning] Commodity INE.ec not found, contract ec2408 skipped
[2023.10.24 16:41:45 - warning] Commodity INE.ec not found, contract ec2410 skipped
[2023.10.24 16:41:45 - warning] Commodity INE.ec not found, contract ec2412 skipped
[2023.10.24 16:41:45 - warning] Commodity INE.ec not found, contract ec2406 skipped
[2023.10.24 16:41:45 - warning] Commodity SHFE.ao not found, contract ao2404 skipped
[2023.10.24 16:41:45 - warning] Commodity SHFE.ao not found, contract ao2311 skipped
[2023.10.24 16:41:45 - warning] Commodity SHFE.ao not found, contract ao2402 skipped
[2023.10.24 16:41:45 - warning] Commodity SHFE.ao not found, contract ao2405 skipped
[2023.10.24 16:41:45 - warning] Commodity SHFE.ao not found, contract ao2403 skipped
[2023.10.24 16:41:45 - warning] Commodity SHFE.ao not found, contract ao2401 skipped
[2023.10.24 16:41:45 - warning] Commodity SHFE.ao not found, contract ao2408 skipped
[2023.10.24 16:41:45 - warning] Commodity SHFE.ao not found, contract ao2312 skipped
[2023.10.24 16:41:45 - warning] Commodity SHFE.ao not found, contract ao2406 skipped
[2023.10.24 16:41:45 - warning] Commodity SHFE.ao not found, contract ao2407 skipped
[2023.10.24 16:41:45 - info ] Contracts configuration file ./common/contracts.json loaded, 6 exchanges
[2023.10.24 16:41:51 - info ] Trading enviroment initialzied with engine: HFT
[2023.10.24 16:41:51 - info ] Running mode: Production
[2023.10.24 16:41:51 - error] Fee templates file ../common/fees.json not exists
[2023.10.24 16:41:51 - warning] RiskMon is not configured, portfilio fund will be updated every 5s
[2023.10.24 16:41:53 - info ] Resampled bars will be aligned by section:  not
[2023.10.24 16:41:53 - debug] Storage initialized @ /
[2023.10.24 16:41:53 - info ] No adjusting factor file configured, loading skipped
[2023.10.24 16:41:53 - info ] Data manager initialized
[2023.10.24 16:42:04 - info ] Reading parser config from tdparsers.yaml...
[2023.10.24 16:42:21 - info ] [parser] Parser module E:/wondertrader/src/WtRunner/parsers/ParserCTP.dll loaded
[2023.10.24 16:42:50 - warning] No session configured for INE.ec
[2023.10.24 16:42:50 - warning] No session configured for SHFE.ao
[2023.10.24 16:42:50 - info ] Commodities configuration file ./common/commodities.json loaded
[2023.10.24 16:42:50 - warning] Commodity INE.ec not found, contract ec2404 skipped
[2023.10.24 16:42:50 - warning] Commodity INE.ec not found, contract ec2408 skipped
[2023.10.24 16:42:50 - warning] Commodity INE.ec not found, contract ec2410 skipped
[2023.10.24 16:42:50 - warning] Commodity INE.ec not found, contract ec2412 skipped
[2023.10.24 16:42:50 - warning] Commodity INE.ec not found, contract ec2406 skipped
[2023.10.24 16:42:50 - warning] Commodity SHFE.ao not found, contract ao2404 skipped
[2023.10.24 16:42:50 - warning] Commodity SHFE.ao not found, contract ao2311 skipped
[2023.10.24 16:42:50 - warning] Commodity SHFE.ao not found, contract ao2402 skipped
[2023.10.24 16:42:50 - warning] Commodity SHFE.ao not found, contract ao2405 skipped
[2023.10.24 16:42:50 - warning] Commodity SHFE.ao not found, contract ao2403 skipped
[2023.10.24 16:42:50 - warning] Commodity SHFE.ao not found, contract ao2401 skipped
[2023.10.24 16:42:50 - warning] Commodity SHFE.ao not found, contract ao2408 skipped
[2023.10.24 16:42:50 - warning] Commodity SHFE.ao not found, contract ao2312 skipped
[2023.10.24 16:42:50 - warning] Commodity SHFE.ao not found, contract ao2406 skipped
[2023.10.24 16:42:50 - warning] Commodity SHFE.ao not found, contract ao2407 skipped
[2023.10.24 16:42:50 - info ] Contracts configuration file ./common/contracts.json loaded, 6 exchanges
[2023.10.24 16:43:03 - info ] Trading enviroment initialzied with engine: HFT
[2023.10.24 16:43:03 - info ] Running mode: Production
[2023.10.24 16:43:03 - error] Fee templates file ../common/fees.json not exists
[2023.10.24 16:43:03 - warning] RiskMon is not configured, portfilio fund will be updated every 5s
[2023.10.24 16:43:05 - info ] Resampled bars will be aligned by section:  not
[2023.10.24 16:43:05 - debug] Storage initialized @ /
[2023.10.24 16:43:05 - info ] No adjusting factor file configured, loading skipped
[2023.10.24 16:43:05 - info ] Data manager initialized
[2023.10.24 16:43:05 - info ] Reading parser config from tdparsers.yaml...
[2023.10.24 16:48:16 - warning] No session configured for INE.ec
[2023.10.24 16:48:16 - warning] No session configured for SHFE.ao
[2023.10.24 16:48:16 - info ] Commodities configuration file ./common/commodities.json loaded
[2023.10.24 16:48:16 - warning] Commodity INE.ec not found, contract ec2404 skipped
[2023.10.24 16:48:16 - warning] Commodity INE.ec not found, contract ec2408 skipped
[2023.10.24 16:48:16 - warning] Commodity INE.ec not found, contract ec2410 skipped
[2023.10.24 16:48:16 - warning] Commodity INE.ec not found, contract ec2412 skipped
[2023.10.24 16:48:16 - warning] Commodity INE.ec not found, contract ec2406 skipped
[2023.10.24 16:48:16 - warning] Commodity SHFE.ao not found, contract ao2404 skipped
[2023.10.24 16:48:16 - warning] Commodity SHFE.ao not found, contract ao2311 skipped
[2023.10.24 16:48:16 - warning] Commodity SHFE.ao not found, contract ao2402 skipped
[2023.10.24 16:48:16 - warning] Commodity SHFE.ao not found, contract ao2405 skipped
[2023.10.24 16:48:16 - warning] Commodity SHFE.ao not found, contract ao2403 skipped
[2023.10.24 16:48:16 - warning] Commodity SHFE.ao not found, contract ao2401 skipped
[2023.10.24 16:48:16 - warning] Commodity SHFE.ao not found, contract ao2408 skipped
[2023.10.24 16:48:16 - warning] Commodity SHFE.ao not found, contract ao2312 skipped
[2023.10.24 16:48:16 - warning] Commodity SHFE.ao not found, contract ao2406 skipped
[2023.10.24 16:48:16 - warning] Commodity SHFE.ao not found, contract ao2407 skipped
[2023.10.24 16:48:16 - info ] Contracts configuration file ./common/contracts.json loaded, 6 exchanges
[2023.10.24 16:48:16 - info ] Trading enviroment initialzied with engine: HFT
[2023.10.24 16:48:16 - info ] Running mode: Production
[2023.10.24 16:48:16 - info ] 44 fee templates loaded
[2023.10.24 16:48:16 - warning] RiskMon is not configured, portfilio fund will be updated every 5s
[2023.10.24 16:48:16 - info ] Resampled bars will be aligned by section:  not
[2023.10.24 16:48:16 - debug] Storage initialized @ /
[2023.10.24 16:48:16 - info ] No adjusting factor file configured, loading skipped
[2023.10.24 16:48:16 - info ] Data manager initialized
[2023.10.24 16:48:16 - info ] Reading parser config from tdparsers.yaml...
[2023.10.24 16:48:16 - info ] [parser] Parser module E:/wondertrader/src/WtRunner/parsers/ParserCTP.dll loaded
[2023.10.24 16:53:01 - warning] No session configured for INE.ec
[2023.10.24 16:53:01 - warning] No session configured for SHFE.ao
[2023.10.24 16:53:01 - info ] Commodities configuration file ./common/commodities.json loaded
[2023.10.24 16:53:03 - warning] Commodity INE.ec not found, contract ec2404 skipped
[2023.10.24 16:53:03 - warning] Commodity INE.ec not found, contract ec2408 skipped
[2023.10.24 16:53:03 - warning] Commodity INE.ec not found, contract ec2410 skipped
[2023.10.24 16:53:03 - warning] Commodity INE.ec not found, contract ec2412 skipped
[2023.10.24 16:53:03 - warning] Commodity INE.ec not found, contract ec2406 skipped
[2023.10.24 16:53:03 - warning] Commodity SHFE.ao not found, contract ao2404 skipped
[2023.10.24 16:53:03 - warning] Commodity SHFE.ao not found, contract ao2311 skipped
[2023.10.24 16:53:03 - warning] Commodity SHFE.ao not found, contract ao2402 skipped
[2023.10.24 16:53:03 - warning] Commodity SHFE.ao not found, contract ao2405 skipped
[2023.10.24 16:53:03 - warning] Commodity SHFE.ao not found, contract ao2403 skipped
[2023.10.24 16:53:03 - warning] Commodity SHFE.ao not found, contract ao2401 skipped
[2023.10.24 16:53:03 - warning] Commodity SHFE.ao not found, contract ao2408 skipped
[2023.10.24 16:53:03 - warning] Commodity SHFE.ao not found, contract ao2312 skipped
[2023.10.24 16:53:03 - warning] Commodity SHFE.ao not found, contract ao2406 skipped
[2023.10.24 16:53:03 - warning] Commodity SHFE.ao not found, contract ao2407 skipped
[2023.10.24 16:53:03 - info ] Contracts configuration file ./common/contracts.json loaded, 6 exchanges
[2023.10.24 16:53:11 - info ] Trading enviroment initialzied with engine: HFT
[2023.10.24 16:53:11 - info ] Running mode: Production
[2023.10.24 16:53:11 - info ] 44 fee templates loaded
[2023.10.24 16:53:11 - warning] RiskMon is not configured, portfilio fund will be updated every 5s
[2023.10.24 16:53:14 - info ] Resampled bars will be aligned by section:  not
[2023.10.24 16:53:15 - debug] Storage initialized @ /
[2023.10.24 16:53:15 - info ] No adjusting factor file configured, loading skipped
[2023.10.24 16:53:15 - info ] Data manager initialized
[2023.10.24 16:53:34 - warning] No session configured for INE.ec
[2023.10.24 16:53:34 - warning] No session configured for SHFE.ao
[2023.10.24 16:53:34 - info ] Commodities configuration file ./common/commodities.json loaded
[2023.10.24 16:53:35 - warning] Commodity INE.ec not found, contract ec2404 skipped
[2023.10.24 16:53:35 - warning] Commodity INE.ec not found, contract ec2408 skipped
[2023.10.24 16:53:35 - warning] Commodity INE.ec not found, contract ec2410 skipped
[2023.10.24 16:53:35 - warning] Commodity INE.ec not found, contract ec2412 skipped
[2023.10.24 16:53:35 - warning] Commodity INE.ec not found, contract ec2406 skipped
[2023.10.24 16:53:35 - warning] Commodity SHFE.ao not found, contract ao2404 skipped
[2023.10.24 16:53:35 - warning] Commodity SHFE.ao not found, contract ao2311 skipped
[2023.10.24 16:53:35 - warning] Commodity SHFE.ao not found, contract ao2402 skipped
[2023.10.24 16:53:35 - warning] Commodity SHFE.ao not found, contract ao2405 skipped
[2023.10.24 16:53:35 - warning] Commodity SHFE.ao not found, contract ao2403 skipped
[2023.10.24 16:53:35 - warning] Commodity SHFE.ao not found, contract ao2401 skipped
[2023.10.24 16:53:35 - warning] Commodity SHFE.ao not found, contract ao2408 skipped
[2023.10.24 16:53:35 - warning] Commodity SHFE.ao not found, contract ao2312 skipped
[2023.10.24 16:53:35 - warning] Commodity SHFE.ao not found, contract ao2406 skipped
[2023.10.24 16:53:35 - warning] Commodity SHFE.ao not found, contract ao2407 skipped
[2023.10.24 16:53:35 - info ] Contracts configuration file ./common/contracts.json loaded, 6 exchanges
[2023.10.24 16:53:35 - info ] Trading enviroment initialzied with engine: HFT
[2023.10.24 16:53:35 - info ] Running mode: Production
[2023.10.24 16:53:35 - info ] 44 fee templates loaded
[2023.10.24 16:53:35 - warning] RiskMon is not configured, portfilio fund will be updated every 5s
[2023.10.24 16:53:37 - info ] Resampled bars will be aligned by section:  not
[2023.10.24 16:53:37 - debug] Storage initialized @ /
[2023.10.24 16:53:37 - info ] No adjusting factor file configured, loading skipped
[2023.10.24 16:53:37 - info ] Data manager initialized
[2023.10.24 16:53:57 - warning] No session configured for INE.ec
[2023.10.24 16:53:57 - warning] No session configured for SHFE.ao
[2023.10.24 16:53:57 - info ] Commodities configuration file ./common/commodities.json loaded
[2023.10.24 16:53:57 - warning] Commodity INE.ec not found, contract ec2404 skipped
[2023.10.24 16:53:57 - warning] Commodity INE.ec not found, contract ec2408 skipped
[2023.10.24 16:53:57 - warning] Commodity INE.ec not found, contract ec2410 skipped
[2023.10.24 16:53:57 - warning] Commodity INE.ec not found, contract ec2412 skipped
[2023.10.24 16:53:57 - warning] Commodity INE.ec not found, contract ec2406 skipped
[2023.10.24 16:53:57 - warning] Commodity SHFE.ao not found, contract ao2404 skipped
[2023.10.24 16:53:57 - warning] Commodity SHFE.ao not found, contract ao2311 skipped
[2023.10.24 16:53:57 - warning] Commodity SHFE.ao not found, contract ao2402 skipped
[2023.10.24 16:53:57 - warning] Commodity SHFE.ao not found, contract ao2405 skipped
[2023.10.24 16:53:57 - warning] Commodity SHFE.ao not found, contract ao2403 skipped
[2023.10.24 16:53:57 - warning] Commodity SHFE.ao not found, contract ao2401 skipped
[2023.10.24 16:53:57 - warning] Commodity SHFE.ao not found, contract ao2408 skipped
[2023.10.24 16:53:57 - warning] Commodity SHFE.ao not found, contract ao2312 skipped
[2023.10.24 16:53:58 - warning] Commodity SHFE.ao not found, contract ao2406 skipped
[2023.10.24 16:53:58 - warning] Commodity SHFE.ao not found, contract ao2407 skipped
[2023.10.24 16:53:58 - info ] Contracts configuration file ./common/contracts.json loaded, 6 exchanges
[2023.10.24 16:53:58 - info ] Trading enviroment initialzied with engine: HFT
[2023.10.24 16:53:58 - info ] Running mode: Production
[2023.10.24 16:53:58 - info ] 44 fee templates loaded
[2023.10.24 16:53:58 - warning] RiskMon is not configured, portfilio fund will be updated every 5s
[2023.10.24 16:53:59 - info ] Resampled bars will be aligned by section:  not
[2023.10.24 16:53:59 - debug] Storage initialized @ /
[2023.10.24 16:53:59 - info ] No adjusting factor file configured, loading skipped
[2023.10.24 16:53:59 - info ] Data manager initialized
[2023.10.24 16:54:10 - warning] No session configured for INE.ec
[2023.10.24 16:54:10 - warning] No session configured for SHFE.ao
[2023.10.24 16:54:10 - info ] Commodities configuration file ./common/commodities.json loaded
[2023.10.24 16:54:10 - warning] Commodity INE.ec not found, contract ec2404 skipped
[2023.10.24 16:54:10 - warning] Commodity INE.ec not found, contract ec2408 skipped
[2023.10.24 16:54:10 - warning] Commodity INE.ec not found, contract ec2410 skipped
[2023.10.24 16:54:10 - warning] Commodity INE.ec not found, contract ec2412 skipped
[2023.10.24 16:54:10 - warning] Commodity INE.ec not found, contract ec2406 skipped
[2023.10.24 16:54:10 - warning] Commodity SHFE.ao not found, contract ao2404 skipped
[2023.10.24 16:54:10 - warning] Commodity SHFE.ao not found, contract ao2311 skipped
[2023.10.24 16:54:10 - warning] Commodity SHFE.ao not found, contract ao2402 skipped
[2023.10.24 16:54:10 - warning] Commodity SHFE.ao not found, contract ao2405 skipped
[2023.10.24 16:54:10 - warning] Commodity SHFE.ao not found, contract ao2403 skipped
[2023.10.24 16:54:10 - warning] Commodity SHFE.ao not found, contract ao2401 skipped
[2023.10.24 16:54:10 - warning] Commodity SHFE.ao not found, contract ao2408 skipped
[2023.10.24 16:54:10 - warning] Commodity SHFE.ao not found, contract ao2312 skipped
[2023.10.24 16:54:10 - warning] Commodity SHFE.ao not found, contract ao2406 skipped
[2023.10.24 16:54:10 - warning] Commodity SHFE.ao not found, contract ao2407 skipped
[2023.10.24 16:54:10 - info ] Contracts configuration file ./common/contracts.json loaded, 6 exchanges
[2023.10.24 16:54:11 - info ] Trading enviroment initialzied with engine: HFT
[2023.10.24 16:54:11 - info ] Running mode: Production
[2023.10.24 16:54:11 - info ] 44 fee templates loaded
[2023.10.24 16:54:11 - warning] RiskMon is not configured, portfilio fund will be updated every 5s
[2023.10.24 16:54:12 - info ] Resampled bars will be aligned by section:  not
[2023.10.24 16:54:12 - debug] Storage initialized @ /
[2023.10.24 16:54:12 - info ] No adjusting factor file configured, loading skipped
[2023.10.24 16:54:12 - info ] Data manager initialized
[2023.10.24 16:54:18 - info ] Reading parser config from tdparsers.yaml...
[2023.10.24 16:54:39 - warning] No session configured for INE.ec
[2023.10.24 16:54:39 - warning] No session configured for SHFE.ao
[2023.10.24 16:54:39 - info ] Commodities configuration file ./common/commodities.json loaded
[2023.10.24 16:54:39 - warning] Commodity INE.ec not found, contract ec2404 skipped
[2023.10.24 16:54:39 - warning] Commodity INE.ec not found, contract ec2408 skipped
[2023.10.24 16:54:39 - warning] Commodity INE.ec not found, contract ec2410 skipped
[2023.10.24 16:54:39 - warning] Commodity INE.ec not found, contract ec2412 skipped
[2023.10.24 16:54:39 - warning] Commodity INE.ec not found, contract ec2406 skipped
[2023.10.24 16:54:39 - warning] Commodity SHFE.ao not found, contract ao2404 skipped
[2023.10.24 16:54:39 - warning] Commodity SHFE.ao not found, contract ao2311 skipped
[2023.10.24 16:54:39 - warning] Commodity SHFE.ao not found, contract ao2402 skipped
[2023.10.24 16:54:39 - warning] Commodity SHFE.ao not found, contract ao2405 skipped
[2023.10.24 16:54:39 - warning] Commodity SHFE.ao not found, contract ao2403 skipped
[2023.10.24 16:54:39 - warning] Commodity SHFE.ao not found, contract ao2401 skipped
[2023.10.24 16:54:39 - warning] Commodity SHFE.ao not found, contract ao2408 skipped
[2023.10.24 16:54:39 - warning] Commodity SHFE.ao not found, contract ao2312 skipped
[2023.10.24 16:54:39 - warning] Commodity SHFE.ao not found, contract ao2406 skipped
[2023.10.24 16:54:39 - warning] Commodity SHFE.ao not found, contract ao2407 skipped
[2023.10.24 16:54:39 - info ] Contracts configuration file ./common/contracts.json loaded, 6 exchanges
[2023.10.24 16:54:39 - info ] Trading enviroment initialzied with engine: HFT
[2023.10.24 16:54:39 - info ] Running mode: Production
[2023.10.24 16:54:39 - info ] 44 fee templates loaded
[2023.10.24 16:54:39 - warning] RiskMon is not configured, portfilio fund will be updated every 5s
[2023.10.24 16:54:41 - info ] Resampled bars will be aligned by section:  not
[2023.10.24 16:54:41 - debug] Storage initialized @ /
[2023.10.24 16:54:41 - info ] No adjusting factor file configured, loading skipped
[2023.10.24 16:54:41 - info ] Data manager initialized
[2023.10.24 16:54:44 - info ] Reading parser config from tdparsers.yaml...
[2023.10.24 16:56:06 - warning] No session configured for INE.ec
[2023.10.24 16:56:06 - warning] No session configured for SHFE.ao
[2023.10.24 16:56:06 - info ] Commodities configuration file ./common/commodities.json loaded
[2023.10.24 16:56:06 - warning] Commodity INE.ec not found, contract ec2404 skipped
[2023.10.24 16:56:06 - warning] Commodity INE.ec not found, contract ec2408 skipped
[2023.10.24 16:56:06 - warning] Commodity INE.ec not found, contract ec2410 skipped
[2023.10.24 16:56:06 - warning] Commodity INE.ec not found, contract ec2412 skipped
[2023.10.24 16:56:06 - warning] Commodity INE.ec not found, contract ec2406 skipped
[2023.10.24 16:56:06 - warning] Commodity SHFE.ao not found, contract ao2404 skipped
[2023.10.24 16:56:06 - warning] Commodity SHFE.ao not found, contract ao2311 skipped
[2023.10.24 16:56:06 - warning] Commodity SHFE.ao not found, contract ao2402 skipped
[2023.10.24 16:56:06 - warning] Commodity SHFE.ao not found, contract ao2405 skipped
[2023.10.24 16:56:06 - warning] Commodity SHFE.ao not found, contract ao2403 skipped
[2023.10.24 16:56:06 - warning] Commodity SHFE.ao not found, contract ao2401 skipped
[2023.10.24 16:56:06 - warning] Commodity SHFE.ao not found, contract ao2408 skipped
[2023.10.24 16:56:06 - warning] Commodity SHFE.ao not found, contract ao2312 skipped
[2023.10.24 16:56:06 - warning] Commodity SHFE.ao not found, contract ao2406 skipped
[2023.10.24 16:56:06 - warning] Commodity SHFE.ao not found, contract ao2407 skipped
[2023.10.24 16:56:06 - info ] Contracts configuration file ./common/contracts.json loaded, 6 exchanges
[2023.10.24 16:56:07 - info ] Trading enviroment initialzied with engine: HFT
[2023.10.24 16:56:07 - info ] Running mode: Production
[2023.10.24 16:56:07 - info ] 44 fee templates loaded
[2023.10.24 16:56:07 - warning] RiskMon is not configured, portfilio fund will be updated every 5s
[2023.10.24 16:56:07 - info ] Resampled bars will be aligned by section:  not
[2023.10.24 16:56:07 - debug] Storage initialized @ /
[2023.10.24 16:56:07 - info ] No adjusting factor file configured, loading skipped
[2023.10.24 16:56:07 - info ] Data manager initialized
[2023.10.24 16:56:07 - info ] Reading parser config from tdparsers.yaml...
[2023.10.24 16:56:21 - warning] No session configured for INE.ec
[2023.10.24 16:56:21 - warning] No session configured for SHFE.ao
[2023.10.24 16:56:21 - info ] Commodities configuration file ./common/commodities.json loaded
[2023.10.24 16:56:21 - warning] Commodity INE.ec not found, contract ec2404 skipped
[2023.10.24 16:56:21 - warning] Commodity INE.ec not found, contract ec2408 skipped
[2023.10.24 16:56:21 - warning] Commodity INE.ec not found, contract ec2410 skipped
[2023.10.24 16:56:21 - warning] Commodity INE.ec not found, contract ec2412 skipped
[2023.10.24 16:56:21 - warning] Commodity INE.ec not found, contract ec2406 skipped
[2023.10.24 16:56:21 - warning] Commodity SHFE.ao not found, contract ao2404 skipped
[2023.10.24 16:56:21 - warning] Commodity SHFE.ao not found, contract ao2311 skipped
[2023.10.24 16:56:21 - warning] Commodity SHFE.ao not found, contract ao2402 skipped
[2023.10.24 16:56:21 - warning] Commodity SHFE.ao not found, contract ao2405 skipped
[2023.10.24 16:56:21 - warning] Commodity SHFE.ao not found, contract ao2403 skipped
[2023.10.24 16:56:21 - warning] Commodity SHFE.ao not found, contract ao2401 skipped
[2023.10.24 16:56:21 - warning] Commodity SHFE.ao not found, contract ao2408 skipped
[2023.10.24 16:56:21 - warning] Commodity SHFE.ao not found, contract ao2312 skipped
[2023.10.24 16:56:21 - warning] Commodity SHFE.ao not found, contract ao2406 skipped
[2023.10.24 16:56:21 - warning] Commodity SHFE.ao not found, contract ao2407 skipped
[2023.10.24 16:56:21 - info ] Contracts configuration file ./common/contracts.json loaded, 6 exchanges
[2023.10.24 16:56:21 - info ] Trading enviroment initialzied with engine: HFT
[2023.10.24 16:56:21 - info ] Running mode: Production
[2023.10.24 16:56:21 - info ] 44 fee templates loaded
[2023.10.24 16:56:21 - warning] RiskMon is not configured, portfilio fund will be updated every 5s
[2023.10.24 16:56:21 - info ] Resampled bars will be aligned by section:  not
[2023.10.24 16:56:21 - debug] Storage initialized @ /
[2023.10.24 16:56:21 - info ] No adjusting factor file configured, loading skipped
[2023.10.24 16:56:21 - info ] Data manager initialized
[2023.10.24 16:56:21 - info ] Reading parser config from tdparsers.yaml...
[2023.10.24 16:56:50 - info ] [parser] Parser module E:/wondertrader/src/WtRunner/parsers/ParserCTP.dll loaded
[2023.10.24 17:03:25 - warning] No session configured for INE.ec
[2023.10.24 17:03:25 - warning] No session configured for SHFE.ao
[2023.10.24 17:03:25 - info ] Commodities configuration file ./common/commodities.json loaded
[2023.10.24 17:03:25 - warning] Commodity INE.ec not found, contract ec2404 skipped
[2023.10.24 17:03:25 - warning] Commodity INE.ec not found, contract ec2408 skipped
[2023.10.24 17:03:25 - warning] Commodity INE.ec not found, contract ec2410 skipped
[2023.10.24 17:03:25 - warning] Commodity INE.ec not found, contract ec2412 skipped
[2023.10.24 17:03:25 - warning] Commodity INE.ec not found, contract ec2406 skipped
[2023.10.24 17:03:25 - warning] Commodity SHFE.ao not found, contract ao2404 skipped
[2023.10.24 17:03:25 - warning] Commodity SHFE.ao not found, contract ao2311 skipped
[2023.10.24 17:03:25 - warning] Commodity SHFE.ao not found, contract ao2402 skipped
[2023.10.24 17:03:25 - warning] Commodity SHFE.ao not found, contract ao2405 skipped
[2023.10.24 17:03:25 - warning] Commodity SHFE.ao not found, contract ao2403 skipped
[2023.10.24 17:03:25 - warning] Commodity SHFE.ao not found, contract ao2401 skipped
[2023.10.24 17:03:25 - warning] Commodity SHFE.ao not found, contract ao2408 skipped
[2023.10.24 17:03:25 - warning] Commodity SHFE.ao not found, contract ao2312 skipped
[2023.10.24 17:03:25 - warning] Commodity SHFE.ao not found, contract ao2406 skipped
[2023.10.24 17:03:25 - warning] Commodity SHFE.ao not found, contract ao2407 skipped
[2023.10.24 17:03:25 - info ] Contracts configuration file ./common/contracts.json loaded, 6 exchanges
[2023.10.24 17:03:25 - info ] Trading enviroment initialzied with engine: HFT
[2023.10.24 17:03:25 - info ] Running mode: Production
[2023.10.24 17:03:25 - info ] 44 fee templates loaded
[2023.10.24 17:03:25 - warning] RiskMon is not configured, portfilio fund will be updated every 5s
[2023.10.24 17:03:25 - info ] Resampled bars will be aligned by section:  not
[2023.10.24 17:03:25 - debug] Storage initialized @ /
[2023.10.24 17:03:25 - info ] No adjusting factor file configured, loading skipped
[2023.10.24 17:03:25 - info ] Data manager initialized
[2023.10.24 17:03:25 - info ] Reading parser config from tdparsers.yaml...
[2023.10.24 17:05:10 - warning] No session configured for INE.ec
[2023.10.24 17:05:10 - warning] No session configured for SHFE.ao
[2023.10.24 17:05:10 - info ] Commodities configuration file ./common/commodities.json loaded
[2023.10.24 17:05:10 - warning] Commodity INE.ec not found, contract ec2404 skipped
[2023.10.24 17:05:10 - warning] Commodity INE.ec not found, contract ec2408 skipped
[2023.10.24 17:05:10 - warning] Commodity INE.ec not found, contract ec2410 skipped
[2023.10.24 17:05:10 - warning] Commodity INE.ec not found, contract ec2412 skipped
[2023.10.24 17:05:10 - warning] Commodity INE.ec not found, contract ec2406 skipped
[2023.10.24 17:05:10 - warning] Commodity SHFE.ao not found, contract ao2404 skipped
[2023.10.24 17:05:10 - warning] Commodity SHFE.ao not found, contract ao2311 skipped
[2023.10.24 17:05:10 - warning] Commodity SHFE.ao not found, contract ao2402 skipped
[2023.10.24 17:05:10 - warning] Commodity SHFE.ao not found, contract ao2405 skipped
[2023.10.24 17:05:10 - warning] Commodity SHFE.ao not found, contract ao2403 skipped
[2023.10.24 17:05:10 - warning] Commodity SHFE.ao not found, contract ao2401 skipped
[2023.10.24 17:05:10 - warning] Commodity SHFE.ao not found, contract ao2408 skipped
[2023.10.24 17:05:10 - warning] Commodity SHFE.ao not found, contract ao2312 skipped
[2023.10.24 17:05:10 - warning] Commodity SHFE.ao not found, contract ao2406 skipped
[2023.10.24 17:05:10 - warning] Commodity SHFE.ao not found, contract ao2407 skipped
[2023.10.24 17:05:10 - info ] Contracts configuration file ./common/contracts.json loaded, 6 exchanges
[2023.10.24 17:05:10 - info ] Trading enviroment initialzied with engine: HFT
[2023.10.24 17:05:10 - info ] Running mode: Production
[2023.10.24 17:05:10 - info ] 44 fee templates loaded
[2023.10.24 17:05:10 - warning] RiskMon is not configured, portfilio fund will be updated every 5s
[2023.10.24 17:05:10 - info ] Resampled bars will be aligned by section:  not
[2023.10.24 17:05:10 - debug] Storage initialized @ /
[2023.10.24 17:05:10 - info ] No adjusting factor file configured, loading skipped
[2023.10.24 17:05:10 - info ] Data manager initialized
[2023.10.24 17:05:10 - info ] Reading parser config from tdparsers.yaml...
[2023.10.24 17:16:28 - warning] No session configured for INE.ec
[2023.10.24 17:16:28 - warning] No session configured for SHFE.ao
[2023.10.24 17:16:28 - info ] Commodities configuration file ./common/commodities.json loaded
[2023.10.24 17:16:28 - warning] Commodity INE.ec not found, contract ec2404 skipped
[2023.10.24 17:16:28 - warning] Commodity INE.ec not found, contract ec2408 skipped
[2023.10.24 17:16:28 - warning] Commodity INE.ec not found, contract ec2410 skipped
[2023.10.24 17:16:28 - warning] Commodity INE.ec not found, contract ec2412 skipped
[2023.10.24 17:16:28 - warning] Commodity INE.ec not found, contract ec2406 skipped
[2023.10.24 17:16:28 - warning] Commodity SHFE.ao not found, contract ao2404 skipped
[2023.10.24 17:16:28 - warning] Commodity SHFE.ao not found, contract ao2311 skipped
[2023.10.24 17:16:28 - warning] Commodity SHFE.ao not found, contract ao2402 skipped
[2023.10.24 17:16:28 - warning] Commodity SHFE.ao not found, contract ao2405 skipped
[2023.10.24 17:16:28 - warning] Commodity SHFE.ao not found, contract ao2403 skipped
[2023.10.24 17:16:28 - warning] Commodity SHFE.ao not found, contract ao2401 skipped
[2023.10.24 17:16:28 - warning] Commodity SHFE.ao not found, contract ao2408 skipped
[2023.10.24 17:16:28 - warning] Commodity SHFE.ao not found, contract ao2312 skipped
[2023.10.24 17:16:28 - warning] Commodity SHFE.ao not found, contract ao2406 skipped
[2023.10.24 17:16:28 - warning] Commodity SHFE.ao not found, contract ao2407 skipped
[2023.10.24 17:16:28 - info ] Contracts configuration file ./common/contracts.json loaded, 6 exchanges
[2023.10.24 17:16:29 - info ] Trading enviroment initialzied with engine: HFT
[2023.10.24 17:16:29 - info ] Running mode: Production
[2023.10.24 17:16:29 - info ] 44 fee templates loaded
[2023.10.24 17:16:29 - warning] RiskMon is not configured, portfilio fund will be updated every 5s
[2023.10.24 17:16:29 - info ] Resampled bars will be aligned by section:  not
[2023.10.24 17:16:29 - debug] Storage initialized @ /
[2023.10.24 17:16:29 - info ] No adjusting factor file configured, loading skipped
[2023.10.24 17:16:29 - info ] Data manager initialized
[2023.10.24 17:16:29 - info ] Reading parser config from tdparsers.yaml...
[2023.10.24 17:17:17 - warning] No session configured for INE.ec
[2023.10.24 17:17:17 - warning] No session configured for SHFE.ao
[2023.10.24 17:17:17 - info ] Commodities configuration file ./common/commodities.json loaded
[2023.10.24 17:17:17 - warning] Commodity INE.ec not found, contract ec2404 skipped
[2023.10.24 17:17:17 - warning] Commodity INE.ec not found, contract ec2408 skipped
[2023.10.24 17:17:17 - warning] Commodity INE.ec not found, contract ec2410 skipped
[2023.10.24 17:17:17 - warning] Commodity INE.ec not found, contract ec2412 skipped
[2023.10.24 17:17:17 - warning] Commodity INE.ec not found, contract ec2406 skipped
[2023.10.24 17:17:17 - warning] Commodity SHFE.ao not found, contract ao2404 skipped
[2023.10.24 17:17:17 - warning] Commodity SHFE.ao not found, contract ao2311 skipped
[2023.10.24 17:17:17 - warning] Commodity SHFE.ao not found, contract ao2402 skipped
[2023.10.24 17:17:17 - warning] Commodity SHFE.ao not found, contract ao2405 skipped
[2023.10.24 17:17:17 - warning] Commodity SHFE.ao not found, contract ao2403 skipped
[2023.10.24 17:17:17 - warning] Commodity SHFE.ao not found, contract ao2401 skipped
[2023.10.24 17:17:17 - warning] Commodity SHFE.ao not found, contract ao2408 skipped
[2023.10.24 17:17:17 - warning] Commodity SHFE.ao not found, contract ao2312 skipped
[2023.10.24 17:17:17 - warning] Commodity SHFE.ao not found, contract ao2406 skipped
[2023.10.24 17:17:17 - warning] Commodity SHFE.ao not found, contract ao2407 skipped
[2023.10.24 17:17:17 - info ] Contracts configuration file ./common/contracts.json loaded, 6 exchanges
[2023.10.24 17:17:17 - info ] Trading enviroment initialzied with engine: HFT
[2023.10.24 17:17:17 - info ] Running mode: Production
[2023.10.24 17:17:17 - info ] 44 fee templates loaded
[2023.10.24 17:17:17 - warning] RiskMon is not configured, portfilio fund will be updated every 5s
[2023.10.24 17:17:17 - info ] Resampled bars will be aligned by section:  not
[2023.10.24 17:17:17 - debug] Storage initialized @ /
[2023.10.24 17:17:17 - info ] No adjusting factor file configured, loading skipped
[2023.10.24 17:17:17 - info ] Data manager initialized
[2023.10.24 17:17:17 - info ] Reading parser config from tdparsers.yaml...
[2023.10.24 17:29:01 - warning] No session configured for INE.ec
[2023.10.24 17:29:01 - warning] No session configured for SHFE.ao
[2023.10.24 17:29:01 - info ] Commodities configuration file ./common/commodities.json loaded
[2023.10.24 17:29:01 - warning] Commodity INE.ec not found, contract ec2404 skipped
[2023.10.24 17:29:01 - warning] Commodity INE.ec not found, contract ec2408 skipped
[2023.10.24 17:29:01 - warning] Commodity INE.ec not found, contract ec2410 skipped
[2023.10.24 17:29:01 - warning] Commodity INE.ec not found, contract ec2412 skipped
[2023.10.24 17:29:01 - warning] Commodity INE.ec not found, contract ec2406 skipped
[2023.10.24 17:29:01 - warning] Commodity SHFE.ao not found, contract ao2404 skipped
[2023.10.24 17:29:01 - warning] Commodity SHFE.ao not found, contract ao2311 skipped
[2023.10.24 17:29:01 - warning] Commodity SHFE.ao not found, contract ao2402 skipped
[2023.10.24 17:29:01 - warning] Commodity SHFE.ao not found, contract ao2405 skipped
[2023.10.24 17:29:01 - warning] Commodity SHFE.ao not found, contract ao2403 skipped
[2023.10.24 17:29:01 - warning] Commodity SHFE.ao not found, contract ao2401 skipped
[2023.10.24 17:29:01 - warning] Commodity SHFE.ao not found, contract ao2408 skipped
[2023.10.24 17:29:01 - warning] Commodity SHFE.ao not found, contract ao2312 skipped
[2023.10.24 17:29:01 - warning] Commodity SHFE.ao not found, contract ao2406 skipped
[2023.10.24 17:29:01 - warning] Commodity SHFE.ao not found, contract ao2407 skipped
[2023.10.24 17:29:01 - info ] Contracts configuration file ./common/contracts.json loaded, 6 exchanges
[2023.10.24 17:29:02 - info ] Trading enviroment initialzied with engine: HFT
[2023.10.24 17:29:02 - info ] Running mode: Production
[2023.10.24 17:29:02 - info ] 44 fee templates loaded
[2023.10.24 17:29:02 - warning] RiskMon is not configured, portfilio fund will be updated every 5s
[2023.10.24 17:29:02 - info ] Resampled bars will be aligned by section:  not
[2023.10.24 17:29:02 - debug] Storage initialized @ /
[2023.10.24 17:29:02 - info ] No adjusting factor file configured, loading skipped
[2023.10.24 17:29:02 - info ] Data manager initialized
[2023.10.24 17:29:02 - info ] Reading parser config from tdparsers.yaml...
[2023.10.24 17:29:13 - info ] [parser] Parser module E:/wondertrader/src/WtRunner/parsers/ParserCTP.dll loaded
[2023.10.24 17:33:07 - warning] No session configured for INE.ec
[2023.10.24 17:33:07 - warning] No session configured for SHFE.ao
[2023.10.24 17:33:07 - info ] Commodities configuration file ./common/commodities.json loaded
[2023.10.24 17:33:07 - warning] Commodity INE.ec not found, contract ec2404 skipped
[2023.10.24 17:33:07 - warning] Commodity INE.ec not found, contract ec2408 skipped
[2023.10.24 17:33:07 - warning] Commodity INE.ec not found, contract ec2410 skipped
[2023.10.24 17:33:07 - warning] Commodity INE.ec not found, contract ec2412 skipped
[2023.10.24 17:33:07 - warning] Commodity INE.ec not found, contract ec2406 skipped
[2023.10.24 17:33:07 - warning] Commodity SHFE.ao not found, contract ao2404 skipped
[2023.10.24 17:33:07 - warning] Commodity SHFE.ao not found, contract ao2311 skipped
[2023.10.24 17:33:07 - warning] Commodity SHFE.ao not found, contract ao2402 skipped
[2023.10.24 17:33:07 - warning] Commodity SHFE.ao not found, contract ao2405 skipped
[2023.10.24 17:33:07 - warning] Commodity SHFE.ao not found, contract ao2403 skipped
[2023.10.24 17:33:07 - warning] Commodity SHFE.ao not found, contract ao2401 skipped
[2023.10.24 17:33:07 - warning] Commodity SHFE.ao not found, contract ao2408 skipped
[2023.10.24 17:33:07 - warning] Commodity SHFE.ao not found, contract ao2312 skipped
[2023.10.24 17:33:07 - warning] Commodity SHFE.ao not found, contract ao2406 skipped
[2023.10.24 17:33:07 - warning] Commodity SHFE.ao not found, contract ao2407 skipped
[2023.10.24 17:33:07 - info ] Contracts configuration file ./common/contracts.json loaded, 6 exchanges
[2023.10.24 17:33:07 - info ] Trading enviroment initialzied with engine: HFT
[2023.10.24 17:33:07 - info ] Running mode: Production
[2023.10.24 17:33:07 - info ] 44 fee templates loaded
[2023.10.24 17:33:07 - warning] RiskMon is not configured, portfilio fund will be updated every 5s
[2023.10.24 17:33:07 - info ] Resampled bars will be aligned by section:  not
[2023.10.24 17:33:07 - debug] Storage initialized @ /
[2023.10.24 17:33:07 - info ] No adjusting factor file configured, loading skipped
[2023.10.24 17:33:07 - info ] Data manager initialized
[2023.10.24 17:33:07 - info ] Reading parser config from tdparsers.yaml...
[2023.10.24 17:33:13 - info ] [parser] Parser module E:/wondertrader/src/WtRunner/parsers/ParserCTP.dll loaded
[2023.10.24 17:36:41 - warning] No session configured for INE.ec
[2023.10.24 17:36:41 - warning] No session configured for SHFE.ao
[2023.10.24 17:36:41 - info ] Commodities configuration file ./common/commodities.json loaded
[2023.10.24 17:36:41 - warning] Commodity INE.ec not found, contract ec2404 skipped
[2023.10.24 17:36:41 - warning] Commodity INE.ec not found, contract ec2408 skipped
[2023.10.24 17:36:41 - warning] Commodity INE.ec not found, contract ec2410 skipped
[2023.10.24 17:36:41 - warning] Commodity INE.ec not found, contract ec2412 skipped
[2023.10.24 17:36:41 - warning] Commodity INE.ec not found, contract ec2406 skipped
[2023.10.24 17:36:41 - warning] Commodity SHFE.ao not found, contract ao2404 skipped
[2023.10.24 17:36:41 - warning] Commodity SHFE.ao not found, contract ao2311 skipped
[2023.10.24 17:36:41 - warning] Commodity SHFE.ao not found, contract ao2402 skipped
[2023.10.24 17:36:41 - warning] Commodity SHFE.ao not found, contract ao2405 skipped
[2023.10.24 17:36:41 - warning] Commodity SHFE.ao not found, contract ao2403 skipped
[2023.10.24 17:36:41 - warning] Commodity SHFE.ao not found, contract ao2401 skipped
[2023.10.24 17:36:41 - warning] Commodity SHFE.ao not found, contract ao2408 skipped
[2023.10.24 17:36:41 - warning] Commodity SHFE.ao not found, contract ao2312 skipped
[2023.10.24 17:36:41 - warning] Commodity SHFE.ao not found, contract ao2406 skipped
[2023.10.24 17:36:41 - warning] Commodity SHFE.ao not found, contract ao2407 skipped
[2023.10.24 17:36:41 - info ] Contracts configuration file ./common/contracts.json loaded, 6 exchanges
[2023.10.24 17:36:42 - info ] Trading enviroment initialzied with engine: HFT
[2023.10.24 17:36:42 - info ] Running mode: Production
[2023.10.24 17:36:42 - info ] 44 fee templates loaded
[2023.10.24 17:36:42 - warning] RiskMon is not configured, portfilio fund will be updated every 5s
[2023.10.24 17:36:42 - info ] Resampled bars will be aligned by section:  not
[2023.10.24 17:36:42 - debug] Storage initialized @ /
[2023.10.24 17:36:42 - info ] No adjusting factor file configured, loading skipped
[2023.10.24 17:36:42 - info ] Data manager initialized
[2023.10.24 17:36:42 - info ] Reading parser config from tdparsers.yaml...
[2023.10.24 17:37:23 - warning] No session configured for INE.ec
[2023.10.24 17:37:23 - warning] No session configured for SHFE.ao
[2023.10.24 17:37:23 - info ] Commodities configuration file ./common/commodities.json loaded
[2023.10.24 17:37:23 - warning] Commodity INE.ec not found, contract ec2404 skipped
[2023.10.24 17:37:23 - warning] Commodity INE.ec not found, contract ec2408 skipped
[2023.10.24 17:37:23 - warning] Commodity INE.ec not found, contract ec2410 skipped
[2023.10.24 17:37:23 - warning] Commodity INE.ec not found, contract ec2412 skipped
[2023.10.24 17:37:23 - warning] Commodity INE.ec not found, contract ec2406 skipped
[2023.10.24 17:37:23 - warning] Commodity SHFE.ao not found, contract ao2404 skipped
[2023.10.24 17:37:23 - warning] Commodity SHFE.ao not found, contract ao2311 skipped
[2023.10.24 17:37:23 - warning] Commodity SHFE.ao not found, contract ao2402 skipped
[2023.10.24 17:37:23 - warning] Commodity SHFE.ao not found, contract ao2405 skipped
[2023.10.24 17:37:23 - warning] Commodity SHFE.ao not found, contract ao2403 skipped
[2023.10.24 17:37:23 - warning] Commodity SHFE.ao not found, contract ao2401 skipped
[2023.10.24 17:37:23 - warning] Commodity SHFE.ao not found, contract ao2408 skipped
[2023.10.24 17:37:23 - warning] Commodity SHFE.ao not found, contract ao2312 skipped
[2023.10.24 17:37:23 - warning] Commodity SHFE.ao not found, contract ao2406 skipped
[2023.10.24 17:37:23 - warning] Commodity SHFE.ao not found, contract ao2407 skipped
[2023.10.24 17:37:23 - info ] Contracts configuration file ./common/contracts.json loaded, 6 exchanges
[2023.10.24 17:37:23 - info ] Trading enviroment initialzied with engine: HFT
[2023.10.24 17:37:23 - info ] Running mode: Production
[2023.10.24 17:37:23 - info ] 44 fee templates loaded
[2023.10.24 17:37:23 - warning] RiskMon is not configured, portfilio fund will be updated every 5s
[2023.10.24 17:37:23 - info ] Resampled bars will be aligned by section:  not
[2023.10.24 17:37:23 - debug] Storage initialized @ /
[2023.10.24 17:37:23 - info ] No adjusting factor file configured, loading skipped
[2023.10.24 17:37:23 - info ] Data manager initialized
[2023.10.24 17:37:23 - info ] Reading parser config from tdparsers.yaml...
[2023.10.24 17:37:25 - info ] 0 parsers loaded
[2023.10.24 17:53:08 - warning] No session configured for INE.ec
[2023.10.24 17:53:08 - warning] No session configured for SHFE.ao
[2023.10.24 17:53:08 - info ] Commodities configuration file ./common/commodities.json loaded
[2023.10.24 17:53:08 - warning] Commodity INE.ec not found, contract ec2404 skipped
[2023.10.24 17:53:08 - warning] Commodity INE.ec not found, contract ec2408 skipped
[2023.10.24 17:53:08 - warning] Commodity INE.ec not found, contract ec2410 skipped
[2023.10.24 17:53:08 - warning] Commodity INE.ec not found, contract ec2412 skipped
[2023.10.24 17:53:08 - warning] Commodity INE.ec not found, contract ec2406 skipped
[2023.10.24 17:53:08 - warning] Commodity SHFE.ao not found, contract ao2404 skipped
[2023.10.24 17:53:08 - warning] Commodity SHFE.ao not found, contract ao2311 skipped
[2023.10.24 17:53:08 - warning] Commodity SHFE.ao not found, contract ao2402 skipped
[2023.10.24 17:53:08 - warning] Commodity SHFE.ao not found, contract ao2405 skipped
[2023.10.24 17:53:08 - warning] Commodity SHFE.ao not found, contract ao2403 skipped
[2023.10.24 17:53:08 - warning] Commodity SHFE.ao not found, contract ao2401 skipped
[2023.10.24 17:53:08 - warning] Commodity SHFE.ao not found, contract ao2408 skipped
[2023.10.24 17:53:08 - warning] Commodity SHFE.ao not found, contract ao2312 skipped
[2023.10.24 17:53:08 - warning] Commodity SHFE.ao not found, contract ao2406 skipped
[2023.10.24 17:53:08 - warning] Commodity SHFE.ao not found, contract ao2407 skipped
[2023.10.24 17:53:08 - info ] Contracts configuration file ./common/contracts.json loaded, 6 exchanges
[2023.10.24 17:53:08 - info ] Trading enviroment initialzied with engine: HFT
[2023.10.24 17:53:08 - info ] Running mode: Production
[2023.10.24 17:53:08 - info ] 44 fee templates loaded
[2023.10.24 17:53:08 - warning] RiskMon is not configured, portfilio fund will be updated every 5s
[2023.10.24 17:53:08 - info ] Resampled bars will be aligned by section:  not
[2023.10.24 17:53:08 - debug] Storage initialized @ /
[2023.10.24 17:53:08 - info ] No adjusting factor file configured, loading skipped
[2023.10.24 17:53:08 - info ] Data manager initialized
[2023.10.24 17:53:08 - info ] Reading parser config from tdparsers.yaml...
[2023.10.24 17:53:13 - info ] 0 parsers loaded
[2023.10.24 17:53:20 - info ] Reading trader config from tdtraders.yaml...
[2023.10.24 17:53:29 - warning] No session configured for INE.ec
[2023.10.24 17:53:29 - warning] No session configured for SHFE.ao
[2023.10.24 17:53:29 - info ] Commodities configuration file ./common/commodities.json loaded
[2023.10.24 17:53:29 - warning] Commodity INE.ec not found, contract ec2404 skipped
[2023.10.24 17:53:29 - warning] Commodity INE.ec not found, contract ec2408 skipped
[2023.10.24 17:53:29 - warning] Commodity INE.ec not found, contract ec2410 skipped
[2023.10.24 17:53:29 - warning] Commodity INE.ec not found, contract ec2412 skipped
[2023.10.24 17:53:29 - warning] Commodity INE.ec not found, contract ec2406 skipped
[2023.10.24 17:53:29 - warning] Commodity SHFE.ao not found, contract ao2404 skipped
[2023.10.24 17:53:29 - warning] Commodity SHFE.ao not found, contract ao2311 skipped
[2023.10.24 17:53:29 - warning] Commodity SHFE.ao not found, contract ao2402 skipped
[2023.10.24 17:53:29 - warning] Commodity SHFE.ao not found, contract ao2405 skipped
[2023.10.24 17:53:29 - warning] Commodity SHFE.ao not found, contract ao2403 skipped
[2023.10.24 17:53:29 - warning] Commodity SHFE.ao not found, contract ao2401 skipped
[2023.10.24 17:53:29 - warning] Commodity SHFE.ao not found, contract ao2408 skipped
[2023.10.24 17:53:29 - warning] Commodity SHFE.ao not found, contract ao2312 skipped
[2023.10.24 17:53:29 - warning] Commodity SHFE.ao not found, contract ao2406 skipped
[2023.10.24 17:53:29 - warning] Commodity SHFE.ao not found, contract ao2407 skipped
[2023.10.24 17:53:29 - info ] Contracts configuration file ./common/contracts.json loaded, 6 exchanges
[2023.10.24 17:53:30 - info ] Trading enviroment initialzied with engine: HFT
[2023.10.24 17:53:30 - info ] Running mode: Production
[2023.10.24 17:53:30 - info ] 44 fee templates loaded
[2023.10.24 17:53:30 - warning] RiskMon is not configured, portfilio fund will be updated every 5s
[2023.10.24 17:53:30 - info ] Resampled bars will be aligned by section:  not
[2023.10.24 17:53:30 - debug] Storage initialized @ /
[2023.10.24 17:53:30 - info ] No adjusting factor file configured, loading skipped
[2023.10.24 17:53:30 - info ] Data manager initialized
[2023.10.24 17:53:30 - info ] Reading parser config from tdparsers.yaml...
[2023.10.24 17:53:30 - info ] 0 parsers loaded
[2023.10.24 17:53:52 - warning] No session configured for INE.ec
[2023.10.24 17:53:52 - warning] No session configured for SHFE.ao
[2023.10.24 17:53:52 - info ] Commodities configuration file ./common/commodities.json loaded
[2023.10.24 17:53:52 - warning] Commodity INE.ec not found, contract ec2404 skipped
[2023.10.24 17:53:52 - warning] Commodity INE.ec not found, contract ec2408 skipped
[2023.10.24 17:53:52 - warning] Commodity INE.ec not found, contract ec2410 skipped
[2023.10.24 17:53:52 - warning] Commodity INE.ec not found, contract ec2412 skipped
[2023.10.24 17:53:52 - warning] Commodity INE.ec not found, contract ec2406 skipped
[2023.10.24 17:53:52 - warning] Commodity SHFE.ao not found, contract ao2404 skipped
[2023.10.24 17:53:52 - warning] Commodity SHFE.ao not found, contract ao2311 skipped
[2023.10.24 17:53:52 - warning] Commodity SHFE.ao not found, contract ao2402 skipped
[2023.10.24 17:53:52 - warning] Commodity SHFE.ao not found, contract ao2405 skipped
[2023.10.24 17:53:52 - warning] Commodity SHFE.ao not found, contract ao2403 skipped
[2023.10.24 17:53:52 - warning] Commodity SHFE.ao not found, contract ao2401 skipped
[2023.10.24 17:53:52 - warning] Commodity SHFE.ao not found, contract ao2408 skipped
[2023.10.24 17:53:52 - warning] Commodity SHFE.ao not found, contract ao2312 skipped
[2023.10.24 17:53:52 - warning] Commodity SHFE.ao not found, contract ao2406 skipped
[2023.10.24 17:53:52 - warning] Commodity SHFE.ao not found, contract ao2407 skipped
[2023.10.24 17:53:52 - info ] Contracts configuration file ./common/contracts.json loaded, 6 exchanges
[2023.10.24 17:53:52 - info ] Trading enviroment initialzied with engine: HFT
[2023.10.24 17:53:52 - info ] Running mode: Production
[2023.10.24 17:53:52 - info ] 44 fee templates loaded
[2023.10.24 17:53:52 - warning] RiskMon is not configured, portfilio fund will be updated every 5s
[2023.10.24 17:53:52 - info ] Resampled bars will be aligned by section:  not
[2023.10.24 17:53:52 - debug] Storage initialized @ /
[2023.10.24 17:53:52 - info ] No adjusting factor file configured, loading skipped
[2023.10.24 17:53:52 - info ] Data manager initialized
[2023.10.24 17:53:52 - info ] Reading parser config from tdparsers.yaml...
[2023.10.24 17:53:52 - info ] 0 parsers loaded
[2023.10.24 17:53:55 - info ] Reading trader config from tdtraders.yaml...
[2023.10.24 17:56:26 - warning] No session configured for INE.ec
[2023.10.24 17:56:26 - warning] No session configured for SHFE.ao
[2023.10.24 17:56:26 - info ] Commodities configuration file ./common/commodities.json loaded
[2023.10.24 17:56:26 - warning] Commodity INE.ec not found, contract ec2404 skipped
[2023.10.24 17:56:26 - warning] Commodity INE.ec not found, contract ec2408 skipped
[2023.10.24 17:56:26 - warning] Commodity INE.ec not found, contract ec2410 skipped
[2023.10.24 17:56:26 - warning] Commodity INE.ec not found, contract ec2412 skipped
[2023.10.24 17:56:26 - warning] Commodity INE.ec not found, contract ec2406 skipped
[2023.10.24 17:56:26 - warning] Commodity SHFE.ao not found, contract ao2404 skipped
[2023.10.24 17:56:26 - warning] Commodity SHFE.ao not found, contract ao2311 skipped
[2023.10.24 17:56:26 - warning] Commodity SHFE.ao not found, contract ao2402 skipped
[2023.10.24 17:56:26 - warning] Commodity SHFE.ao not found, contract ao2405 skipped
[2023.10.24 17:56:26 - warning] Commodity SHFE.ao not found, contract ao2403 skipped
[2023.10.24 17:56:26 - warning] Commodity SHFE.ao not found, contract ao2401 skipped
[2023.10.24 17:56:26 - warning] Commodity SHFE.ao not found, contract ao2408 skipped
[2023.10.24 17:56:26 - warning] Commodity SHFE.ao not found, contract ao2312 skipped
[2023.10.24 17:56:26 - warning] Commodity SHFE.ao not found, contract ao2406 skipped
[2023.10.24 17:56:26 - warning] Commodity SHFE.ao not found, contract ao2407 skipped
[2023.10.24 17:56:26 - info ] Contracts configuration file ./common/contracts.json loaded, 6 exchanges
[2023.10.24 17:56:27 - info ] Trading enviroment initialzied with engine: HFT
[2023.10.24 17:56:27 - info ] Running mode: Production
[2023.10.24 17:56:27 - info ] 44 fee templates loaded
[2023.10.24 17:56:27 - warning] RiskMon is not configured, portfilio fund will be updated every 5s
[2023.10.24 17:56:27 - info ] Resampled bars will be aligned by section:  not
[2023.10.24 17:56:27 - debug] Storage initialized @ /
[2023.10.24 17:56:27 - info ] No adjusting factor file configured, loading skipped
[2023.10.24 17:56:27 - info ] Data manager initialized
[2023.10.24 17:56:27 - info ] Reading parser config from tdparsers.yaml...
[2023.10.24 17:56:27 - info ] 0 parsers loaded
[2023.10.24 17:56:27 - info ] Reading trader config from tdtraders.yaml...
[2023.10.24 17:56:29 - info ] 0 traders loaded
[2023.10.24 17:56:45 - info ] HFT strategy factory[WtHftStraFact] loaded
[2023.10.24 17:56:45 - info ] 1 HFT strategy factories in directory[E:/wondertrader/src/WtRunner/hft/] loaded
[2023.10.24 17:56:49 - error] Trader simnow not exists, binding trader to HFT strategy failed
[2023.10.24 17:56:52 - info ] 0 parsers started
[2023.10.24 17:56:54 - info ] 0 trading channels started
[2023.10.24 17:56:55 - debug] His min1 bars of CFFEX.IF.HOT loaded, 0 from history, 0 from realtime
[2023.10.24 17:56:55 - info ] Market Data subscribed: CFFEX.IF.HOT
[2023.10.24 17:56:55 - info ] 回调策略on_init
[2023.10.24 17:56:55 - info ] Trading day 20231024 begun
[2023.10.24 18:13:06 - warning] No session configured for INE.ec
[2023.10.24 18:13:06 - warning] No session configured for SHFE.ao
[2023.10.24 18:13:06 - info ] Commodities configuration file ./common/commodities.json loaded
[2023.10.24 18:13:06 - warning] Commodity INE.ec not found, contract ec2404 skipped
[2023.10.24 18:13:06 - warning] Commodity INE.ec not found, contract ec2408 skipped
[2023.10.24 18:13:06 - warning] Commodity INE.ec not found, contract ec2410 skipped
[2023.10.24 18:13:06 - warning] Commodity INE.ec not found, contract ec2412 skipped
[2023.10.24 18:13:06 - warning] Commodity INE.ec not found, contract ec2406 skipped
[2023.10.24 18:13:06 - warning] Commodity SHFE.ao not found, contract ao2404 skipped
[2023.10.24 18:13:06 - warning] Commodity SHFE.ao not found, contract ao2311 skipped
[2023.10.24 18:13:06 - warning] Commodity SHFE.ao not found, contract ao2402 skipped
[2023.10.24 18:13:06 - warning] Commodity SHFE.ao not found, contract ao2405 skipped
[2023.10.24 18:13:06 - warning] Commodity SHFE.ao not found, contract ao2403 skipped
[2023.10.24 18:13:06 - warning] Commodity SHFE.ao not found, contract ao2401 skipped
[2023.10.24 18:13:06 - warning] Commodity SHFE.ao not found, contract ao2408 skipped
[2023.10.24 18:13:06 - warning] Commodity SHFE.ao not found, contract ao2312 skipped
[2023.10.24 18:13:06 - warning] Commodity SHFE.ao not found, contract ao2406 skipped
[2023.10.24 18:13:06 - warning] Commodity SHFE.ao not found, contract ao2407 skipped
[2023.10.24 18:13:06 - info ] Contracts configuration file ./common/contracts.json loaded, 6 exchanges
[2023.10.24 18:13:06 - info ] Trading enviroment initialzied with engine: HFT
[2023.10.24 18:13:06 - info ] Running mode: Production
[2023.10.24 18:13:06 - info ] 44 fee templates loaded
[2023.10.24 18:13:06 - warning] RiskMon is not configured, portfilio fund will be updated every 5s
[2023.10.24 18:13:06 - info ] Resampled bars will be aligned by section:  not
[2023.10.24 18:13:06 - debug] Storage initialized @ /
[2023.10.24 18:13:06 - info ] No adjusting factor file configured, loading skipped
[2023.10.24 18:13:06 - info ] Data manager initialized
[2023.10.24 18:13:06 - info ] Reading parser config from tdparsers.yaml...
[2023.10.24 18:13:06 - info ] 0 parsers loaded
[2023.10.24 18:13:06 - info ] Reading trader config from tdtraders.yaml...
[2023.10.24 18:13:11 - info ] 0 traders loaded
