[2023.10.26 10:25:38 - warning] No session configured for INE.ec
[2023.10.26 10:25:38 - warning] No session configured for SHFE.ao
[2023.10.26 10:25:38 - info ] Commodities configuration file ./common/commodities.json loaded
[2023.10.26 10:25:38 - warning] Commodity INE.ec not found, contract ec2404 skipped
[2023.10.26 10:25:38 - warning] Commodity INE.ec not found, contract ec2408 skipped
[2023.10.26 10:25:38 - warning] Commodity INE.ec not found, contract ec2410 skipped
[2023.10.26 10:25:38 - warning] Commodity INE.ec not found, contract ec2412 skipped
[2023.10.26 10:25:38 - warning] Commodity INE.ec not found, contract ec2406 skipped
[2023.10.26 10:25:38 - warning] Commodity SHFE.ao not found, contract ao2404 skipped
[2023.10.26 10:25:38 - warning] Commodity SHFE.ao not found, contract ao2311 skipped
[2023.10.26 10:25:38 - warning] Commodity SHFE.ao not found, contract ao2402 skipped
[2023.10.26 10:25:38 - warning] Commodity SHFE.ao not found, contract ao2405 skipped
[2023.10.26 10:25:38 - warning] Commodity SHFE.ao not found, contract ao2403 skipped
[2023.10.26 10:25:38 - warning] Commodity SHFE.ao not found, contract ao2401 skipped
[2023.10.26 10:25:38 - warning] Commodity SHFE.ao not found, contract ao2408 skipped
[2023.10.26 10:25:38 - warning] Commodity SHFE.ao not found, contract ao2312 skipped
[2023.10.26 10:25:38 - warning] Commodity SHFE.ao not found, contract ao2406 skipped
[2023.10.26 10:25:38 - warning] Commodity SHFE.ao not found, contract ao2407 skipped
[2023.10.26 10:25:38 - info ] Contracts configuration file ./common/contracts.json loaded, 6 exchanges
[2023.10.26 10:25:38 - info ] Trading enviroment initialzied with engine: HFT
[2023.10.26 10:25:38 - info ] Running mode: Production
[2023.10.26 10:25:38 - info ] 44 fee templates loaded
[2023.10.26 10:25:38 - warning] RiskMon is not configured, portfilio fund will be updated every 5s
[2023.10.26 10:25:38 - info ] Resampled bars will be aligned by section:  not
[2023.10.26 10:25:38 - debug] Storage initialized @ /
[2023.10.26 10:25:38 - info ] No adjusting factor file configured, loading skipped
[2023.10.26 10:25:38 - info ] Data manager initialized
[2023.10.26 10:25:40 - info ] [tts24] Parser module E:/wondertrader/src/WtRunner/parsers/ParserCTP.dll loaded
[2023.10.26 10:25:40 - info ] [tts24] Parser initialzied, check_time: false
[2023.10.26 10:25:40 - info ] 1 parsers loaded
[2023.10.26 10:25:40 - warning] [tts24] Risk control rule of trading channel not activated
[2023.10.26 10:25:41 - info ] [tts24] Trader module E:/wondertrader/src/WtRunner/traders/TraderCTP.dll loaded
[2023.10.26 10:25:41 - info ] 1 traders loaded
[2023.10.26 10:25:41 - info ] HFT strategy factory[WtHftStraFact] loaded
[2023.10.26 10:25:41 - info ] 1 HFT strategy factories in directory[E:/wondertrader/src/WtRunner/hft/] loaded
[2023.10.26 10:25:52 - info ] 1 parsers started
[2023.10.26 10:25:52 - info ] registerFront: tcp://122.51.136.165:20002
[2023.10.26 10:25:52 - info ] 1 trading channels started
[2023.10.26 10:25:54 - debug] His min1 bars of CFFEX.IC.2311 loaded, 0 from history, 0 from realtime
[2023.10.26 10:25:54 - info ] Market Data subscribed: CFFEX.IC.2311
[2023.10.26 10:25:54 - info ] 回调策略on_init
[2023.10.26 10:26:10 - warning] No session configured for INE.ec
[2023.10.26 10:26:10 - warning] No session configured for SHFE.ao
[2023.10.26 10:26:10 - info ] Commodities configuration file ./common/commodities.json loaded
[2023.10.26 10:26:10 - warning] Commodity INE.ec not found, contract ec2404 skipped
[2023.10.26 10:26:10 - warning] Commodity INE.ec not found, contract ec2408 skipped
[2023.10.26 10:26:10 - warning] Commodity INE.ec not found, contract ec2410 skipped
[2023.10.26 10:26:10 - warning] Commodity INE.ec not found, contract ec2412 skipped
[2023.10.26 10:26:10 - warning] Commodity INE.ec not found, contract ec2406 skipped
[2023.10.26 10:26:10 - warning] Commodity SHFE.ao not found, contract ao2404 skipped
[2023.10.26 10:26:10 - warning] Commodity SHFE.ao not found, contract ao2311 skipped
[2023.10.26 10:26:10 - warning] Commodity SHFE.ao not found, contract ao2402 skipped
[2023.10.26 10:26:10 - warning] Commodity SHFE.ao not found, contract ao2405 skipped
[2023.10.26 10:26:10 - warning] Commodity SHFE.ao not found, contract ao2403 skipped
[2023.10.26 10:26:10 - warning] Commodity SHFE.ao not found, contract ao2401 skipped
[2023.10.26 10:26:10 - warning] Commodity SHFE.ao not found, contract ao2408 skipped
[2023.10.26 10:26:10 - warning] Commodity SHFE.ao not found, contract ao2312 skipped
[2023.10.26 10:26:10 - warning] Commodity SHFE.ao not found, contract ao2406 skipped
[2023.10.26 10:26:10 - warning] Commodity SHFE.ao not found, contract ao2407 skipped
[2023.10.26 10:26:10 - info ] Contracts configuration file ./common/contracts.json loaded, 6 exchanges
[2023.10.26 10:26:10 - info ] Trading enviroment initialzied with engine: HFT
[2023.10.26 10:26:10 - info ] Running mode: Production
[2023.10.26 10:26:10 - info ] 44 fee templates loaded
[2023.10.26 10:26:10 - warning] RiskMon is not configured, portfilio fund will be updated every 5s
[2023.10.26 10:26:10 - info ] Resampled bars will be aligned by section:  not
[2023.10.26 10:26:10 - debug] Storage initialized @ /
[2023.10.26 10:26:10 - info ] No adjusting factor file configured, loading skipped
[2023.10.26 10:26:10 - info ] Data manager initialized
[2023.10.26 10:26:10 - info ] [tts24] Parser module E:/wondertrader/src/WtRunner/parsers/ParserCTP.dll loaded
[2023.10.26 10:26:10 - info ] [tts24] Parser initialzied, check_time: false
[2023.10.26 10:26:10 - info ] 1 parsers loaded
[2023.10.26 10:26:10 - warning] [tts24] Risk control rule of trading channel not activated
[2023.10.26 10:26:11 - info ] [tts24] Trader module E:/wondertrader/src/WtRunner/traders/TraderCTP.dll loaded
[2023.10.26 10:26:11 - info ] 1 traders loaded
[2023.10.26 10:26:11 - info ] HFT strategy factory[WtHftStraFact] loaded
[2023.10.26 10:26:11 - info ] 1 HFT strategy factories in directory[E:/wondertrader/src/WtRunner/hft/] loaded
[2023.10.26 10:26:15 - info ] 1 parsers started
[2023.10.26 10:26:15 - info ] registerFront: tcp://122.51.136.165:20002
[2023.10.26 10:26:15 - info ] 1 trading channels started
[2023.10.26 10:26:17 - debug] His min1 bars of CFFEX.IC.2311 loaded, 0 from history, 0 from realtime
[2023.10.26 10:26:17 - info ] Market Data subscribed: CFFEX.IC.2311
[2023.10.26 10:26:17 - info ] 回调策略on_init
[2023.10.26 11:37:42 - warning] No session configured for INE.ec
[2023.10.26 11:37:42 - warning] No session configured for SHFE.ao
[2023.10.26 11:37:42 - info ] Commodities configuration file ./common/commodities.json loaded
[2023.10.26 11:37:42 - warning] Commodity INE.ec not found, contract ec2404 skipped
[2023.10.26 11:37:42 - warning] Commodity INE.ec not found, contract ec2408 skipped
[2023.10.26 11:37:42 - warning] Commodity INE.ec not found, contract ec2410 skipped
[2023.10.26 11:37:42 - warning] Commodity INE.ec not found, contract ec2412 skipped
[2023.10.26 11:37:42 - warning] Commodity INE.ec not found, contract ec2406 skipped
[2023.10.26 11:37:42 - warning] Commodity SHFE.ao not found, contract ao2404 skipped
[2023.10.26 11:37:42 - warning] Commodity SHFE.ao not found, contract ao2311 skipped
[2023.10.26 11:37:42 - warning] Commodity SHFE.ao not found, contract ao2402 skipped
[2023.10.26 11:37:42 - warning] Commodity SHFE.ao not found, contract ao2405 skipped
[2023.10.26 11:37:42 - warning] Commodity SHFE.ao not found, contract ao2403 skipped
[2023.10.26 11:37:42 - warning] Commodity SHFE.ao not found, contract ao2401 skipped
[2023.10.26 11:37:42 - warning] Commodity SHFE.ao not found, contract ao2408 skipped
[2023.10.26 11:37:42 - warning] Commodity SHFE.ao not found, contract ao2312 skipped
[2023.10.26 11:37:42 - warning] Commodity SHFE.ao not found, contract ao2406 skipped
[2023.10.26 11:37:42 - warning] Commodity SHFE.ao not found, contract ao2407 skipped
[2023.10.26 11:37:42 - info ] Contracts configuration file ./common/contracts.json loaded, 6 exchanges
[2023.10.26 11:37:42 - info ] Trading enviroment initialzied with engine: HFT
[2023.10.26 11:37:42 - info ] Running mode: Production
[2023.10.26 11:37:42 - info ] 44 fee templates loaded
[2023.10.26 11:37:42 - warning] RiskMon is not configured, portfilio fund will be updated every 5s
[2023.10.26 11:37:42 - info ] Resampled bars will be aligned by section:  not
[2023.10.26 11:37:42 - debug] Storage initialized @ /
[2023.10.26 11:37:42 - info ] No adjusting factor file configured, loading skipped
[2023.10.26 11:37:42 - info ] Data manager initialized
[2023.10.26 11:38:40 - info ] [tts24] Parser module E:/wondertrader/src/WtRunner/parsers/ParserCTP.dll loaded
[2023.10.26 11:38:40 - info ] [tts24] Parser initialzied, check_time: false
[2023.10.26 17:07:37 - info ] 1 parsers loaded
[2023.10.26 17:07:49 - warning] [tts24] Risk control rule of trading channel not activated
[2023.10.26 17:07:50 - info ] [tts24] Trader module E:/wondertrader/src/WtRunner/traders/TraderCTP.dll loaded
[2023.10.26 17:07:53 - info ] 1 traders loaded
[2023.10.26 17:12:25 - warning] No session configured for INE.ec
[2023.10.26 17:12:25 - warning] No session configured for SHFE.ao
[2023.10.26 17:12:25 - info ] Commodities configuration file ./common/commodities.json loaded
[2023.10.26 17:12:25 - warning] Commodity INE.ec not found, contract ec2404 skipped
[2023.10.26 17:12:25 - warning] Commodity INE.ec not found, contract ec2408 skipped
[2023.10.26 17:12:25 - warning] Commodity INE.ec not found, contract ec2410 skipped
[2023.10.26 17:12:25 - warning] Commodity INE.ec not found, contract ec2412 skipped
[2023.10.26 17:12:25 - warning] Commodity INE.ec not found, contract ec2406 skipped
[2023.10.26 17:12:25 - warning] Commodity SHFE.ao not found, contract ao2404 skipped
[2023.10.26 17:12:25 - warning] Commodity SHFE.ao not found, contract ao2311 skipped
[2023.10.26 17:12:25 - warning] Commodity SHFE.ao not found, contract ao2402 skipped
[2023.10.26 17:12:25 - warning] Commodity SHFE.ao not found, contract ao2405 skipped
[2023.10.26 17:12:25 - warning] Commodity SHFE.ao not found, contract ao2403 skipped
[2023.10.26 17:12:25 - warning] Commodity SHFE.ao not found, contract ao2401 skipped
[2023.10.26 17:12:25 - warning] Commodity SHFE.ao not found, contract ao2408 skipped
[2023.10.26 17:12:25 - warning] Commodity SHFE.ao not found, contract ao2312 skipped
[2023.10.26 17:12:25 - warning] Commodity SHFE.ao not found, contract ao2406 skipped
[2023.10.26 17:12:25 - warning] Commodity SHFE.ao not found, contract ao2407 skipped
[2023.10.26 17:12:25 - info ] Contracts configuration file ./common/contracts.json loaded, 6 exchanges
[2023.10.26 17:12:25 - info ] Trading enviroment initialzied with engine: HFT
[2023.10.26 17:12:25 - info ] Running mode: Production
[2023.10.26 17:12:25 - info ] 44 fee templates loaded
[2023.10.26 17:12:25 - warning] RiskMon is not configured, portfilio fund will be updated every 5s
[2023.10.26 17:12:25 - info ] Resampled bars will be aligned by section:  not
[2023.10.26 17:12:25 - debug] Storage initialized @ /
[2023.10.26 17:12:25 - info ] No adjusting factor file configured, loading skipped
[2023.10.26 17:12:25 - info ] Data manager initialized
[2023.10.26 17:12:28 - info ] [tts24] Parser module E:/wondertrader/src/WtRunner/parsers/ParserCTP.dll loaded
[2023.10.26 17:12:28 - info ] [tts24] Parser initialzied, check_time: false
[2023.10.26 17:12:28 - info ] 1 parsers loaded
[2023.10.26 17:12:33 - warning] [tts24] Risk control rule of trading channel not activated
[2023.10.26 17:12:34 - info ] [tts24] Trader module E:/wondertrader/src/WtRunner/traders/TraderCTP.dll loaded
[2023.10.26 17:12:34 - info ] 1 traders loaded
[2023.10.26 17:16:27 - info ] HFT strategy factory[WtHftStraFact] loaded
[2023.10.26 17:16:45 - info ] 1 HFT strategy factories in directory[E:/wondertrader/src/WtRunner/hft/] loaded
[2023.10.26 18:49:25 - warning] No session configured for INE.ec
[2023.10.26 18:49:25 - warning] No session configured for SHFE.ao
[2023.10.26 18:49:25 - info ] Commodities configuration file ./common/commodities.json loaded
[2023.10.26 18:49:25 - warning] Commodity INE.ec not found, contract ec2404 skipped
[2023.10.26 18:49:25 - warning] Commodity INE.ec not found, contract ec2408 skipped
[2023.10.26 18:49:25 - warning] Commodity INE.ec not found, contract ec2410 skipped
[2023.10.26 18:49:25 - warning] Commodity INE.ec not found, contract ec2412 skipped
[2023.10.26 18:49:25 - warning] Commodity INE.ec not found, contract ec2406 skipped
[2023.10.26 18:49:25 - warning] Commodity SHFE.ao not found, contract ao2404 skipped
[2023.10.26 18:49:25 - warning] Commodity SHFE.ao not found, contract ao2311 skipped
[2023.10.26 18:49:25 - warning] Commodity SHFE.ao not found, contract ao2402 skipped
[2023.10.26 18:49:25 - warning] Commodity SHFE.ao not found, contract ao2405 skipped
[2023.10.26 18:49:25 - warning] Commodity SHFE.ao not found, contract ao2403 skipped
[2023.10.26 18:49:25 - warning] Commodity SHFE.ao not found, contract ao2401 skipped
[2023.10.26 18:49:25 - warning] Commodity SHFE.ao not found, contract ao2408 skipped
[2023.10.26 18:49:25 - warning] Commodity SHFE.ao not found, contract ao2312 skipped
[2023.10.26 18:49:25 - warning] Commodity SHFE.ao not found, contract ao2406 skipped
[2023.10.26 18:49:25 - warning] Commodity SHFE.ao not found, contract ao2407 skipped
[2023.10.26 18:49:25 - info ] Contracts configuration file ./common/contracts.json loaded, 6 exchanges
[2023.10.26 18:49:25 - info ] Trading enviroment initialzied with engine: HFT
[2023.10.26 18:49:25 - info ] Running mode: Production
[2023.10.26 18:49:25 - info ] 44 fee templates loaded
[2023.10.26 18:49:25 - warning] RiskMon is not configured, portfilio fund will be updated every 5s
[2023.10.26 18:49:25 - info ] Resampled bars will be aligned by section:  not
[2023.10.26 18:49:25 - debug] Storage initialized @ /
[2023.10.26 18:49:25 - info ] No adjusting factor file configured, loading skipped
[2023.10.26 18:49:25 - info ] Data manager initialized
[2023.10.26 18:49:34 - info ] [tts24] Parser module E:/wondertrader/src/WtRunner/parsers/ParserCTP.dll loaded
[2023.10.26 18:49:34 - info ] [tts24] Parser initialzied, check_time: false
[2023.10.26 18:49:34 - info ] 1 parsers loaded
[2023.10.26 18:49:37 - warning] [tts24] Risk control rule of trading channel not activated
[2023.10.26 18:49:38 - info ] [tts24] Trader module E:/wondertrader/src/WtRunner/traders/TraderCTP.dll loaded
[2023.10.26 18:49:38 - info ] 1 traders loaded
[2023.10.26 18:51:51 - info ] HFT strategy factory[WtHftStraFact] loaded
[2023.10.26 18:51:51 - info ] 1 HFT strategy factories in directory[E:/wondertrader/src/WtRunner/hft/] loaded
