[2023.10.30 13:45:54 - warning] No session configured for INE.ec
[2023.10.30 13:45:54 - warning] No session configured for SHFE.ao
[2023.10.30 13:45:54 - info ] Commodities configuration file ./common/commodities.json loaded
[2023.10.30 13:45:54 - warning] Commodity INE.ec not found, contract ec2404 skipped
[2023.10.30 13:45:54 - warning] Commodity INE.ec not found, contract ec2408 skipped
[2023.10.30 13:45:54 - warning] Commodity INE.ec not found, contract ec2410 skipped
[2023.10.30 13:45:54 - warning] Commodity INE.ec not found, contract ec2412 skipped
[2023.10.30 13:45:54 - warning] Commodity INE.ec not found, contract ec2406 skipped
[2023.10.30 13:45:54 - warning] Commodity SHFE.ao not found, contract ao2404 skipped
[2023.10.30 13:45:54 - warning] Commodity SHFE.ao not found, contract ao2311 skipped
[2023.10.30 13:45:54 - warning] Commodity SHFE.ao not found, contract ao2402 skipped
[2023.10.30 13:45:54 - warning] Commodity SHFE.ao not found, contract ao2405 skipped
[2023.10.30 13:45:54 - warning] Commodity SHFE.ao not found, contract ao2403 skipped
[2023.10.30 13:45:54 - warning] Commodity SHFE.ao not found, contract ao2401 skipped
[2023.10.30 13:45:54 - warning] Commodity SHFE.ao not found, contract ao2408 skipped
[2023.10.30 13:45:54 - warning] Commodity SHFE.ao not found, contract ao2312 skipped
[2023.10.30 13:45:54 - warning] Commodity SHFE.ao not found, contract ao2406 skipped
[2023.10.30 13:45:54 - warning] Commodity SHFE.ao not found, contract ao2407 skipped
[2023.10.30 13:45:54 - info ] Contracts configuration file ./common/contracts.json loaded, 6 exchanges
[2023.10.30 13:45:54 - info ] Trading enviroment initialzied with engine: HFT
[2023.10.30 13:45:54 - info ] Running mode: Production
[2023.10.30 13:45:54 - info ] 44 fee templates loaded
[2023.10.30 13:45:54 - warning] RiskMon is not configured, portfilio fund will be updated every 5s
[2023.10.30 13:45:54 - info ] Resampled bars will be aligned by section:  not
[2023.10.30 13:45:54 - debug] Storage initialized @ /
[2023.10.30 13:45:54 - info ] No adjusting factor file configured, loading skipped
[2023.10.30 13:45:54 - info ] Data manager initialized
[2023.10.30 13:45:54 - info ] [tts24] Parser module E:/wondertrader/src/WtRunner/parsers/ParserCTP.dll loaded
[2023.10.30 13:45:55 - info ] [tts24] Parser initialzied, check_time: false
[2023.10.30 13:45:55 - info ] 1 parsers loaded
[2023.10.30 13:45:55 - warning] [tts24] Risk control rule of trading channel not activated
[2023.10.30 13:45:56 - info ] [tts24] Trader module E:/wondertrader/src/WtRunner/traders/TraderCTP.dll loaded
[2023.10.30 13:45:57 - info ] 1 traders loaded
[2023.10.30 13:46:02 - info ] HFT strategy factory[WtHftStraFact] loaded
[2023.10.30 13:46:02 - info ] 1 HFT strategy factories in directory[E:/wondertrader/src/WtRunner/hft/] loaded
[2023.10.30 13:47:15 - info ] 1 parsers started
[2023.10.30 13:47:20 - info ] registerFront: tcp://122.51.136.165:20002
[2023.10.30 13:47:25 - info ] 1 trading channels started
[2023.10.30 13:47:46 - debug] His min1 bars of CFFEX.IF.2309 loaded, 0 from history, 0 from realtime
[2023.10.30 13:47:58 - debug] His min1 bars of CFFEX.IH.2309 loaded, 0 from history, 0 from realtime
[2023.10.30 13:48:06 - info ] Market Data subscribed: CFFEX.IH.2309
[2023.10.30 13:48:08 - info ] Market Data subscribed: CFFEX.IC.2309
[2023.10.30 13:48:11 - info ] Market Data subscribed: CFFEX.IF.2309
[2023.10.30 13:48:15 - info ] 回调策略on_init
[2023.10.30 13:51:02 - warning] No session configured for INE.ec
[2023.10.30 13:51:02 - warning] No session configured for SHFE.ao
[2023.10.30 13:51:02 - info ] Commodities configuration file ./common/commodities.json loaded
[2023.10.30 13:51:02 - warning] Commodity INE.ec not found, contract ec2404 skipped
[2023.10.30 13:51:03 - warning] Commodity INE.ec not found, contract ec2408 skipped
[2023.10.30 13:51:03 - warning] Commodity INE.ec not found, contract ec2410 skipped
[2023.10.30 13:51:03 - warning] Commodity INE.ec not found, contract ec2412 skipped
[2023.10.30 13:51:03 - warning] Commodity INE.ec not found, contract ec2406 skipped
[2023.10.30 13:51:03 - warning] Commodity SHFE.ao not found, contract ao2404 skipped
[2023.10.30 13:51:03 - warning] Commodity SHFE.ao not found, contract ao2311 skipped
[2023.10.30 13:51:03 - warning] Commodity SHFE.ao not found, contract ao2402 skipped
[2023.10.30 13:51:03 - warning] Commodity SHFE.ao not found, contract ao2405 skipped
[2023.10.30 13:51:03 - warning] Commodity SHFE.ao not found, contract ao2403 skipped
[2023.10.30 13:51:03 - warning] Commodity SHFE.ao not found, contract ao2401 skipped
[2023.10.30 13:51:03 - warning] Commodity SHFE.ao not found, contract ao2408 skipped
[2023.10.30 13:51:03 - warning] Commodity SHFE.ao not found, contract ao2312 skipped
[2023.10.30 13:51:03 - warning] Commodity SHFE.ao not found, contract ao2406 skipped
[2023.10.30 13:51:03 - warning] Commodity SHFE.ao not found, contract ao2407 skipped
[2023.10.30 13:51:03 - info ] Contracts configuration file ./common/contracts.json loaded, 6 exchanges
[2023.10.30 13:51:03 - info ] Trading enviroment initialzied with engine: HFT
[2023.10.30 13:51:03 - info ] Running mode: Production
[2023.10.30 13:51:03 - info ] 44 fee templates loaded
[2023.10.30 13:51:03 - warning] RiskMon is not configured, portfilio fund will be updated every 5s
[2023.10.30 13:51:03 - info ] Resampled bars will be aligned by section:  not
[2023.10.30 13:51:03 - debug] Storage initialized @ /
[2023.10.30 13:51:03 - info ] No adjusting factor file configured, loading skipped
[2023.10.30 13:51:03 - info ] Data manager initialized
[2023.10.30 13:51:03 - info ] [tts24] Parser module E:/wondertrader/src/WtRunner/parsers/ParserCTP.dll loaded
[2023.10.30 13:51:03 - info ] [tts24] Parser initialzied, check_time: false
[2023.10.30 13:51:03 - info ] 1 parsers loaded
[2023.10.30 13:51:03 - warning] [tts24] Risk control rule of trading channel not activated
[2023.10.30 13:51:03 - info ] [tts24] Trader module E:/wondertrader/src/WtRunner/traders/TraderCTP.dll loaded
[2023.10.30 13:51:03 - info ] 1 traders loaded
[2023.10.30 13:51:05 - info ] HFT strategy factory[WtHftStraFact] loaded
[2023.10.30 13:51:05 - info ] 1 HFT strategy factories in directory[E:/wondertrader/src/WtRunner/hft/] loaded
[2023.10.30 13:54:00 - info ] 1 parsers started
[2023.10.30 13:54:05 - info ] registerFront: tcp://122.51.136.165:20002
[2023.10.30 13:54:05 - info ] 1 trading channels started
[2023.10.30 13:54:13 - debug] His min1 bars of CFFEX.IF.2309 loaded, 0 from history, 0 from realtime
[2023.10.30 13:54:22 - debug] His min1 bars of CFFEX.IH.2309 loaded, 0 from history, 0 from realtime
[2023.10.30 13:54:27 - info ] Market Data subscribed: CFFEX.IH.2309
[2023.10.30 13:54:29 - info ] Market Data subscribed: CFFEX.IC.2309
[2023.10.30 13:54:31 - info ] Market Data subscribed: CFFEX.IF.2309
[2023.10.30 13:54:34 - info ] 回调策略on_init
[2023.10.30 14:27:30 - warning] No session configured for INE.ec
[2023.10.30 14:27:30 - warning] No session configured for SHFE.ao
[2023.10.30 14:27:30 - info ] Commodities configuration file ./common/commodities.json loaded
[2023.10.30 14:27:30 - warning] Commodity INE.ec not found, contract ec2404 skipped
[2023.10.30 14:27:30 - warning] Commodity INE.ec not found, contract ec2408 skipped
[2023.10.30 14:27:30 - warning] Commodity INE.ec not found, contract ec2410 skipped
[2023.10.30 14:27:30 - warning] Commodity INE.ec not found, contract ec2412 skipped
[2023.10.30 14:27:30 - warning] Commodity INE.ec not found, contract ec2406 skipped
[2023.10.30 14:27:30 - warning] Commodity SHFE.ao not found, contract ao2404 skipped
[2023.10.30 14:27:30 - warning] Commodity SHFE.ao not found, contract ao2311 skipped
[2023.10.30 14:27:30 - warning] Commodity SHFE.ao not found, contract ao2402 skipped
[2023.10.30 14:27:30 - warning] Commodity SHFE.ao not found, contract ao2405 skipped
[2023.10.30 14:27:30 - warning] Commodity SHFE.ao not found, contract ao2403 skipped
[2023.10.30 14:27:30 - warning] Commodity SHFE.ao not found, contract ao2401 skipped
[2023.10.30 14:27:30 - warning] Commodity SHFE.ao not found, contract ao2408 skipped
[2023.10.30 14:27:30 - warning] Commodity SHFE.ao not found, contract ao2312 skipped
[2023.10.30 14:27:30 - warning] Commodity SHFE.ao not found, contract ao2406 skipped
[2023.10.30 14:27:30 - warning] Commodity SHFE.ao not found, contract ao2407 skipped
[2023.10.30 14:27:30 - info ] Contracts configuration file ./common/contracts.json loaded, 6 exchanges
[2023.10.30 14:27:31 - info ] Trading enviroment initialzied with engine: HFT
[2023.10.30 14:27:31 - info ] Running mode: Production
[2023.10.30 14:27:31 - info ] 44 fee templates loaded
[2023.10.30 14:27:31 - warning] RiskMon is not configured, portfilio fund will be updated every 5s
[2023.10.30 14:27:31 - info ] Resampled bars will be aligned by section:  not
[2023.10.30 14:27:31 - debug] Storage initialized @ /
[2023.10.30 14:27:31 - info ] No adjusting factor file configured, loading skipped
[2023.10.30 14:27:31 - info ] Data manager initialized
[2023.10.30 14:27:31 - info ] [tts24] Parser module E:/wondertrader/src/WtRunner/parsers/ParserCTP.dll loaded
[2023.10.30 14:27:31 - info ] [tts24] Parser initialzied, check_time: false
[2023.10.30 14:27:31 - info ] 1 parsers loaded
[2023.10.30 14:27:31 - warning] [tts24] Risk control rule of trading channel not activated
[2023.10.30 14:27:31 - info ] [tts24] Trader module E:/wondertrader/src/WtRunner/traders/TraderCTP.dll loaded
[2023.10.30 14:27:31 - info ] 1 traders loaded
[2023.10.30 14:54:49 - warning] No session configured for INE.ec
[2023.10.30 14:54:49 - warning] No session configured for SHFE.ao
[2023.10.30 14:54:49 - info ] Commodities configuration file ./common/commodities.json loaded
[2023.10.30 14:54:49 - warning] Commodity INE.ec not found, contract ec2404 skipped
[2023.10.30 14:54:49 - warning] Commodity INE.ec not found, contract ec2408 skipped
[2023.10.30 14:54:49 - warning] Commodity INE.ec not found, contract ec2410 skipped
[2023.10.30 14:54:49 - warning] Commodity INE.ec not found, contract ec2412 skipped
[2023.10.30 14:54:49 - warning] Commodity INE.ec not found, contract ec2406 skipped
[2023.10.30 14:54:49 - warning] Commodity SHFE.ao not found, contract ao2404 skipped
[2023.10.30 14:54:49 - warning] Commodity SHFE.ao not found, contract ao2311 skipped
[2023.10.30 14:54:49 - warning] Commodity SHFE.ao not found, contract ao2402 skipped
[2023.10.30 14:54:49 - warning] Commodity SHFE.ao not found, contract ao2405 skipped
[2023.10.30 14:54:49 - warning] Commodity SHFE.ao not found, contract ao2403 skipped
[2023.10.30 14:54:49 - warning] Commodity SHFE.ao not found, contract ao2401 skipped
[2023.10.30 14:54:49 - warning] Commodity SHFE.ao not found, contract ao2408 skipped
[2023.10.30 14:54:49 - warning] Commodity SHFE.ao not found, contract ao2312 skipped
[2023.10.30 14:54:49 - warning] Commodity SHFE.ao not found, contract ao2406 skipped
[2023.10.30 14:54:49 - warning] Commodity SHFE.ao not found, contract ao2407 skipped
[2023.10.30 14:54:49 - info ] Contracts configuration file ./common/contracts.json loaded, 6 exchanges
[2023.10.30 14:54:50 - info ] Trading enviroment initialzied with engine: HFT
[2023.10.30 14:54:50 - info ] Running mode: Production
[2023.10.30 14:54:50 - info ] 44 fee templates loaded
[2023.10.30 14:54:50 - warning] RiskMon is not configured, portfilio fund will be updated every 5s
[2023.10.30 14:54:50 - info ] Resampled bars will be aligned by section:  not
[2023.10.30 14:54:50 - debug] Storage initialized @ /
[2023.10.30 14:54:50 - info ] No adjusting factor file configured, loading skipped
[2023.10.30 14:54:50 - info ] Data manager initialized
[2023.10.30 14:54:50 - info ] [tts24] Parser module E:/wondertrader/src/WtRunner/parsers/ParserCTP.dll loaded
[2023.10.30 14:54:50 - info ] [tts24] Parser initialzied, check_time: false
[2023.10.30 14:54:50 - info ] 1 parsers loaded
[2023.10.30 14:54:50 - warning] [tts24] Risk control rule of trading channel not activated
[2023.10.30 14:54:50 - info ] [tts24] Trader module E:/wondertrader/src/WtRunner/traders/TraderCTP.dll loaded
[2023.10.30 14:54:50 - info ] 1 traders loaded
[2023.10.30 14:54:53 - info ] HFT strategy factory[WtHftStraFact] loaded
[2023.10.30 14:54:53 - info ] 1 HFT strategy factories in directory[E:/wondertrader/src/WtRunner/hft/] loaded
[2023.10.30 14:54:58 - info ] 1 parsers started
[2023.10.30 14:55:51 - info ] registerFront: tcp://180.168.146.187:10201
[2023.10.30 14:56:26 - info ] 1 trading channels started
[2023.10.30 15:40:09 - warning] No session configured for INE.ec
[2023.10.30 15:40:09 - warning] No session configured for SHFE.ao
[2023.10.30 15:40:09 - info ] Commodities configuration file ./common/commodities.json loaded
[2023.10.30 15:40:09 - warning] Commodity INE.ec not found, contract ec2404 skipped
[2023.10.30 15:40:09 - warning] Commodity INE.ec not found, contract ec2408 skipped
[2023.10.30 15:40:09 - warning] Commodity INE.ec not found, contract ec2410 skipped
[2023.10.30 15:40:09 - warning] Commodity INE.ec not found, contract ec2412 skipped
[2023.10.30 15:40:09 - warning] Commodity INE.ec not found, contract ec2406 skipped
[2023.10.30 15:40:09 - warning] Commodity SHFE.ao not found, contract ao2404 skipped
[2023.10.30 15:40:09 - warning] Commodity SHFE.ao not found, contract ao2311 skipped
[2023.10.30 15:40:09 - warning] Commodity SHFE.ao not found, contract ao2402 skipped
[2023.10.30 15:40:09 - warning] Commodity SHFE.ao not found, contract ao2405 skipped
[2023.10.30 15:40:09 - warning] Commodity SHFE.ao not found, contract ao2403 skipped
[2023.10.30 15:40:09 - warning] Commodity SHFE.ao not found, contract ao2401 skipped
[2023.10.30 15:40:09 - warning] Commodity SHFE.ao not found, contract ao2408 skipped
[2023.10.30 15:40:09 - warning] Commodity SHFE.ao not found, contract ao2312 skipped
[2023.10.30 15:40:09 - warning] Commodity SHFE.ao not found, contract ao2406 skipped
[2023.10.30 15:40:09 - warning] Commodity SHFE.ao not found, contract ao2407 skipped
[2023.10.30 15:40:09 - info ] Contracts configuration file ./common/contracts.json loaded, 6 exchanges
[2023.10.30 15:40:09 - info ] Trading enviroment initialzied with engine: HFT
[2023.10.30 15:40:09 - info ] Running mode: Production
[2023.10.30 15:40:09 - info ] 44 fee templates loaded
[2023.10.30 15:40:09 - warning] RiskMon is not configured, portfilio fund will be updated every 5s
[2023.10.30 15:40:09 - info ] Resampled bars will be aligned by section:  not
[2023.10.30 15:40:09 - debug] Storage initialized @ /
[2023.10.30 15:40:09 - info ] No adjusting factor file configured, loading skipped
[2023.10.30 15:40:09 - info ] Data manager initialized
[2023.10.30 15:40:10 - info ] [tts24] Parser module E:/wondertrader/src/WtRunner/parsers/ParserCTP.dll loaded
[2023.10.30 15:40:10 - info ] [tts24] Parser initialzied, check_time: false
[2023.10.30 15:40:10 - info ] 1 parsers loaded
[2023.10.30 15:40:10 - warning] [tts24] Risk control rule of trading channel not activated
[2023.10.30 15:40:10 - info ] [tts24] Trader module E:/wondertrader/src/WtRunner/traders/TraderCTP.dll loaded
[2023.10.30 15:40:10 - info ] 1 traders loaded
[2023.10.30 15:40:13 - info ] HFT strategy factory[WtHftStraFact] loaded
[2023.10.30 15:40:13 - info ] 1 HFT strategy factories in directory[E:/wondertrader/src/WtRunner/hft/] loaded
[2023.10.30 15:40:18 - info ] 1 parsers started
[2023.10.30 15:40:19 - info ] registerFront: tcp://122.51.136.165:20002
[2023.10.30 15:40:19 - info ] 1 trading channels started
[2023.10.30 15:40:29 - debug] His min1 bars of CFFEX.IF.2309 loaded, 0 from history, 0 from realtime
[2023.10.30 15:40:31 - debug] His min1 bars of CFFEX.IH.2309 loaded, 0 from history, 0 from realtime
[2023.10.30 15:40:33 - info ] Market Data subscribed: CFFEX.IH.2309
[2023.10.30 15:40:35 - info ] Market Data subscribed: CFFEX.IC.2309
[2023.10.30 15:40:40 - info ] Market Data subscribed: CFFEX.IF.2309
[2023.10.30 15:40:43 - info ] 回调策略on_init
[2023.10.30 15:41:08 - warning] No session configured for INE.ec
[2023.10.30 15:41:08 - warning] No session configured for SHFE.ao
[2023.10.30 15:41:08 - info ] Commodities configuration file ./common/commodities.json loaded
[2023.10.30 15:41:08 - warning] Commodity INE.ec not found, contract ec2404 skipped
[2023.10.30 15:41:08 - warning] Commodity INE.ec not found, contract ec2408 skipped
[2023.10.30 15:41:08 - warning] Commodity INE.ec not found, contract ec2410 skipped
[2023.10.30 15:41:08 - warning] Commodity INE.ec not found, contract ec2412 skipped
[2023.10.30 15:41:08 - warning] Commodity INE.ec not found, contract ec2406 skipped
[2023.10.30 15:41:08 - warning] Commodity SHFE.ao not found, contract ao2404 skipped
[2023.10.30 15:41:08 - warning] Commodity SHFE.ao not found, contract ao2311 skipped
[2023.10.30 15:41:08 - warning] Commodity SHFE.ao not found, contract ao2402 skipped
[2023.10.30 15:41:08 - warning] Commodity SHFE.ao not found, contract ao2405 skipped
[2023.10.30 15:41:08 - warning] Commodity SHFE.ao not found, contract ao2403 skipped
[2023.10.30 15:41:08 - warning] Commodity SHFE.ao not found, contract ao2401 skipped
[2023.10.30 15:41:08 - warning] Commodity SHFE.ao not found, contract ao2408 skipped
[2023.10.30 15:41:08 - warning] Commodity SHFE.ao not found, contract ao2312 skipped
[2023.10.30 15:41:08 - warning] Commodity SHFE.ao not found, contract ao2406 skipped
[2023.10.30 15:41:08 - warning] Commodity SHFE.ao not found, contract ao2407 skipped
[2023.10.30 15:41:08 - info ] Contracts configuration file ./common/contracts.json loaded, 6 exchanges
[2023.10.30 15:41:08 - info ] Trading enviroment initialzied with engine: HFT
[2023.10.30 15:41:08 - info ] Running mode: Production
[2023.10.30 15:41:08 - info ] 44 fee templates loaded
[2023.10.30 15:41:08 - warning] RiskMon is not configured, portfilio fund will be updated every 5s
[2023.10.30 15:41:08 - info ] Resampled bars will be aligned by section:  not
[2023.10.30 15:41:08 - debug] Storage initialized @ /
[2023.10.30 15:41:08 - info ] No adjusting factor file configured, loading skipped
[2023.10.30 15:41:08 - info ] Data manager initialized
[2023.10.30 15:41:08 - info ] [tts24] Parser module E:/wondertrader/src/WtRunner/parsers/ParserCTP.dll loaded
[2023.10.30 15:41:08 - info ] [tts24] Parser initialzied, check_time: false
[2023.10.30 15:41:08 - info ] 1 parsers loaded
[2023.10.30 15:41:08 - warning] [tts24] Risk control rule of trading channel not activated
[2023.10.30 15:41:09 - info ] [tts24] Trader module E:/wondertrader/src/WtRunner/traders/TraderCTP.dll loaded
[2023.10.30 15:41:09 - info ] 1 traders loaded
[2023.10.30 15:41:11 - info ] HFT strategy factory[WtHftStraFact] loaded
[2023.10.30 15:41:11 - info ] 1 HFT strategy factories in directory[E:/wondertrader/src/WtRunner/hft/] loaded
[2023.10.30 15:49:32 - info ] 1 parsers started
[2023.10.30 15:49:43 - info ] registerFront: tcp://122.51.136.165:20002
[2023.10.30 15:49:51 - info ] 1 trading channels started
[2023.10.30 15:57:57 - warning] No session configured for INE.ec
[2023.10.30 15:57:57 - warning] No session configured for SHFE.ao
[2023.10.30 15:57:57 - info ] Commodities configuration file ./common/commodities.json loaded
[2023.10.30 15:57:57 - warning] Commodity INE.ec not found, contract ec2404 skipped
[2023.10.30 15:57:57 - warning] Commodity INE.ec not found, contract ec2408 skipped
[2023.10.30 15:57:57 - warning] Commodity INE.ec not found, contract ec2410 skipped
[2023.10.30 15:57:57 - warning] Commodity INE.ec not found, contract ec2412 skipped
[2023.10.30 15:57:57 - warning] Commodity INE.ec not found, contract ec2406 skipped
[2023.10.30 15:57:57 - warning] Commodity SHFE.ao not found, contract ao2404 skipped
[2023.10.30 15:57:57 - warning] Commodity SHFE.ao not found, contract ao2311 skipped
[2023.10.30 15:57:57 - warning] Commodity SHFE.ao not found, contract ao2402 skipped
[2023.10.30 15:57:57 - warning] Commodity SHFE.ao not found, contract ao2405 skipped
[2023.10.30 15:57:57 - warning] Commodity SHFE.ao not found, contract ao2403 skipped
[2023.10.30 15:57:57 - warning] Commodity SHFE.ao not found, contract ao2401 skipped
[2023.10.30 15:57:57 - warning] Commodity SHFE.ao not found, contract ao2408 skipped
[2023.10.30 15:57:57 - warning] Commodity SHFE.ao not found, contract ao2312 skipped
[2023.10.30 15:57:57 - warning] Commodity SHFE.ao not found, contract ao2406 skipped
[2023.10.30 15:57:57 - warning] Commodity SHFE.ao not found, contract ao2407 skipped
[2023.10.30 15:57:57 - info ] Contracts configuration file ./common/contracts.json loaded, 6 exchanges
[2023.10.30 15:57:57 - info ] Trading enviroment initialzied with engine: HFT
[2023.10.30 15:57:57 - info ] Running mode: Production
[2023.10.30 15:57:57 - info ] 44 fee templates loaded
[2023.10.30 15:57:57 - warning] RiskMon is not configured, portfilio fund will be updated every 5s
[2023.10.30 15:57:57 - info ] Resampled bars will be aligned by section:  not
[2023.10.30 15:57:58 - debug] Storage initialized @ /
[2023.10.30 15:57:58 - info ] No adjusting factor file configured, loading skipped
[2023.10.30 15:57:58 - info ] Data manager initialized
[2023.10.30 15:57:58 - info ] [tts24] Parser module E:/wondertrader/src/WtRunner/parsers/ParserCTP.dll loaded
[2023.10.30 15:57:58 - info ] [tts24] Parser initialzied, check_time: false
[2023.10.30 15:57:58 - info ] 1 parsers loaded
[2023.10.30 15:57:58 - warning] [tts24] Risk control rule of trading channel not activated
[2023.10.30 15:57:58 - info ] [tts24] Trader module E:/wondertrader/src/WtRunner/traders/TraderCTP.dll loaded
[2023.10.30 15:57:58 - info ] 1 traders loaded
[2023.10.30 15:58:08 - info ] HFT strategy factory[WtHftStraFact] loaded
[2023.10.30 15:58:08 - info ] 1 HFT strategy factories in directory[E:/wondertrader/src/WtRunner/hft/] loaded
[2023.10.30 15:59:02 - info ] 1 parsers started
[2023.10.30 16:00:59 - info ] registerFront: tcp://122.51.136.165:20002
[2023.10.30 16:01:59 - info ] 1 trading channels started
[2023.10.30 16:03:47 - warning] No session configured for INE.ec
[2023.10.30 16:03:47 - warning] No session configured for SHFE.ao
[2023.10.30 16:03:47 - info ] Commodities configuration file ./common/commodities.json loaded
[2023.10.30 16:03:48 - warning] Commodity INE.ec not found, contract ec2404 skipped
[2023.10.30 16:03:48 - warning] Commodity INE.ec not found, contract ec2408 skipped
[2023.10.30 16:03:48 - warning] Commodity INE.ec not found, contract ec2410 skipped
[2023.10.30 16:03:48 - warning] Commodity INE.ec not found, contract ec2412 skipped
[2023.10.30 16:03:48 - warning] Commodity INE.ec not found, contract ec2406 skipped
[2023.10.30 16:03:48 - warning] Commodity SHFE.ao not found, contract ao2404 skipped
[2023.10.30 16:03:48 - warning] Commodity SHFE.ao not found, contract ao2311 skipped
[2023.10.30 16:03:48 - warning] Commodity SHFE.ao not found, contract ao2402 skipped
[2023.10.30 16:03:48 - warning] Commodity SHFE.ao not found, contract ao2405 skipped
[2023.10.30 16:03:48 - warning] Commodity SHFE.ao not found, contract ao2403 skipped
[2023.10.30 16:03:48 - warning] Commodity SHFE.ao not found, contract ao2401 skipped
[2023.10.30 16:03:48 - warning] Commodity SHFE.ao not found, contract ao2408 skipped
[2023.10.30 16:03:48 - warning] Commodity SHFE.ao not found, contract ao2312 skipped
[2023.10.30 16:03:48 - warning] Commodity SHFE.ao not found, contract ao2406 skipped
[2023.10.30 16:03:48 - warning] Commodity SHFE.ao not found, contract ao2407 skipped
[2023.10.30 16:03:48 - info ] Contracts configuration file ./common/contracts.json loaded, 6 exchanges
[2023.10.30 16:03:48 - info ] Trading enviroment initialzied with engine: HFT
[2023.10.30 16:03:48 - info ] Running mode: Production
[2023.10.30 16:03:48 - info ] 44 fee templates loaded
[2023.10.30 16:03:48 - warning] RiskMon is not configured, portfilio fund will be updated every 5s
[2023.10.30 16:03:48 - info ] Resampled bars will be aligned by section:  not
[2023.10.30 16:03:48 - debug] Storage initialized @ /
[2023.10.30 16:03:48 - info ] No adjusting factor file configured, loading skipped
[2023.10.30 16:03:48 - info ] Data manager initialized
[2023.10.30 16:03:48 - info ] [tts24] Parser module E:/wondertrader/src/WtRunner/parsers/ParserCTP.dll loaded
[2023.10.30 16:03:48 - info ] [tts24] Parser initialzied, check_time: false
[2023.10.30 16:03:48 - info ] 1 parsers loaded
[2023.10.30 16:03:48 - warning] [tts24] Risk control rule of trading channel not activated
[2023.10.30 16:03:48 - info ] [tts24] Trader module E:/wondertrader/src/WtRunner/traders/TraderCTP.dll loaded
[2023.10.30 16:03:48 - info ] 1 traders loaded
[2023.10.30 16:03:50 - info ] HFT strategy factory[WtHftStraFact] loaded
[2023.10.30 16:03:50 - info ] 1 HFT strategy factories in directory[E:/wondertrader/src/WtRunner/hft/] loaded
[2023.10.30 16:03:53 - info ] 1 parsers started
[2023.10.30 16:03:54 - info ] registerFront: tcp://122.51.136.165:20002
[2023.10.30 16:03:54 - info ] 1 trading channels started
[2023.10.30 16:04:22 - debug] His min1 bars of CFFEX.IF.2312 loaded, 0 from history, 0 from realtime
[2023.10.30 16:09:12 - warning] No session configured for INE.ec
[2023.10.30 16:09:12 - warning] No session configured for SHFE.ao
[2023.10.30 16:09:12 - info ] Commodities configuration file ./common/commodities.json loaded
[2023.10.30 16:09:12 - warning] Commodity INE.ec not found, contract ec2404 skipped
[2023.10.30 16:09:12 - warning] Commodity INE.ec not found, contract ec2408 skipped
[2023.10.30 16:09:12 - warning] Commodity INE.ec not found, contract ec2410 skipped
[2023.10.30 16:09:12 - warning] Commodity INE.ec not found, contract ec2412 skipped
[2023.10.30 16:09:12 - warning] Commodity INE.ec not found, contract ec2406 skipped
[2023.10.30 16:09:12 - warning] Commodity SHFE.ao not found, contract ao2404 skipped
[2023.10.30 16:09:12 - warning] Commodity SHFE.ao not found, contract ao2311 skipped
[2023.10.30 16:09:12 - warning] Commodity SHFE.ao not found, contract ao2402 skipped
[2023.10.30 16:09:12 - warning] Commodity SHFE.ao not found, contract ao2405 skipped
[2023.10.30 16:09:12 - warning] Commodity SHFE.ao not found, contract ao2403 skipped
[2023.10.30 16:09:12 - warning] Commodity SHFE.ao not found, contract ao2401 skipped
[2023.10.30 16:09:12 - warning] Commodity SHFE.ao not found, contract ao2408 skipped
[2023.10.30 16:09:12 - warning] Commodity SHFE.ao not found, contract ao2312 skipped
[2023.10.30 16:09:12 - warning] Commodity SHFE.ao not found, contract ao2406 skipped
[2023.10.30 16:09:12 - warning] Commodity SHFE.ao not found, contract ao2407 skipped
[2023.10.30 16:09:12 - info ] Contracts configuration file ./common/contracts.json loaded, 6 exchanges
[2023.10.30 16:09:12 - info ] Trading enviroment initialzied with engine: HFT
[2023.10.30 16:09:12 - info ] Running mode: Production
[2023.10.30 16:09:12 - info ] 44 fee templates loaded
[2023.10.30 16:09:12 - warning] RiskMon is not configured, portfilio fund will be updated every 5s
[2023.10.30 16:09:12 - info ] Resampled bars will be aligned by section:  not
[2023.10.30 16:09:12 - debug] Storage initialized @ /
[2023.10.30 16:09:12 - info ] No adjusting factor file configured, loading skipped
[2023.10.30 16:09:12 - info ] Data manager initialized
[2023.10.30 16:09:12 - info ] [tts24] Parser module E:/wondertrader/src/WtRunner/parsers/ParserCTP.dll loaded
[2023.10.30 16:09:12 - info ] [tts24] Parser initialzied, check_time: false
[2023.10.30 16:09:12 - info ] 1 parsers loaded
[2023.10.30 16:09:12 - warning] [tts24] Risk control rule of trading channel not activated
[2023.10.30 16:09:12 - info ] [tts24] Trader module E:/wondertrader/src/WtRunner/traders/TraderCTP.dll loaded
[2023.10.30 16:09:12 - info ] 1 traders loaded
[2023.10.30 16:09:24 - info ] HFT strategy factory[WtHftStraFact] loaded
[2023.10.30 16:09:24 - info ] 1 HFT strategy factories in directory[E:/wondertrader/src/WtRunner/hft/] loaded
[2023.10.30 16:09:56 - warning] No session configured for INE.ec
[2023.10.30 16:09:56 - warning] No session configured for SHFE.ao
[2023.10.30 16:09:56 - info ] Commodities configuration file ./common/commodities.json loaded
[2023.10.30 16:09:57 - warning] Commodity INE.ec not found, contract ec2404 skipped
[2023.10.30 16:09:57 - warning] Commodity INE.ec not found, contract ec2408 skipped
[2023.10.30 16:09:57 - warning] Commodity INE.ec not found, contract ec2410 skipped
[2023.10.30 16:09:57 - warning] Commodity INE.ec not found, contract ec2412 skipped
[2023.10.30 16:09:57 - warning] Commodity INE.ec not found, contract ec2406 skipped
[2023.10.30 16:09:57 - warning] Commodity SHFE.ao not found, contract ao2404 skipped
[2023.10.30 16:09:57 - warning] Commodity SHFE.ao not found, contract ao2311 skipped
[2023.10.30 16:09:57 - warning] Commodity SHFE.ao not found, contract ao2402 skipped
[2023.10.30 16:09:57 - warning] Commodity SHFE.ao not found, contract ao2405 skipped
[2023.10.30 16:09:57 - warning] Commodity SHFE.ao not found, contract ao2403 skipped
[2023.10.30 16:09:57 - warning] Commodity SHFE.ao not found, contract ao2401 skipped
[2023.10.30 16:09:57 - warning] Commodity SHFE.ao not found, contract ao2408 skipped
[2023.10.30 16:09:57 - warning] Commodity SHFE.ao not found, contract ao2312 skipped
[2023.10.30 16:09:57 - warning] Commodity SHFE.ao not found, contract ao2406 skipped
[2023.10.30 16:09:57 - warning] Commodity SHFE.ao not found, contract ao2407 skipped
[2023.10.30 16:09:57 - info ] Contracts configuration file ./common/contracts.json loaded, 6 exchanges
[2023.10.30 16:09:57 - info ] Trading enviroment initialzied with engine: HFT
[2023.10.30 16:09:57 - info ] Running mode: Production
[2023.10.30 16:09:57 - info ] 44 fee templates loaded
[2023.10.30 16:09:57 - warning] RiskMon is not configured, portfilio fund will be updated every 5s
[2023.10.30 16:09:57 - info ] Resampled bars will be aligned by section:  not
[2023.10.30 16:09:57 - debug] Storage initialized @ /
[2023.10.30 16:09:57 - info ] No adjusting factor file configured, loading skipped
[2023.10.30 16:09:57 - info ] Data manager initialized
[2023.10.30 16:09:57 - info ] [tts24] Parser module E:/wondertrader/src/WtRunner/parsers/ParserCTP.dll loaded
[2023.10.30 16:09:57 - info ] [tts24] Parser initialzied, check_time: false
[2023.10.30 16:09:57 - info ] 1 parsers loaded
[2023.10.30 16:09:57 - warning] [tts24] Risk control rule of trading channel not activated
[2023.10.30 16:09:57 - info ] [tts24] Trader module E:/wondertrader/src/WtRunner/traders/TraderCTP.dll loaded
[2023.10.30 16:09:57 - info ] 1 traders loaded
[2023.10.30 16:10:01 - info ] HFT strategy factory[WtHftStraFact] loaded
[2023.10.30 16:10:01 - info ] 1 HFT strategy factories in directory[E:/wondertrader/src/WtRunner/hft/] loaded
[2023.10.30 16:11:49 - info ] 1 parsers started
[2023.10.30 16:12:03 - info ] registerFront: tcp://122.51.136.165:20002
[2023.10.30 16:12:11 - info ] 1 trading channels started
[2023.10.30 16:12:37 - debug] His min1 bars of CFFEX.IF.2312 loaded, 0 from history, 0 from realtime
[2023.10.30 16:12:58 - debug] His min1 bars of CFFEX.IH.2312 loaded, 0 from history, 0 from realtime
[2023.10.30 16:13:03 - info ] Market Data subscribed: CFFEX.IH.2312
[2023.10.30 16:13:12 - info ] Market Data subscribed: CFFEX.IC.2312
[2023.10.30 16:13:14 - info ] Market Data subscribed: CFFEX.IF.2312
[2023.10.30 16:13:16 - info ] 回调策略on_init
[2023.10.30 16:36:37 - warning] No session configured for INE.ec
[2023.10.30 16:36:37 - warning] No session configured for SHFE.ao
[2023.10.30 16:36:37 - info ] Commodities configuration file ./common/commodities.json loaded
[2023.10.30 16:36:37 - warning] Commodity INE.ec not found, contract ec2404 skipped
[2023.10.30 16:36:37 - warning] Commodity INE.ec not found, contract ec2408 skipped
[2023.10.30 16:36:37 - warning] Commodity INE.ec not found, contract ec2410 skipped
[2023.10.30 16:36:37 - warning] Commodity INE.ec not found, contract ec2412 skipped
[2023.10.30 16:36:37 - warning] Commodity INE.ec not found, contract ec2406 skipped
[2023.10.30 16:36:37 - warning] Commodity SHFE.ao not found, contract ao2404 skipped
[2023.10.30 16:36:37 - warning] Commodity SHFE.ao not found, contract ao2311 skipped
[2023.10.30 16:36:37 - warning] Commodity SHFE.ao not found, contract ao2402 skipped
[2023.10.30 16:36:37 - warning] Commodity SHFE.ao not found, contract ao2405 skipped
[2023.10.30 16:36:37 - warning] Commodity SHFE.ao not found, contract ao2403 skipped
[2023.10.30 16:36:37 - warning] Commodity SHFE.ao not found, contract ao2401 skipped
[2023.10.30 16:36:37 - warning] Commodity SHFE.ao not found, contract ao2408 skipped
[2023.10.30 16:36:37 - warning] Commodity SHFE.ao not found, contract ao2312 skipped
[2023.10.30 16:36:37 - warning] Commodity SHFE.ao not found, contract ao2406 skipped
[2023.10.30 16:36:37 - warning] Commodity SHFE.ao not found, contract ao2407 skipped
[2023.10.30 16:36:37 - info ] Contracts configuration file ./common/contracts.json loaded, 6 exchanges
[2023.10.30 16:36:38 - info ] Trading enviroment initialzied with engine: HFT
[2023.10.30 16:36:38 - info ] Running mode: Production
[2023.10.30 16:36:38 - info ] 44 fee templates loaded
[2023.10.30 16:36:38 - warning] RiskMon is not configured, portfilio fund will be updated every 5s
[2023.10.30 16:36:38 - info ] Resampled bars will be aligned by section:  not
[2023.10.30 16:36:38 - debug] Storage initialized @ /
[2023.10.30 16:36:38 - info ] No adjusting factor file configured, loading skipped
[2023.10.30 16:36:38 - info ] Data manager initialized
[2023.10.30 16:36:38 - info ] [tts24] Parser module E:/wondertrader/src/WtRunner/parsers/ParserCTP.dll loaded
[2023.10.30 16:36:38 - info ] [tts24] Parser initialzied, check_time: false
[2023.10.30 16:36:38 - info ] 1 parsers loaded
[2023.10.30 16:36:38 - warning] [tts24] Risk control rule of trading channel not activated
[2023.10.30 16:36:38 - info ] [tts24] Trader module E:/wondertrader/src/WtRunner/traders/TraderCTP.dll loaded
[2023.10.30 16:36:38 - info ] 1 traders loaded
[2023.10.30 16:54:52 - warning] No session configured for INE.ec
[2023.10.30 16:54:52 - warning] No session configured for SHFE.ao
[2023.10.30 16:54:52 - info ] Commodities configuration file ./common/commodities.json loaded
[2023.10.30 16:54:52 - warning] Commodity INE.ec not found, contract ec2404 skipped
[2023.10.30 16:54:52 - warning] Commodity INE.ec not found, contract ec2408 skipped
[2023.10.30 16:54:52 - warning] Commodity INE.ec not found, contract ec2410 skipped
[2023.10.30 16:54:52 - warning] Commodity INE.ec not found, contract ec2412 skipped
[2023.10.30 16:54:52 - warning] Commodity INE.ec not found, contract ec2406 skipped
[2023.10.30 16:54:52 - warning] Commodity SHFE.ao not found, contract ao2404 skipped
[2023.10.30 16:54:52 - warning] Commodity SHFE.ao not found, contract ao2311 skipped
[2023.10.30 16:54:52 - warning] Commodity SHFE.ao not found, contract ao2402 skipped
[2023.10.30 16:54:52 - warning] Commodity SHFE.ao not found, contract ao2405 skipped
[2023.10.30 16:54:52 - warning] Commodity SHFE.ao not found, contract ao2403 skipped
[2023.10.30 16:54:52 - warning] Commodity SHFE.ao not found, contract ao2401 skipped
[2023.10.30 16:54:52 - warning] Commodity SHFE.ao not found, contract ao2408 skipped
[2023.10.30 16:54:52 - warning] Commodity SHFE.ao not found, contract ao2312 skipped
[2023.10.30 16:54:52 - warning] Commodity SHFE.ao not found, contract ao2406 skipped
[2023.10.30 16:54:52 - warning] Commodity SHFE.ao not found, contract ao2407 skipped
[2023.10.30 16:54:52 - info ] Contracts configuration file ./common/contracts.json loaded, 6 exchanges
[2023.10.30 16:54:53 - info ] Trading enviroment initialzied with engine: HFT
[2023.10.30 16:54:53 - info ] Running mode: Production
[2023.10.30 16:54:53 - info ] 44 fee templates loaded
[2023.10.30 16:54:53 - warning] RiskMon is not configured, portfilio fund will be updated every 5s
[2023.10.30 16:54:53 - info ] Resampled bars will be aligned by section:  not
[2023.10.30 16:54:53 - debug] Storage initialized @ /
[2023.10.30 16:54:53 - info ] No adjusting factor file configured, loading skipped
[2023.10.30 16:54:53 - info ] Data manager initialized
[2023.10.30 16:54:53 - info ] [tts24] Parser module E:/wondertrader/src/WtRunner/parsers/ParserCTP.dll loaded
[2023.10.30 16:54:53 - info ] [tts24] Parser initialzied, check_time: false
[2023.10.30 16:54:53 - info ] 1 parsers loaded
[2023.10.30 16:54:53 - warning] [tts24] Risk control rule of trading channel not activated
[2023.10.30 16:54:53 - info ] [tts24] Trader module E:/wondertrader/src/WtRunner/traders/TraderCTP.dll loaded
[2023.10.30 16:54:53 - info ] 1 traders loaded
[2023.10.30 16:57:47 - info ] HFT strategy factory[WtHftStraFact] loaded
[2023.10.30 16:57:47 - info ] 1 HFT strategy factories in directory[E:/wondertrader/src/WtRunner/hft/] loaded
[2023.10.30 17:04:51 - warning] No session configured for INE.ec
[2023.10.30 17:04:51 - warning] No session configured for SHFE.ao
[2023.10.30 17:04:51 - info ] Commodities configuration file ./common/commodities.json loaded
[2023.10.30 17:04:51 - warning] Commodity INE.ec not found, contract ec2404 skipped
[2023.10.30 17:04:51 - warning] Commodity INE.ec not found, contract ec2408 skipped
[2023.10.30 17:04:51 - warning] Commodity INE.ec not found, contract ec2410 skipped
[2023.10.30 17:04:51 - warning] Commodity INE.ec not found, contract ec2412 skipped
[2023.10.30 17:04:51 - warning] Commodity INE.ec not found, contract ec2406 skipped
[2023.10.30 17:04:51 - warning] Commodity SHFE.ao not found, contract ao2404 skipped
[2023.10.30 17:04:51 - warning] Commodity SHFE.ao not found, contract ao2311 skipped
[2023.10.30 17:04:51 - warning] Commodity SHFE.ao not found, contract ao2402 skipped
[2023.10.30 17:04:51 - warning] Commodity SHFE.ao not found, contract ao2405 skipped
[2023.10.30 17:04:51 - warning] Commodity SHFE.ao not found, contract ao2403 skipped
[2023.10.30 17:04:51 - warning] Commodity SHFE.ao not found, contract ao2401 skipped
[2023.10.30 17:04:51 - warning] Commodity SHFE.ao not found, contract ao2408 skipped
[2023.10.30 17:04:51 - warning] Commodity SHFE.ao not found, contract ao2312 skipped
[2023.10.30 17:04:51 - warning] Commodity SHFE.ao not found, contract ao2406 skipped
[2023.10.30 17:04:51 - warning] Commodity SHFE.ao not found, contract ao2407 skipped
[2023.10.30 17:04:51 - info ] Contracts configuration file ./common/contracts.json loaded, 6 exchanges
[2023.10.30 17:04:51 - info ] Trading enviroment initialzied with engine: HFT
[2023.10.30 17:04:51 - info ] Running mode: Production
[2023.10.30 17:04:51 - info ] 44 fee templates loaded
[2023.10.30 17:04:51 - warning] RiskMon is not configured, portfilio fund will be updated every 5s
[2023.10.30 17:04:51 - info ] Resampled bars will be aligned by section:  not
[2023.10.30 17:04:51 - debug] Storage initialized @ /
[2023.10.30 17:04:51 - info ] No adjusting factor file configured, loading skipped
[2023.10.30 17:04:51 - info ] Data manager initialized
[2023.10.30 17:04:51 - info ] [tts24] Parser module E:/wondertrader/src/WtRunner/parsers/ParserCTP.dll loaded
[2023.10.30 17:04:51 - info ] [tts24] Parser initialzied, check_time: false
[2023.10.30 17:04:51 - info ] 1 parsers loaded
[2023.10.30 17:04:51 - warning] [tts24] Risk control rule of trading channel not activated
[2023.10.30 17:04:51 - info ] [tts24] Trader module E:/wondertrader/src/WtRunner/traders/TraderCTP.dll loaded
[2023.10.30 17:04:51 - info ] 1 traders loaded
[2023.10.30 17:04:53 - info ] HFT strategy factory[WtHftStraFact] loaded
[2023.10.30 17:04:53 - info ] 1 HFT strategy factories in directory[E:/wondertrader/src/WtRunner/hft/] loaded
[2023.10.30 17:04:56 - info ] 1 parsers started
[2023.10.30 17:04:57 - info ] registerFront: tcp://122.51.136.165:20002
[2023.10.30 17:04:57 - info ] 1 trading channels started
[2023.10.30 17:05:04 - debug] His min1 bars of SHFE.au.2311 loaded, 0 from history, 0 from realtime
[2023.10.30 17:48:17 - warning] No session configured for INE.ec
[2023.10.30 17:48:17 - warning] No session configured for SHFE.ao
[2023.10.30 17:48:17 - info ] Commodities configuration file ./common/commodities.json loaded
[2023.10.30 17:48:17 - warning] Commodity INE.ec not found, contract ec2404 skipped
[2023.10.30 17:48:17 - warning] Commodity INE.ec not found, contract ec2408 skipped
[2023.10.30 17:48:17 - warning] Commodity INE.ec not found, contract ec2410 skipped
[2023.10.30 17:48:17 - warning] Commodity INE.ec not found, contract ec2412 skipped
[2023.10.30 17:48:17 - warning] Commodity INE.ec not found, contract ec2406 skipped
[2023.10.30 17:48:17 - warning] Commodity SHFE.ao not found, contract ao2404 skipped
[2023.10.30 17:48:17 - warning] Commodity SHFE.ao not found, contract ao2311 skipped
[2023.10.30 17:48:17 - warning] Commodity SHFE.ao not found, contract ao2402 skipped
[2023.10.30 17:48:17 - warning] Commodity SHFE.ao not found, contract ao2405 skipped
[2023.10.30 17:48:17 - warning] Commodity SHFE.ao not found, contract ao2403 skipped
[2023.10.30 17:48:17 - warning] Commodity SHFE.ao not found, contract ao2401 skipped
[2023.10.30 17:48:17 - warning] Commodity SHFE.ao not found, contract ao2408 skipped
[2023.10.30 17:48:17 - warning] Commodity SHFE.ao not found, contract ao2312 skipped
[2023.10.30 17:48:17 - warning] Commodity SHFE.ao not found, contract ao2406 skipped
[2023.10.30 17:48:17 - warning] Commodity SHFE.ao not found, contract ao2407 skipped
[2023.10.30 17:48:17 - info ] Contracts configuration file ./common/contracts.json loaded, 6 exchanges
[2023.10.30 17:48:17 - info ] Trading enviroment initialzied with engine: HFT
[2023.10.30 17:48:17 - info ] Running mode: Production
[2023.10.30 17:48:17 - info ] 44 fee templates loaded
[2023.10.30 17:48:17 - warning] RiskMon is not configured, portfilio fund will be updated every 5s
[2023.10.30 17:48:17 - info ] Resampled bars will be aligned by section:  not
[2023.10.30 17:48:17 - debug] Storage initialized @ /
[2023.10.30 17:48:17 - info ] No adjusting factor file configured, loading skipped
[2023.10.30 17:48:17 - info ] Data manager initialized
[2023.10.30 17:48:18 - info ] [tts24] Parser module E:/wondertrader/src/WtRunner/parsers/ParserCTP.dll loaded
[2023.10.30 17:48:18 - info ] [tts24] Parser initialzied, check_time: false
[2023.10.30 17:48:18 - info ] 1 parsers loaded
[2023.10.30 17:48:18 - warning] [tts24] Risk control rule of trading channel not activated
[2023.10.30 17:48:18 - info ] [tts24] Trader module E:/wondertrader/src/WtRunner/traders/TraderCTP.dll loaded
[2023.10.30 17:48:18 - info ] 1 traders loaded
[2023.10.30 17:48:21 - info ] HFT strategy factory[WtHftStraFact] loaded
[2023.10.30 17:48:21 - info ] 1 HFT strategy factories in directory[E:/wondertrader/src/WtRunner/hft/] loaded
[2023.10.30 17:48:30 - info ] 1 parsers started
[2023.10.30 17:48:33 - info ] registerFront: tcp://122.51.136.165:20002
[2023.10.30 17:48:33 - info ] 1 trading channels started
[2023.10.30 17:49:16 - debug] His min1 bars of SHFE.au.2311 loaded, 0 from history, 0 from realtime
[2023.10.30 17:49:49 - info ] Market Data subscribed: SHFE.au.2311
[2023.10.30 17:49:55 - info ] 回调策略on_init
[2023.10.30 17:51:51 - warning] No session configured for INE.ec
[2023.10.30 17:51:51 - warning] No session configured for SHFE.ao
[2023.10.30 17:51:51 - info ] Commodities configuration file ./common/commodities.json loaded
[2023.10.30 17:51:51 - warning] Commodity INE.ec not found, contract ec2404 skipped
[2023.10.30 17:51:51 - warning] Commodity INE.ec not found, contract ec2408 skipped
[2023.10.30 17:51:51 - warning] Commodity INE.ec not found, contract ec2410 skipped
[2023.10.30 17:51:51 - warning] Commodity INE.ec not found, contract ec2412 skipped
[2023.10.30 17:51:51 - warning] Commodity INE.ec not found, contract ec2406 skipped
[2023.10.30 17:51:51 - warning] Commodity SHFE.ao not found, contract ao2404 skipped
[2023.10.30 17:51:51 - warning] Commodity SHFE.ao not found, contract ao2311 skipped
[2023.10.30 17:51:51 - warning] Commodity SHFE.ao not found, contract ao2402 skipped
[2023.10.30 17:51:51 - warning] Commodity SHFE.ao not found, contract ao2405 skipped
[2023.10.30 17:51:51 - warning] Commodity SHFE.ao not found, contract ao2403 skipped
[2023.10.30 17:51:51 - warning] Commodity SHFE.ao not found, contract ao2401 skipped
[2023.10.30 17:51:51 - warning] Commodity SHFE.ao not found, contract ao2408 skipped
[2023.10.30 17:51:51 - warning] Commodity SHFE.ao not found, contract ao2312 skipped
[2023.10.30 17:51:51 - warning] Commodity SHFE.ao not found, contract ao2406 skipped
[2023.10.30 17:51:51 - warning] Commodity SHFE.ao not found, contract ao2407 skipped
[2023.10.30 17:51:51 - info ] Contracts configuration file ./common/contracts.json loaded, 6 exchanges
[2023.10.30 17:51:52 - info ] Trading enviroment initialzied with engine: HFT
[2023.10.30 17:51:52 - info ] Running mode: Production
[2023.10.30 17:51:52 - info ] 44 fee templates loaded
[2023.10.30 17:51:52 - warning] RiskMon is not configured, portfilio fund will be updated every 5s
[2023.10.30 17:51:52 - info ] Resampled bars will be aligned by section:  not
[2023.10.30 17:51:52 - debug] Storage initialized @ /
[2023.10.30 17:51:52 - info ] No adjusting factor file configured, loading skipped
[2023.10.30 17:51:52 - info ] Data manager initialized
[2023.10.30 17:51:53 - info ] [tts24] Parser module E:/wondertrader/src/WtRunner/parsers/ParserCTP.dll loaded
[2023.10.30 17:51:53 - info ] [tts24] Parser initialzied, check_time: false
[2023.10.30 17:51:53 - info ] 1 parsers loaded
[2023.10.30 17:51:53 - warning] [tts24] Risk control rule of trading channel not activated
[2023.10.30 17:51:53 - info ] [tts24] Trader module E:/wondertrader/src/WtRunner/traders/TraderCTP.dll loaded
[2023.10.30 17:51:53 - info ] 1 traders loaded
[2023.10.30 17:51:54 - info ] HFT strategy factory[WtHftStraFact] loaded
[2023.10.30 17:51:54 - info ] 1 HFT strategy factories in directory[E:/wondertrader/src/WtRunner/hft/] loaded
[2023.10.30 17:51:59 - info ] 1 parsers started
[2023.10.30 17:52:01 - info ] registerFront: tcp://122.51.136.165:20002
[2023.10.30 17:52:01 - info ] 1 trading channels started
[2023.10.30 17:52:18 - debug] His min1 bars of SHFE.au.2311 loaded, 0 from history, 0 from realtime
[2023.10.30 17:52:22 - info ] Market Data subscribed: SHFE.au.2311
[2023.10.30 17:52:25 - info ] 回调策略on_init
[2023.10.30 17:55:22 - warning] No session configured for INE.ec
[2023.10.30 17:55:22 - warning] No session configured for SHFE.ao
[2023.10.30 17:55:22 - info ] Commodities configuration file ./common/commodities.json loaded
[2023.10.30 17:55:22 - warning] Commodity INE.ec not found, contract ec2404 skipped
[2023.10.30 17:55:22 - warning] Commodity INE.ec not found, contract ec2408 skipped
[2023.10.30 17:55:22 - warning] Commodity INE.ec not found, contract ec2410 skipped
[2023.10.30 17:55:22 - warning] Commodity INE.ec not found, contract ec2412 skipped
[2023.10.30 17:55:22 - warning] Commodity INE.ec not found, contract ec2406 skipped
[2023.10.30 17:55:22 - warning] Commodity SHFE.ao not found, contract ao2404 skipped
[2023.10.30 17:55:22 - warning] Commodity SHFE.ao not found, contract ao2311 skipped
[2023.10.30 17:55:22 - warning] Commodity SHFE.ao not found, contract ao2402 skipped
[2023.10.30 17:55:22 - warning] Commodity SHFE.ao not found, contract ao2405 skipped
[2023.10.30 17:55:22 - warning] Commodity SHFE.ao not found, contract ao2403 skipped
[2023.10.30 17:55:22 - warning] Commodity SHFE.ao not found, contract ao2401 skipped
[2023.10.30 17:55:22 - warning] Commodity SHFE.ao not found, contract ao2408 skipped
[2023.10.30 17:55:22 - warning] Commodity SHFE.ao not found, contract ao2312 skipped
[2023.10.30 17:55:22 - warning] Commodity SHFE.ao not found, contract ao2406 skipped
[2023.10.30 17:55:22 - warning] Commodity SHFE.ao not found, contract ao2407 skipped
[2023.10.30 17:55:22 - info ] Contracts configuration file ./common/contracts.json loaded, 6 exchanges
[2023.10.30 17:55:23 - info ] Trading enviroment initialzied with engine: HFT
[2023.10.30 17:55:23 - info ] Running mode: Production
[2023.10.30 17:55:23 - info ] 44 fee templates loaded
[2023.10.30 17:55:23 - warning] RiskMon is not configured, portfilio fund will be updated every 5s
[2023.10.30 17:55:23 - info ] Resampled bars will be aligned by section:  not
[2023.10.30 17:55:23 - debug] Storage initialized @ /
[2023.10.30 17:55:23 - info ] No adjusting factor file configured, loading skipped
[2023.10.30 17:55:23 - info ] Data manager initialized
[2023.10.30 17:55:24 - info ] [tts24] Parser module E:/wondertrader/src/WtRunner/parsers/ParserCTP.dll loaded
[2023.10.30 17:55:24 - info ] [tts24] Parser initialzied, check_time: false
[2023.10.30 17:55:24 - info ] 1 parsers loaded
[2023.10.30 17:55:24 - warning] [tts24] Risk control rule of trading channel not activated
[2023.10.30 17:55:24 - info ] [tts24] Trader module E:/wondertrader/src/WtRunner/traders/TraderCTP.dll loaded
[2023.10.30 17:55:24 - info ] 1 traders loaded
[2023.10.30 17:55:27 - info ] HFT strategy factory[WtHftStraFact] loaded
[2023.10.30 17:55:27 - info ] 1 HFT strategy factories in directory[E:/wondertrader/src/WtRunner/hft/] loaded
[2023.10.30 17:55:35 - info ] 1 parsers started
[2023.10.30 17:55:38 - info ] registerFront: tcp://122.51.136.165:20002
[2023.10.30 17:55:38 - info ] 1 trading channels started
[2023.10.30 17:55:44 - debug] His min1 bars of SHFE.au.2311 loaded, 0 from history, 0 from realtime
[2023.10.30 17:55:48 - info ] Market Data subscribed: SHFE.au.2311
[2023.10.30 17:55:49 - info ] 回调策略on_init
